<?xml version="1.0" encoding="UTF-8"?>
<coverage generated="1760990556919" clover="3.2.0">
  <project timestamp="1760990556920" name="All files">
    <metrics statements="373" coveredstatements="318" conditionals="4089" coveredconditionals="769" methods="1408" coveredmethods="358" elements="5870" coveredelements="1445" complexity="0" loc="373" ncloc="373" packages="9" files="14" classes="14"/>
    <package name="src">
      <metrics statements="27" coveredstatements="25" conditionals="10" coveredconditionals="4" methods="4" coveredmethods="2"/>
      <file name="app.js" path="/home/roberto/Work/tutorials/task-manager-api/src/app.js">
        <metrics statements="27" coveredstatements="25" conditionals="10" coveredconditionals="4" methods="4" coveredmethods="2"/>
        <line num="1" count="2" type="stmt"/>
        <line num="2" count="2" type="stmt"/>
        <line num="3" count="2" type="stmt"/>
        <line num="4" count="2" type="stmt"/>
        <line num="5" count="2" type="stmt"/>
        <line num="6" count="2" type="stmt"/>
        <line num="9" count="2" type="stmt"/>
        <line num="10" count="2" type="stmt"/>
        <line num="12" count="2" type="stmt"/>
        <line num="15" count="2" type="stmt"/>
        <line num="25" count="2" type="stmt"/>
        <line num="33" count="2" type="stmt"/>
        <line num="43" count="44" type="stmt"/>
        <line num="46" count="2" type="stmt"/>
        <line num="49" count="2" type="stmt"/>
        <line num="50" count="2" type="stmt"/>
        <line num="53" count="2" type="stmt"/>
        <line num="54" count="44" type="stmt"/>
        <line num="59" count="44" type="stmt"/>
        <line num="63" count="2" type="stmt"/>
        <line num="64" count="0" type="stmt"/>
        <line num="72" count="2" type="stmt"/>
        <line num="73" count="2" type="stmt"/>
        <line num="76" count="2" type="stmt"/>
        <line num="77" count="0" type="stmt"/>
        <line num="85" count="2" type="stmt"/>
        <line num="87" count="2" type="stmt"/>
      </file>
    </package>
    <package name="src.controllers">
      <metrics statements="48" coveredstatements="43" conditionals="4" coveredconditionals="4" methods="8" coveredmethods="8"/>
      <file name="authController.js" path="/home/roberto/Work/tutorials/task-manager-api/src/controllers/authController.js">
        <metrics statements="16" coveredstatements="15" conditionals="0" coveredconditionals="0" methods="3" coveredmethods="3"/>
        <line num="1" count="2" type="stmt"/>
        <line num="2" count="2" type="stmt"/>
        <line num="6" count="16" type="stmt"/>
        <line num="7" count="16" type="stmt"/>
        <line num="9" count="16" type="stmt"/>
        <line num="11" count="15" type="stmt"/>
        <line num="20" count="1" type="stmt"/>
        <line num="25" count="2" type="stmt"/>
        <line num="26" count="2" type="stmt"/>
        <line num="28" count="2" type="stmt"/>
        <line num="30" count="1" type="stmt"/>
        <line num="39" count="1" type="stmt"/>
        <line num="44" count="1" type="stmt"/>
        <line num="46" count="1" type="stmt"/>
        <line num="53" count="0" type="stmt"/>
        <line num="58" count="2" type="stmt"/>
      </file>
      <file name="taskController.js" path="/home/roberto/Work/tutorials/task-manager-api/src/controllers/taskController.js">
        <metrics statements="32" coveredstatements="28" conditionals="4" coveredconditionals="4" methods="5" coveredmethods="5"/>
        <line num="1" count="2" type="stmt"/>
        <line num="2" count="2" type="stmt"/>
        <line num="6" count="13" type="stmt"/>
        <line num="7" count="13" type="stmt"/>
        <line num="8" count="13" type="stmt"/>
        <line num="10" count="13" type="stmt"/>
        <line num="16" count="0" type="stmt"/>
        <line num="21" count="3" type="stmt"/>
        <line num="22" count="3" type="stmt"/>
        <line num="23" count="3" type="stmt"/>
        <line num="31" count="3" type="stmt"/>
        <line num="33" count="3" type="stmt"/>
        <line num="38" count="0" type="stmt"/>
        <line num="43" count="1" type="stmt"/>
        <line num="44" count="1" type="stmt"/>
        <line num="45" count="1" type="stmt"/>
        <line num="47" count="1" type="stmt"/>
        <line num="49" count="0" type="stmt"/>
        <line num="54" count="1" type="stmt"/>
        <line num="59" count="2" type="stmt"/>
        <line num="60" count="2" type="stmt"/>
        <line num="61" count="2" type="stmt"/>
        <line num="63" count="2" type="stmt"/>
        <line num="65" count="1" type="stmt"/>
        <line num="71" count="1" type="stmt"/>
        <line num="76" count="1" type="stmt"/>
        <line num="77" count="1" type="stmt"/>
        <line num="78" count="1" type="stmt"/>
        <line num="80" count="1" type="stmt"/>
        <line num="82" count="1" type="stmt"/>
        <line num="87" count="0" type="stmt"/>
        <line num="92" count="2" type="stmt"/>
      </file>
    </package>
    <package name="src.database">
      <metrics statements="5" coveredstatements="5" conditionals="2" coveredconditionals="2" methods="1" coveredmethods="1"/>
      <file name="prisma.js" path="/home/roberto/Work/tutorials/task-manager-api/src/database/prisma.js">
        <metrics statements="5" coveredstatements="5" conditionals="2" coveredconditionals="2" methods="1" coveredmethods="1"/>
        <line num="1" count="2" type="stmt"/>
        <line num="7" count="6" type="cond" truecount="2" falsecount="0"/>
        <line num="8" count="2" type="stmt"/>
        <line num="16" count="6" type="stmt"/>
        <line num="19" count="2" type="stmt"/>
      </file>
    </package>
    <package name="src.generated.prisma">
      <metrics statements="59" coveredstatements="54" conditionals="8" coveredconditionals="4" methods="1" coveredmethods="0"/>
      <file name="index.js" path="/home/roberto/Work/tutorials/task-manager-api/src/generated/prisma/index.js">
        <metrics statements="59" coveredstatements="54" conditionals="8" coveredconditionals="4" methods="1" coveredmethods="0"/>
        <line num="5" count="2" type="stmt"/>
        <line num="29" count="2" type="stmt"/>
        <line num="32" count="2" type="stmt"/>
        <line num="34" count="2" type="stmt"/>
        <line num="35" count="2" type="stmt"/>
        <line num="41" count="2" type="stmt"/>
        <line num="46" count="2" type="stmt"/>
        <line num="47" count="2" type="stmt"/>
        <line num="48" count="2" type="stmt"/>
        <line num="49" count="2" type="stmt"/>
        <line num="50" count="2" type="stmt"/>
        <line num="51" count="2" type="stmt"/>
        <line num="56" count="2" type="stmt"/>
        <line num="57" count="2" type="stmt"/>
        <line num="58" count="2" type="stmt"/>
        <line num="59" count="2" type="stmt"/>
        <line num="60" count="2" type="stmt"/>
        <line num="65" count="2" type="stmt"/>
        <line num="66" count="2" type="stmt"/>
        <line num="71" count="2" type="stmt"/>
        <line num="72" count="2" type="stmt"/>
        <line num="73" count="2" type="stmt"/>
        <line num="75" count="2" type="stmt"/>
        <line num="84" count="2" type="stmt"/>
        <line num="89" count="2" type="stmt"/>
        <line num="96" count="2" type="stmt"/>
        <line num="105" count="2" type="stmt"/>
        <line num="117" count="2" type="stmt"/>
        <line num="124" count="2" type="stmt"/>
        <line num="129" count="2" type="stmt"/>
        <line num="134" count="2" type="stmt"/>
        <line num="139" count="2" type="stmt"/>
        <line num="143" count="2" type="stmt"/>
        <line num="150" count="2" type="stmt"/>
        <line num="157" count="2" type="stmt"/>
        <line num="166" count="2" type="stmt"/>
        <line num="220" count="2" type="stmt"/>
        <line num="222" count="2" type="stmt"/>
        <line num="223" count="2" type="cond" truecount="1" falsecount="1"/>
        <line num="224" count="0" type="stmt"/>
        <line num="229" count="0" type="cond" truecount="0" falsecount="2"/>
        <line num="230" count="0" type="stmt"/>
        <line num="233" count="0" type="stmt"/>
        <line num="234" count="0" type="stmt"/>
        <line num="237" count="2" type="stmt"/>
        <line num="238" count="2" type="stmt"/>
        <line num="239" count="2" type="stmt"/>
        <line num="240" count="2" type="stmt"/>
        <line num="243" count="2" type="stmt"/>
        <line num="245" count="2" type="stmt"/>
        <line num="250" count="2" type="stmt"/>
        <line num="251" count="2" type="stmt"/>
        <line num="252" count="2" type="stmt"/>
        <line num="255" count="2" type="stmt"/>
        <line num="256" count="2" type="stmt"/>
        <line num="259" count="2" type="stmt"/>
        <line num="260" count="2" type="stmt"/>
        <line num="262" count="2" type="stmt"/>
        <line num="263" count="2" type="stmt"/>
      </file>
    </package>
    <package name="src.generated.prisma.runtime">
      <metrics statements="50" coveredstatements="32" conditionals="4000" coveredconditionals="711" methods="1376" coveredmethods="330"/>
      <file name="library.js" path="/home/roberto/Work/tutorials/task-manager-api/src/generated/prisma/runtime/library.js">
        <metrics statements="50" coveredstatements="32" conditionals="4000" coveredconditionals="711" methods="1376" coveredmethods="330"/>
        <line num="4" count="1986" type="cond" truecount="79" falsecount="91"/>
        <line num="5" count="6" type="cond" truecount="3" falsecount="1"/>
        <line num="6" count="410" type="cond" truecount="59" falsecount="131"/>
        <line num="7" count="132" type="cond" truecount="42" falsecount="148"/>
        <line num="8" count="12" type="cond" truecount="16" falsecount="23"/>
        <line num="9" count="4" type="cond" truecount="60" falsecount="126"/>
        <line num="12" count="4" type="cond" truecount="1" falsecount="10"/>
        <line num="14" count="0" type="cond" truecount="0" falsecount="6"/>
        <line num="15" count="6" type="cond" truecount="14" falsecount="24"/>
        <line num="16" count="2" type="cond" truecount="2" falsecount="12"/>
        <line num="18" count="0" type="stmt"/>
        <line num="22" count="0" type="cond" truecount="0" falsecount="4"/>
        <line num="24" count="584" type="cond" truecount="99" falsecount="1235"/>
        <line num="25" count="0" type="stmt"/>
        <line num="26" count="0" type="stmt"/>
        <line num="27" count="0" type="stmt"/>
        <line num="28" count="2" type="cond" truecount="0" falsecount="40"/>
        <line num="29" count="2" type="cond" truecount="0" falsecount="39"/>
        <line num="30" count="2" type="cond" truecount="0" falsecount="75"/>
        <line num="31" count="127" type="cond" truecount="1" falsecount="137"/>
        <line num="32" count="1494" type="cond" truecount="104" falsecount="198"/>
        <line num="33" count="2" type="stmt"/>
        <line num="34" count="604" type="cond" truecount="29" falsecount="243"/>
        <line num="36" count="4" type="cond" truecount="4" falsecount="2"/>
        <line num="38" count="0" type="stmt"/>
        <line num="39" count="0" type="stmt"/>
        <line num="40" count="0" type="stmt"/>
        <line num="45" count="0" type="stmt"/>
        <line num="46" count="0" type="cond" truecount="0" falsecount="2"/>
        <line num="48" count="0" type="stmt"/>
        <line num="55" count="0" type="stmt"/>
        <line num="60" count="0" type="stmt"/>
        <line num="67" count="4" type="cond" truecount="10" falsecount="21"/>
        <line num="68" count="0" type="stmt"/>
        <line num="69" count="2" type="cond" truecount="0" falsecount="7"/>
        <line num="72" count="0" type="stmt"/>
        <line num="104" count="0" type="stmt"/>
        <line num="113" count="647" type="cond" truecount="25" falsecount="134"/>
        <line num="114" count="156" type="cond" truecount="22" falsecount="141"/>
        <line num="115" count="152" type="cond" truecount="23" falsecount="33"/>
        <line num="116" count="4" type="cond" truecount="0" falsecount="29"/>
        <line num="117" count="4" type="cond" truecount="15" falsecount="64"/>
        <line num="124" count="934" type="cond" truecount="38" falsecount="109"/>
        <line num="125" count="2" type="cond" truecount="8" falsecount="6"/>
        <line num="126" count="2" type="cond" truecount="4" falsecount="2"/>
        <line num="127" count="2" type="cond" truecount="1" falsecount="1"/>
        <line num="128" count="0" type="cond" truecount="0" falsecount="14"/>
        <line num="129" count="2" type="cond" truecount="3" falsecount="75"/>
        <line num="133" count="150" type="cond" truecount="47" falsecount="92"/>
        <line num="134" count="4" type="cond" truecount="2" falsecount="10"/>
      </file>
    </package>
    <package name="src.middleware">
      <metrics statements="63" coveredstatements="49" conditionals="26" coveredconditionals="17" methods="5" coveredmethods="4"/>
      <file name="auth.js" path="/home/roberto/Work/tutorials/task-manager-api/src/middleware/auth.js">
        <metrics statements="21" coveredstatements="17" conditionals="6" coveredconditionals="4" methods="1" coveredmethods="1"/>
        <line num="1" count="2" type="stmt"/>
        <line num="2" count="2" type="stmt"/>
        <line num="3" count="2" type="stmt"/>
        <line num="5" count="2" type="stmt"/>
        <line num="7" count="2" type="stmt"/>
        <line num="8" count="24" type="stmt"/>
        <line num="10" count="24" type="stmt"/>
        <line num="12" count="24" type="cond" truecount="2" falsecount="0"/>
        <line num="13" count="2" type="stmt"/>
        <line num="20" count="22" type="stmt"/>
        <line num="22" count="22" type="cond" truecount="1" falsecount="1"/>
        <line num="23" count="0" type="stmt"/>
        <line num="30" count="22" type="stmt"/>
        <line num="33" count="22" type="stmt"/>
        <line num="43" count="22" type="cond" truecount="1" falsecount="1"/>
        <line num="44" count="0" type="stmt"/>
        <line num="51" count="22" type="stmt"/>
        <line num="52" count="22" type="stmt"/>
        <line num="55" count="0" type="stmt"/>
        <line num="56" count="0" type="stmt"/>
        <line num="63" count="2" type="stmt"/>
      </file>
      <file name="errorHandler.js" path="/home/roberto/Work/tutorials/task-manager-api/src/middleware/errorHandler.js">
        <metrics statements="24" coveredstatements="14" conditionals="16" coveredconditionals="9" methods="2" coveredmethods="1"/>
        <line num="1" count="2" type="stmt"/>
        <line num="3" count="2" type="stmt"/>
        <line num="4" count="4" type="stmt"/>
        <line num="5" count="4" type="stmt"/>
        <line num="8" count="4" type="stmt"/>
        <line num="17" count="4" type="cond" truecount="1" falsecount="1"/>
        <line num="18" count="0" type="stmt"/>
        <line num="19" count="0" type="stmt"/>
        <line num="22" count="4" type="cond" truecount="1" falsecount="1"/>
        <line num="23" count="0" type="stmt"/>
        <line num="24" count="0" type="stmt"/>
        <line num="28" count="4" type="cond" truecount="1" falsecount="1"/>
        <line num="29" count="0" type="stmt"/>
        <line num="30" count="0" type="stmt"/>
        <line num="33" count="4" type="cond" truecount="1" falsecount="1"/>
        <line num="34" count="0" type="stmt"/>
        <line num="35" count="0" type="stmt"/>
        <line num="39" count="4" type="cond" truecount="1" falsecount="1"/>
        <line num="40" count="0" type="stmt"/>
        <line num="41" count="0" type="stmt"/>
        <line num="45" count="4" type="cond" truecount="2" falsecount="0"/>
        <line num="46" count="4" type="cond" truecount="1" falsecount="1"/>
        <line num="48" count="4" type="stmt"/>
        <line num="55" count="2" type="stmt"/>
      </file>
      <file name="validation.js" path="/home/roberto/Work/tutorials/task-manager-api/src/middleware/validation.js">
        <metrics statements="18" coveredstatements="18" conditionals="4" coveredconditionals="4" methods="2" coveredmethods="2"/>
        <line num="1" count="2" type="stmt"/>
        <line num="4" count="2" type="stmt"/>
        <line num="5" count="41" type="stmt"/>
        <line num="7" count="41" type="cond" truecount="2" falsecount="0"/>
        <line num="8" count="3" type="stmt"/>
        <line num="9" count="3" type="stmt"/>
        <line num="10" count="4" type="cond" truecount="2" falsecount="0"/>
        <line num="11" count="3" type="stmt"/>
        <line num="13" count="4" type="stmt"/>
        <line num="16" count="3" type="stmt"/>
        <line num="22" count="38" type="stmt"/>
        <line num="26" count="2" type="stmt"/>
        <line num="44" count="2" type="stmt"/>
        <line num="56" count="2" type="stmt"/>
        <line num="95" count="2" type="stmt"/>
        <line num="124" count="2" type="stmt"/>
        <line num="132" count="2" type="stmt"/>
        <line num="152" count="2" type="stmt"/>
      </file>
    </package>
    <package name="src.routes">
      <metrics statements="23" coveredstatements="23" conditionals="0" coveredconditionals="0" methods="0" coveredmethods="0"/>
      <file name="auth.js" path="/home/roberto/Work/tutorials/task-manager-api/src/routes/auth.js">
        <metrics statements="11" coveredstatements="11" conditionals="0" coveredconditionals="0" methods="0" coveredmethods="0"/>
        <line num="1" count="2" type="stmt"/>
        <line num="2" count="2" type="stmt"/>
        <line num="3" count="2" type="stmt"/>
        <line num="4" count="2" type="stmt"/>
        <line num="5" count="2" type="stmt"/>
        <line num="7" count="2" type="stmt"/>
        <line num="10" count="2" type="stmt"/>
        <line num="23" count="2" type="stmt"/>
        <line num="24" count="2" type="stmt"/>
        <line num="27" count="2" type="stmt"/>
        <line num="29" count="2" type="stmt"/>
      </file>
      <file name="tasks.js" path="/home/roberto/Work/tutorials/task-manager-api/src/routes/tasks.js">
        <metrics statements="12" coveredstatements="12" conditionals="0" coveredconditionals="0" methods="0" coveredmethods="0"/>
        <line num="1" count="2" type="stmt"/>
        <line num="2" count="2" type="stmt"/>
        <line num="3" count="2" type="stmt"/>
        <line num="9" count="2" type="stmt"/>
        <line num="11" count="2" type="stmt"/>
        <line num="14" count="2" type="stmt"/>
        <line num="17" count="2" type="stmt"/>
        <line num="18" count="2" type="stmt"/>
        <line num="19" count="2" type="stmt"/>
        <line num="20" count="2" type="stmt"/>
        <line num="21" count="2" type="stmt"/>
        <line num="23" count="2" type="stmt"/>
      </file>
    </package>
    <package name="src.services">
      <metrics statements="89" coveredstatements="78" conditionals="37" coveredconditionals="26" methods="12" coveredmethods="12"/>
      <file name="authService.js" path="/home/roberto/Work/tutorials/task-manager-api/src/services/authService.js">
        <metrics statements="36" coveredstatements="33" conditionals="8" coveredconditionals="6" methods="4" coveredmethods="4"/>
        <line num="1" count="2" type="stmt"/>
        <line num="2" count="2" type="stmt"/>
        <line num="3" count="2" type="stmt"/>
        <line num="4" count="2" type="stmt"/>
        <line num="6" count="2" type="stmt"/>
        <line num="11" count="16" type="stmt"/>
        <line num="12" count="16" type="stmt"/>
        <line num="14" count="16" type="stmt"/>
        <line num="18" count="16" type="cond" truecount="2" falsecount="0"/>
        <line num="19" count="1" type="stmt"/>
        <line num="23" count="15" type="stmt"/>
        <line num="26" count="15" type="stmt"/>
        <line num="41" count="15" type="stmt"/>
        <line num="43" count="15" type="stmt"/>
        <line num="44" count="15" type="stmt"/>
        <line num="47" count="1" type="stmt"/>
        <line num="48" count="1" type="stmt"/>
        <line num="53" count="2" type="stmt"/>
        <line num="55" count="2" type="stmt"/>
        <line num="59" count="2" type="cond" truecount="1" falsecount="1"/>
        <line num="60" count="0" type="stmt"/>
        <line num="64" count="2" type="stmt"/>
        <line num="66" count="2" type="cond" truecount="2" falsecount="0"/>
        <line num="67" count="1" type="stmt"/>
        <line num="71" count="1" type="stmt"/>
        <line num="74" count="1" type="stmt"/>
        <line num="76" count="1" type="stmt"/>
        <line num="78" count="1" type="stmt"/>
        <line num="81" count="1" type="stmt"/>
        <line num="82" count="1" type="stmt"/>
        <line num="87" count="16" type="stmt"/>
        <line num="99" count="22" type="stmt"/>
        <line num="100" count="22" type="stmt"/>
        <line num="102" count="0" type="stmt"/>
        <line num="103" count="0" type="stmt"/>
        <line num="108" count="2" type="stmt"/>
      </file>
      <file name="taskService.js" path="/home/roberto/Work/tutorials/task-manager-api/src/services/taskService.js">
        <metrics statements="53" coveredstatements="45" conditionals="29" coveredconditionals="20" methods="8" coveredmethods="8"/>
        <line num="1" count="2" type="stmt"/>
        <line num="2" count="2" type="stmt"/>
        <line num="4" count="2" type="stmt"/>
        <line num="8" count="13" type="stmt"/>
        <line num="10" count="13" type="stmt"/>
        <line num="12" count="13" type="stmt"/>
        <line num="13" count="13" type="cond" truecount="4" falsecount="0"/>
        <line num="15" count="1" type="stmt"/>
        <line num="16" count="2" type="stmt"/>
        <line num="21" count="2" type="stmt"/>
        <line num="26" count="13" type="stmt"/>
        <line num="48" count="13" type="stmt"/>
        <line num="49" count="13" type="stmt"/>
        <line num="51" count="13" type="stmt"/>
        <line num="53" count="0" type="stmt"/>
        <line num="54" count="0" type="stmt"/>
        <line num="65" count="3" type="stmt"/>
        <line num="67" count="3" type="stmt"/>
        <line num="70" count="3" type="stmt"/>
        <line num="82" count="3" type="stmt"/>
        <line num="83" count="3" type="stmt"/>
        <line num="104" count="6" type="stmt"/>
        <line num="106" count="3" type="stmt"/>
        <line num="116" count="0" type="stmt"/>
        <line num="117" count="0" type="stmt"/>
        <line num="122" count="1" type="stmt"/>
        <line num="123" count="1" type="stmt"/>
        <line num="137" count="1" type="cond" truecount="1" falsecount="1"/>
        <line num="138" count="1" type="stmt"/>
        <line num="141" count="0" type="stmt"/>
        <line num="143" count="1" type="stmt"/>
        <line num="144" count="1" type="stmt"/>
        <line num="149" count="2" type="stmt"/>
        <line num="151" count="2" type="stmt"/>
        <line num="158" count="2" type="cond" truecount="2" falsecount="0"/>
        <line num="159" count="1" type="stmt"/>
        <line num="163" count="1" type="stmt"/>
        <line num="178" count="1" type="stmt"/>
        <line num="179" count="1" type="stmt"/>
        <line num="181" count="1" type="stmt"/>
        <line num="182" count="1" type="stmt"/>
        <line num="187" count="1" type="stmt"/>
        <line num="189" count="1" type="stmt"/>
        <line num="196" count="1" type="cond" truecount="1" falsecount="1"/>
        <line num="197" count="0" type="stmt"/>
        <line num="201" count="1" type="stmt"/>
        <line num="205" count="1" type="stmt"/>
        <line num="206" count="1" type="stmt"/>
        <line num="208" count="0" type="stmt"/>
        <line num="209" count="0" type="stmt"/>
        <line num="215" count="20" type="stmt"/>
        <line num="224" count="2" type="cond" truecount="1" falsecount="1"/>
        <line num="233" count="2" type="stmt"/>
      </file>
    </package>
    <package name="src.utils">
      <metrics statements="9" coveredstatements="9" conditionals="2" coveredconditionals="1" methods="1" coveredmethods="1"/>
      <file name="logger.js" path="/home/roberto/Work/tutorials/task-manager-api/src/utils/logger.js">
        <metrics statements="9" coveredstatements="9" conditionals="2" coveredconditionals="1" methods="1" coveredmethods="1"/>
        <line num="1" count="2" type="stmt"/>
        <line num="4" count="2" type="stmt"/>
        <line num="12" count="2" type="stmt"/>
        <line num="20" count="2" type="stmt"/>
        <line num="24" count="2" type="stmt"/>
        <line num="28" count="91" type="stmt"/>
        <line num="33" count="2" type="stmt"/>
        <line num="59" count="2" type="stmt"/>
        <line num="66" count="2" type="stmt"/>
      </file>
    </package>
  </project>
</coverage>
