TN:
SF:src/app.js
FN:43,(anonymous_0)
FN:53,(anonymous_1)
FN:63,(anonymous_2)
FN:76,(anonymous_3)
FNF:4
FNH:2
FNDA:44,(anonymous_0)
FNDA:44,(anonymous_1)
FNDA:0,(anonymous_2)
FNDA:0,(anonymous_3)
DA:1,2
DA:2,2
DA:3,2
DA:4,2
DA:5,2
DA:6,2
DA:9,2
DA:10,2
DA:12,2
DA:15,2
DA:25,2
DA:33,2
DA:43,44
DA:46,2
DA:49,2
DA:50,2
DA:53,2
DA:54,44
DA:59,44
DA:63,2
DA:64,0
DA:72,2
DA:73,2
DA:76,2
DA:77,0
DA:85,2
DA:87,2
LF:27
LH:25
BRDA:26,0,0,0
BRDA:26,0,1,2
BRDA:34,1,0,2
BRDA:34,1,1,0
BRDA:35,2,0,2
BRDA:35,2,1,0
BRDA:38,3,0,2
BRDA:38,3,1,0
BRDA:67,4,0,0
BRDA:67,4,1,0
BRF:10
BRH:4
end_of_record
TN:
SF:src/controllers/authController.js
FN:5,(anonymous_0)
FN:24,(anonymous_1)
FN:43,(anonymous_2)
FNF:3
FNH:3
FNDA:16,(anonymous_0)
FNDA:2,(anonymous_1)
FNDA:1,(anonymous_2)
DA:1,2
DA:2,2
DA:6,16
DA:7,16
DA:9,16
DA:11,15
DA:20,1
DA:25,2
DA:26,2
DA:28,2
DA:30,1
DA:39,1
DA:44,1
DA:46,1
DA:53,0
DA:58,2
LF:16
LH:15
BRF:0
BRH:0
end_of_record
TN:
SF:src/controllers/taskController.js
FN:5,(anonymous_0)
FN:20,(anonymous_1)
FN:42,(anonymous_2)
FN:58,(anonymous_3)
FN:75,(anonymous_4)
FNF:5
FNH:5
FNDA:13,(anonymous_0)
FNDA:3,(anonymous_1)
FNDA:1,(anonymous_2)
FNDA:2,(anonymous_3)
FNDA:1,(anonymous_4)
DA:1,2
DA:2,2
DA:6,13
DA:7,13
DA:8,13
DA:10,13
DA:16,0
DA:21,3
DA:22,3
DA:23,3
DA:31,3
DA:33,3
DA:38,0
DA:43,1
DA:44,1
DA:45,1
DA:47,1
DA:49,0
DA:54,1
DA:59,2
DA:60,2
DA:61,2
DA:63,2
DA:65,1
DA:71,1
DA:76,1
DA:77,1
DA:78,1
DA:80,1
DA:82,1
DA:87,0
DA:92,2
LF:32
LH:28
BRDA:24,0,0,3
BRDA:24,0,1,2
BRDA:25,1,0,3
BRDA:25,1,1,2
BRF:4
BRH:4
end_of_record
TN:
SF:src/database/prisma.js
FN:6,getPrismaClient
FNF:1
FNH:1
FNDA:6,getPrismaClient
DA:1,2
DA:7,6
DA:8,2
DA:16,6
DA:19,2
LF:5
LH:5
BRDA:7,0,0,2
BRDA:7,0,1,4
BRF:2
BRH:2
end_of_record
TN:
SF:src/generated/prisma/index.js
FN:229,(anonymous_0)
FNF:1
FNH:0
FNDA:0,(anonymous_0)
DA:5,2
DA:29,2
DA:32,2
DA:34,2
DA:35,2
DA:41,2
DA:46,2
DA:47,2
DA:48,2
DA:49,2
DA:50,2
DA:51,2
DA:56,2
DA:57,2
DA:58,2
DA:59,2
DA:60,2
DA:65,2
DA:66,2
DA:71,2
DA:72,2
DA:73,2
DA:75,2
DA:84,2
DA:89,2
DA:96,2
DA:105,2
DA:117,2
DA:124,2
DA:129,2
DA:134,2
DA:139,2
DA:143,2
DA:150,2
DA:157,2
DA:166,2
DA:220,2
DA:222,2
DA:223,2
DA:224,0
DA:229,0
DA:230,0
DA:233,0
DA:234,0
DA:237,2
DA:238,2
DA:239,2
DA:240,2
DA:243,2
DA:245,2
DA:250,2
DA:251,2
DA:252,2
DA:255,2
DA:256,2
DA:259,2
DA:260,2
DA:262,2
DA:263,2
LF:59
LH:54
BRDA:223,0,0,0
BRDA:223,0,1,2
BRDA:229,1,0,0
BRDA:229,1,1,0
BRDA:246,2,0,2
BRDA:246,2,1,0
BRDA:247,3,0,2
BRDA:247,3,1,2
BRF:8
BRH:4
end_of_record
TN:
SF:src/generated/prisma/runtime/library.js
FN:4,(anonymous_0)
FN:4,(anonymous_1)
FN:4,(anonymous_2)
FN:4,(anonymous_3)
FN:4,(anonymous_4)
FN:4,(anonymous_5)
FN:4,(anonymous_6)
FN:4,(anonymous_7)
FN:4,(anonymous_8)
FN:4,(anonymous_9)
FN:4,(anonymous_10)
FN:4,(anonymous_11)
FN:4,yi
FN:4,Ei
FN:4,(anonymous_14)
FN:4,Mc
FN:4,(anonymous_16)
FN:4,ls
FN:4,(anonymous_18)
FN:4,bi
FN:4,(anonymous_20)
FN:4,(anonymous_21)
FN:4,(anonymous_22)
FN:4,(anonymous_23)
FN:4,(anonymous_24)
FN:4,(anonymous_25)
FN:4,(anonymous_26)
FN:4,(anonymous_27)
FN:4,(anonymous_28)
FN:4,(anonymous_29)
FN:4,ap
FN:6,lp
FN:6,up
FN:6,ot
FN:6,Ss
FN:6,cp
FN:6,Rs
FN:6,Ps
FN:6,pp
FN:6,dp
FN:6,mp
FN:6,fp
FN:6,gp
FN:6,(anonymous_43)
FN:6,(anonymous_44)
FN:6,(anonymous_45)
FN:6,(anonymous_46)
FN:6,e
FN:6,(anonymous_48)
FN:6,(anonymous_49)
FN:6,(anonymous_50)
FN:6,(anonymous_51)
FN:6,(anonymous_52)
FN:6,(anonymous_53)
FN:6,(anonymous_54)
FN:6,(anonymous_55)
FN:6,(anonymous_56)
FN:6,(anonymous_57)
FN:6,(anonymous_58)
FN:6,(anonymous_59)
FN:6,(anonymous_60)
FN:6,(anonymous_61)
FN:6,(anonymous_62)
FN:6,(anonymous_63)
FN:6,(anonymous_64)
FN:6,(anonymous_65)
FN:6,(anonymous_66)
FN:6,(anonymous_67)
FN:6,(anonymous_68)
FN:6,(anonymous_69)
FN:6,(anonymous_70)
FN:6,(anonymous_71)
FN:6,(anonymous_72)
FN:6,(anonymous_73)
FN:6,(anonymous_74)
FN:6,(anonymous_75)
FN:6,(anonymous_76)
FN:6,(anonymous_77)
FN:6,(anonymous_78)
FN:6,(anonymous_79)
FN:6,(anonymous_80)
FN:6,(anonymous_81)
FN:6,(anonymous_82)
FN:6,ko
FN:6,(anonymous_84)
FN:6,_o
FN:6,(anonymous_86)
FN:6,No
FN:6,(anonymous_88)
FN:6,(anonymous_89)
FN:6,(anonymous_90)
FN:6,(anonymous_91)
FN:6,(anonymous_92)
FN:6,(anonymous_93)
FN:6,(anonymous_94)
FN:6,(anonymous_95)
FN:6,(anonymous_96)
FN:6,(anonymous_97)
FN:6,(anonymous_98)
FN:6,(anonymous_99)
FN:6,(anonymous_100)
FN:6,(anonymous_101)
FN:6,(anonymous_102)
FN:6,(anonymous_103)
FN:6,(anonymous_104)
FN:6,(anonymous_105)
FN:6,(anonymous_106)
FN:6,(anonymous_107)
FN:6,(anonymous_108)
FN:6,(anonymous_109)
FN:6,(anonymous_110)
FN:6,(anonymous_111)
FN:6,(anonymous_112)
FN:6,(anonymous_113)
FN:6,(anonymous_114)
FN:6,(anonymous_115)
FN:6,F
FN:6,(anonymous_117)
FN:6,(anonymous_118)
FN:6,(anonymous_119)
FN:6,(anonymous_120)
FN:6,(anonymous_121)
FN:6,(anonymous_122)
FN:6,(anonymous_123)
FN:6,(anonymous_124)
FN:6,Bu
FN:6,(anonymous_126)
FN:6,(anonymous_127)
FN:6,(anonymous_128)
FN:6,(anonymous_129)
FN:6,(anonymous_130)
FN:6,(anonymous_131)
FN:6,(anonymous_132)
FN:6,Uu
FN:6,(anonymous_134)
FN:6,Bo
FN:6,(anonymous_136)
FN:6,(anonymous_137)
FN:7,Uo
FN:7,ai
FN:7,Gt
FN:7,(anonymous_141)
FN:7,(anonymous_142)
FN:7,(anonymous_143)
FN:7,(anonymous_144)
FN:7,(anonymous_145)
FN:7,(anonymous_146)
FN:7,(anonymous_147)
FN:7,(anonymous_148)
FN:7,(anonymous_149)
FN:7,(anonymous_150)
FN:7,(anonymous_151)
FN:7,pe
FN:7,(anonymous_153)
FN:7,(anonymous_154)
FN:7,(anonymous_155)
FN:7,(anonymous_156)
FN:7,Qu
FN:7,(anonymous_158)
FN:7,(anonymous_159)
FN:7,(anonymous_160)
FN:7,(anonymous_161)
FN:7,(anonymous_162)
FN:7,q
FN:7,(anonymous_164)
FN:7,(anonymous_165)
FN:7,(anonymous_166)
FN:7,(anonymous_167)
FN:7,(anonymous_168)
FN:7,Wu
FN:7,(anonymous_170)
FN:7,(anonymous_171)
FN:7,(anonymous_172)
FN:7,(anonymous_173)
FN:7,(anonymous_174)
FN:7,(anonymous_175)
FN:7,A
FN:7,(anonymous_177)
FN:7,(anonymous_178)
FN:7,Qo
FN:7,(anonymous_180)
FN:7,(anonymous_181)
FN:7,(anonymous_182)
FN:7,(anonymous_183)
FN:7,ye
FN:7,Ve
FN:7,je
FN:7,(anonymous_187)
FN:7,(anonymous_188)
FN:7,(anonymous_189)
FN:7,(anonymous_190)
FN:7,(anonymous_191)
FN:7,(anonymous_192)
FN:7,(anonymous_193)
FN:7,(anonymous_194)
FN:7,(anonymous_195)
FN:7,(anonymous_196)
FN:7,(anonymous_197)
FN:7,(anonymous_198)
FN:7,(anonymous_199)
FN:7,(anonymous_200)
FN:7,(anonymous_201)
FN:7,(anonymous_202)
FN:7,(anonymous_203)
FN:7,(anonymous_204)
FN:7,(anonymous_205)
FN:7,(anonymous_206)
FN:7,(anonymous_207)
FN:7,(anonymous_208)
FN:7,(anonymous_209)
FN:7,(anonymous_210)
FN:7,(anonymous_211)
FN:7,(anonymous_212)
FN:7,(anonymous_213)
FN:7,(anonymous_214)
FN:7,(anonymous_215)
FN:7,(anonymous_216)
FN:7,(anonymous_217)
FN:7,(anonymous_218)
FN:7,(anonymous_219)
FN:7,(anonymous_220)
FN:7,(anonymous_221)
FN:7,(anonymous_222)
FN:7,(anonymous_223)
FN:7,(anonymous_224)
FN:7,(anonymous_225)
FN:7,(anonymous_226)
FN:7,(anonymous_227)
FN:7,(anonymous_228)
FN:7,(anonymous_229)
FN:7,(anonymous_230)
FN:7,(anonymous_231)
FN:7,(anonymous_232)
FN:7,(anonymous_233)
FN:7,(anonymous_234)
FN:7,(anonymous_235)
FN:7,(anonymous_236)
FN:7,(anonymous_237)
FN:7,(anonymous_238)
FN:7,(anonymous_239)
FN:7,(anonymous_240)
FN:7,(anonymous_241)
FN:7,(anonymous_242)
FN:7,(anonymous_243)
FN:7,(anonymous_244)
FN:7,(anonymous_245)
FN:7,(anonymous_246)
FN:7,(anonymous_247)
FN:7,(anonymous_248)
FN:7,(anonymous_249)
FN:7,(anonymous_250)
FN:7,(anonymous_251)
FN:7,(anonymous_252)
FN:7,(anonymous_253)
FN:7,(anonymous_254)
FN:7,hr
FN:7,(anonymous_256)
FN:7,(anonymous_257)
FN:7,(anonymous_258)
FN:7,(anonymous_259)
FN:7,(anonymous_260)
FN:7,(anonymous_261)
FN:7,(anonymous_262)
FN:7,(anonymous_263)
FN:7,(anonymous_264)
FN:7,(anonymous_265)
FN:7,Jt
FN:7,Yo
FN:7,zu
FN:7,(anonymous_269)
FN:7,(anonymous_270)
FN:7,(anonymous_271)
FN:7,(anonymous_272)
FN:7,(anonymous_273)
FN:7,(anonymous_274)
FN:7,(anonymous_275)
FN:7,(anonymous_276)
FN:7,(anonymous_277)
FN:7,(anonymous_278)
FN:7,(anonymous_279)
FN:7,(anonymous_280)
FN:8,Zu
FN:8,Xu
FN:8,Wo
FN:8,zo
FN:8,(anonymous_285)
FN:8,ec
FN:8,(anonymous_287)
FN:8,(anonymous_288)
FN:8,(anonymous_289)
FN:8,(anonymous_290)
FN:8,rc
FN:8,Jo
FN:8,tc
FN:8,(anonymous_294)
FN:8,ir
FN:8,nc
FN:8,fi
FN:8,Zo
FN:8,ic
FN:8,(anonymous_300)
FN:8,(anonymous_301)
FN:9,oc
FN:9,Yt
FN:9,(anonymous_304)
FN:9,sc
FN:9,Xo
FN:9,(anonymous_307)
FN:9,(anonymous_308)
FN:9,(anonymous_309)
FN:9,(anonymous_310)
FN:9,(anonymous_311)
FN:9,(anonymous_312)
FN:9,(anonymous_313)
FN:9,(anonymous_314)
FN:9,(anonymous_315)
FN:9,(anonymous_316)
FN:9,(anonymous_317)
FN:9,(anonymous_318)
FN:9,(anonymous_319)
FN:9,(anonymous_320)
FN:9,(anonymous_321)
FN:9,(anonymous_322)
FN:9,(anonymous_323)
FN:9,(anonymous_324)
FN:9,(anonymous_325)
FN:9,(anonymous_326)
FN:9,(anonymous_327)
FN:9,(anonymous_328)
FN:9,(anonymous_329)
FN:9,(anonymous_330)
FN:9,(anonymous_331)
FN:9,(anonymous_332)
FN:9,(anonymous_333)
FN:9,(anonymous_334)
FN:9,(anonymous_335)
FN:9,(anonymous_336)
FN:9,(anonymous_337)
FN:9,(anonymous_338)
FN:9,(anonymous_339)
FN:9,(anonymous_340)
FN:9,(anonymous_341)
FN:9,(anonymous_342)
FN:9,(anonymous_343)
FN:9,(anonymous_344)
FN:9,(anonymous_345)
FN:9,(anonymous_346)
FN:9,(anonymous_347)
FN:9,(anonymous_348)
FN:9,(anonymous_349)
FN:9,or
FN:9,(anonymous_351)
FN:9,wi
FN:9,br
FN:9,jc
FN:9,Bc
FN:9,vi
FN:9,rn
FN:9,(anonymous_358)
FN:9,(anonymous_359)
FN:9,sr
FN:9,(anonymous_361)
FN:9,(anonymous_362)
FN:9,(anonymous_363)
FN:9,(anonymous_364)
FN:9,(anonymous_365)
FN:9,(anonymous_366)
FN:9,(anonymous_367)
FN:9,(anonymous_368)
FN:9,ke
FN:9,(anonymous_370)
FN:9,Gc
FN:9,(anonymous_372)
FN:9,ms
FN:9,Ri
FN:9,Ai
FN:9,(anonymous_376)
FN:9,(anonymous_377)
FN:9,(anonymous_378)
FN:9,(anonymous_379)
FN:9,(anonymous_380)
FN:9,(anonymous_381)
FN:9,(anonymous_382)
FN:9,(anonymous_383)
FN:9,(anonymous_384)
FN:9,(anonymous_385)
FN:9,(anonymous_386)
FN:9,(anonymous_387)
FN:9,(anonymous_388)
FN:12,Ci
FN:12,an
FN:12,Ii
FN:12,ki
FN:12,(anonymous_393)
FN:12,(anonymous_394)
FN:14,Kc
FN:14,(anonymous_396)
FN:14,(anonymous_397)
FN:14,Hc
FN:14,(anonymous_399)
FN:14,(anonymous_400)
FN:15,Yc
FN:15,(anonymous_402)
FN:15,(anonymous_403)
FN:15,(anonymous_404)
FN:15,(anonymous_405)
FN:15,(anonymous_406)
FN:15,(anonymous_407)
FN:15,(anonymous_408)
FN:15,(anonymous_409)
FN:15,(anonymous_410)
FN:15,(anonymous_411)
FN:15,zc
FN:15,_i
FN:15,Zc
FN:15,Xc
FN:15,ep
FN:15,ln
FN:15,ar
FN:15,Ni
FN:15,wr
FN:15,Li
FN:15,Cs
FN:15,(anonymous_423)
FN:15,(anonymous_424)
FN:15,st
FN:16,hp
FN:18,(anonymous_427)
FN:22,(anonymous_428)
FN:24,Is
FN:24,Ds
FN:24,yp
FN:24,Vi
FN:24,pn
FN:24,ji
FN:24,x
FN:24,(anonymous_436)
FN:24,(anonymous_437)
FN:24,(anonymous_438)
FN:24,(anonymous_439)
FN:24,(anonymous_440)
FN:24,(anonymous_441)
FN:24,(anonymous_442)
FN:24,(anonymous_443)
FN:24,(anonymous_444)
FN:24,(anonymous_445)
FN:24,(anonymous_446)
FN:24,(anonymous_447)
FN:24,(anonymous_448)
FN:24,(anonymous_449)
FN:24,We
FN:24,_s
FN:24,lt
FN:24,(anonymous_453)
FN:24,Ns
FN:24,Bi
FN:24,vr
FN:24,mn
FN:24,(anonymous_458)
FN:24,(anonymous_459)
FN:24,(anonymous_460)
FN:24,(anonymous_461)
FN:24,(anonymous_462)
FN:24,(anonymous_463)
FN:24,(anonymous_464)
FN:24,(anonymous_465)
FN:24,(anonymous_466)
FN:24,(anonymous_467)
FN:24,(anonymous_468)
FN:24,(anonymous_469)
FN:24,(anonymous_470)
FN:24,(anonymous_471)
FN:24,(anonymous_472)
FN:24,(anonymous_473)
FN:24,(anonymous_474)
FN:24,(anonymous_475)
FN:24,(anonymous_476)
FN:24,(anonymous_477)
FN:24,(anonymous_478)
FN:24,(anonymous_479)
FN:24,(anonymous_480)
FN:24,(anonymous_481)
FN:24,(anonymous_482)
FN:24,(anonymous_483)
FN:24,(anonymous_484)
FN:24,(anonymous_485)
FN:24,(anonymous_486)
FN:24,(anonymous_487)
FN:24,(anonymous_488)
FN:24,(anonymous_489)
FN:24,(anonymous_490)
FN:24,(anonymous_491)
FN:24,(anonymous_492)
FN:24,(anonymous_493)
FN:24,(anonymous_494)
FN:24,(anonymous_495)
FN:24,(anonymous_496)
FN:24,(anonymous_497)
FN:24,(anonymous_498)
FN:24,(anonymous_499)
FN:24,(anonymous_500)
FN:24,(anonymous_501)
FN:24,(anonymous_502)
FN:24,(anonymous_503)
FN:24,(anonymous_504)
FN:24,(anonymous_505)
FN:24,(anonymous_506)
FN:24,(anonymous_507)
FN:24,(anonymous_508)
FN:24,(anonymous_509)
FN:24,(anonymous_510)
FN:24,(anonymous_511)
FN:24,(anonymous_512)
FN:24,(anonymous_513)
FN:24,(anonymous_514)
FN:24,(anonymous_515)
FN:24,J
FN:24,ne
FN:24,ut
FN:24,fn
FN:24,Pp
FN:24,(anonymous_521)
FN:24,e
FN:24,r
FN:24,t
FN:24,(anonymous_525)
FN:24,y
FN:24,ve
FN:24,wn
FN:24,En
FN:24,xe
FN:24,Us
FN:24,Je
FN:24,Gs
FN:24,Ls
FN:24,Qs
FN:24,Wi
FN:24,Ke
FN:24,Ws
FN:24,gn
FN:24,Tp
FN:24,Sp
FN:24,Tr
FN:24,xn
FN:24,Js
FN:24,Ji
FN:24,Fs
FN:24,Rp
FN:24,Ap
FN:24,Cp
FN:24,Ip
FN:24,Dp
FN:24,Op
FN:24,kp
FN:24,_p
FN:24,Np
FN:24,Lp
FN:24,Fp
FN:24,Mp
FN:24,$p
FN:24,qp
FN:24,Vp
FN:24,Ks
FN:24,i
FN:24,jp
FN:24,Bp
FN:24,Up
FN:24,Gp
FN:24,Ms
FN:24,Qp
FN:24,Wp
FN:24,Jp
FN:24,Kp
FN:24,Hp
FN:24,Yp
FN:24,zp
FN:24,Zp
FN:24,Xp
FN:24,ed
FN:24,rd
FN:24,td
FN:24,nd
FN:24,id
FN:24,od
FN:24,sd
FN:24,ad
FN:24,ld
FN:24,ud
FN:24,cd
FN:24,Sr
FN:24,(anonymous_590)
FN:24,(anonymous_591)
FN:24,pd
FN:24,(anonymous_593)
FN:24,(anonymous_594)
FN:24,(anonymous_595)
FN:24,(anonymous_596)
FN:24,(anonymous_597)
FN:24,(anonymous_598)
FN:24,(anonymous_599)
FN:24,(anonymous_600)
FN:24,(anonymous_601)
FN:24,e
FN:24,(anonymous_603)
FN:24,(anonymous_604)
FN:24,(anonymous_605)
FN:24,(anonymous_606)
FN:24,e
FN:24,(anonymous_608)
FN:24,(anonymous_609)
FN:24,(anonymous_610)
FN:24,(anonymous_611)
FN:24,(anonymous_612)
FN:24,ge
FN:24,(anonymous_614)
FN:24,(anonymous_615)
FN:24,fd
FN:24,Ys
FN:24,gd
FN:24,(anonymous_619)
FN:24,zs
FN:24,(anonymous_621)
FN:24,(anonymous_622)
FN:24,(anonymous_623)
FN:24,(anonymous_624)
FN:24,(anonymous_625)
FN:24,(anonymous_626)
FN:24,(anonymous_627)
FN:24,(anonymous_628)
FN:24,(anonymous_629)
FN:24,(anonymous_630)
FN:24,(anonymous_631)
FN:26,(anonymous_632)
FN:27,(anonymous_633)
FN:28,(anonymous_634)
FN:28,(anonymous_635)
FN:28,(anonymous_636)
FN:28,(anonymous_637)
FN:28,(anonymous_638)
FN:28,(anonymous_639)
FN:28,(anonymous_640)
FN:28,Ed
FN:28,bd
FN:28,(anonymous_643)
FN:28,(anonymous_644)
FN:28,(anonymous_645)
FN:28,wd
FN:28,xd
FN:28,vd
FN:29,Pd
FN:29,Tn
FN:29,na
FN:29,(anonymous_652)
FN:29,ia
FN:29,(anonymous_654)
FN:29,Td
FN:29,Sd
FN:29,Rd
FN:29,(anonymous_658)
FN:29,ra
FN:29,ta
FN:29,(anonymous_661)
FN:29,(anonymous_662)
FN:29,(anonymous_663)
FN:29,(anonymous_664)
FN:29,(anonymous_665)
FN:29,(anonymous_666)
FN:29,(anonymous_667)
FN:29,(anonymous_668)
FN:29,(anonymous_669)
FN:29,(anonymous_670)
FN:29,(anonymous_671)
FN:29,(anonymous_672)
FN:29,(anonymous_673)
FN:29,(anonymous_674)
FN:29,(anonymous_675)
FN:30,(anonymous_676)
FN:30,(anonymous_677)
FN:30,(anonymous_678)
FN:30,(anonymous_679)
FN:30,(anonymous_680)
FN:30,(anonymous_681)
FN:30,(anonymous_682)
FN:30,(anonymous_683)
FN:30,(anonymous_684)
FN:30,(anonymous_685)
FN:30,(anonymous_686)
FN:30,(anonymous_687)
FN:30,(anonymous_688)
FN:30,(anonymous_689)
FN:30,(anonymous_690)
FN:30,(anonymous_691)
FN:30,(anonymous_692)
FN:30,(anonymous_693)
FN:30,(anonymous_694)
FN:30,(anonymous_695)
FN:30,(anonymous_696)
FN:30,(anonymous_697)
FN:30,(anonymous_698)
FN:30,(anonymous_699)
FN:30,(anonymous_700)
FN:30,(anonymous_701)
FN:30,(anonymous_702)
FN:30,(anonymous_703)
FN:30,(anonymous_704)
FN:30,(anonymous_705)
FN:30,(anonymous_706)
FN:30,(anonymous_707)
FN:30,(anonymous_708)
FN:30,(anonymous_709)
FN:30,(anonymous_710)
FN:30,(anonymous_711)
FN:30,(anonymous_712)
FN:30,(anonymous_713)
FN:30,(anonymous_714)
FN:30,(anonymous_715)
FN:30,(anonymous_716)
FN:30,(anonymous_717)
FN:30,(anonymous_718)
FN:30,(anonymous_719)
FN:30,(anonymous_720)
FN:30,(anonymous_721)
FN:30,(anonymous_722)
FN:30,(anonymous_723)
FN:30,(anonymous_724)
FN:30,(anonymous_725)
FN:30,(anonymous_726)
FN:30,(anonymous_727)
FN:30,(anonymous_728)
FN:30,(anonymous_729)
FN:30,(anonymous_730)
FN:30,Sn
FN:30,Ad
FN:30,(anonymous_733)
FN:30,Cd
FN:30,(anonymous_735)
FN:31,Id
FN:31,(anonymous_737)
FN:31,Dd
FN:31,(anonymous_739)
FN:31,Od
FN:31,(anonymous_741)
FN:31,kd
FN:31,(anonymous_743)
FN:31,_d
FN:31,(anonymous_745)
FN:31,Nd
FN:31,(anonymous_747)
FN:31,Ld
FN:31,(anonymous_749)
FN:31,(anonymous_750)
FN:31,Fd
FN:31,(anonymous_752)
FN:31,(anonymous_753)
FN:31,ua
FN:31,Md
FN:31,(anonymous_756)
FN:31,(anonymous_757)
FN:31,ca
FN:31,$d
FN:31,(anonymous_760)
FN:31,(anonymous_761)
FN:31,qd
FN:31,(anonymous_763)
FN:31,(anonymous_764)
FN:31,Vd
FN:31,(anonymous_766)
FN:31,jd
FN:31,(anonymous_768)
FN:31,(anonymous_769)
FN:31,Bd
FN:31,(anonymous_771)
FN:31,(anonymous_772)
FN:31,pa
FN:31,Ud
FN:31,Gd
FN:31,Qd
FN:31,da
FN:31,ma
FN:31,Or
FN:31,dt
FN:31,In
FN:31,Jd
FN:31,(anonymous_783)
FN:31,(anonymous_784)
FN:31,kr
FN:31,(anonymous_786)
FN:31,(anonymous_787)
FN:31,(anonymous_788)
FN:31,(anonymous_789)
FN:31,zi
FN:31,(anonymous_791)
FN:31,(anonymous_792)
FN:31,(anonymous_793)
FN:31,(anonymous_794)
FN:31,(anonymous_795)
FN:31,(anonymous_796)
FN:31,(anonymous_797)
FN:31,(anonymous_798)
FN:31,(anonymous_799)
FN:32,_r
FN:32,ga
FN:32,ha
FN:32,Kd
FN:32,_n
FN:32,Nn
FN:32,Te
FN:32,(anonymous_807)
FN:32,Ea
FN:32,Hd
FN:32,(anonymous_810)
FN:32,(anonymous_811)
FN:32,(anonymous_812)
FN:32,(anonymous_813)
FN:32,ya
FN:32,(anonymous_815)
FN:32,(anonymous_816)
FN:32,Yd
FN:32,(anonymous_818)
FN:32,ba
FN:32,wa
FN:32,(anonymous_821)
FN:32,(anonymous_822)
FN:32,(anonymous_823)
FN:32,(anonymous_824)
FN:32,(anonymous_825)
FN:32,(anonymous_826)
FN:32,(anonymous_827)
FN:32,(anonymous_828)
FN:32,(anonymous_829)
FN:32,(anonymous_830)
FN:32,(anonymous_831)
FN:32,(anonymous_832)
FN:32,(anonymous_833)
FN:32,(anonymous_834)
FN:32,(anonymous_835)
FN:32,(anonymous_836)
FN:32,(anonymous_837)
FN:32,(anonymous_838)
FN:32,(anonymous_839)
FN:32,(anonymous_840)
FN:32,(anonymous_841)
FN:32,(anonymous_842)
FN:32,xa
FN:32,va
FN:32,(anonymous_845)
FN:32,(anonymous_846)
FN:32,Se
FN:32,$n
FN:32,bt
FN:32,Zd
FN:32,Xd
FN:32,em
FN:32,rm
FN:32,tm
FN:32,Sa
FN:32,Ra
FN:32,nm
FN:32,im
FN:32,om
FN:32,eo
FN:32,(anonymous_861)
FN:32,(anonymous_862)
FN:32,(anonymous_863)
FN:32,(anonymous_864)
FN:32,(anonymous_865)
FN:32,(anonymous_866)
FN:32,(anonymous_867)
FN:32,(anonymous_868)
FN:32,(anonymous_869)
FN:32,(anonymous_870)
FN:32,(anonymous_871)
FN:32,(anonymous_872)
FN:32,(anonymous_873)
FN:32,(anonymous_874)
FN:32,(anonymous_875)
FN:32,(anonymous_876)
FN:32,Aa
FN:32,(anonymous_878)
FN:32,(anonymous_879)
FN:32,(anonymous_880)
FN:32,Ca
FN:32,(anonymous_882)
FN:32,(anonymous_883)
FN:32,sm
FN:32,ro
FN:32,(anonymous_886)
FN:32,(anonymous_887)
FN:32,(anonymous_888)
FN:32,(anonymous_889)
FN:32,Ia
FN:32,(anonymous_891)
FN:32,Vn
FN:32,(anonymous_893)
FN:32,(anonymous_894)
FN:32,(anonymous_895)
FN:32,(anonymous_896)
FN:32,(anonymous_897)
FN:32,(anonymous_898)
FN:32,Da
FN:32,no
FN:32,io
FN:32,xt
FN:32,(anonymous_903)
FN:32,(anonymous_904)
FN:32,re
FN:32,(anonymous_906)
FN:32,(anonymous_907)
FN:32,lr
FN:32,(anonymous_909)
FN:32,(anonymous_910)
FN:32,(anonymous_911)
FN:32,(anonymous_912)
FN:32,Bn
FN:32,(anonymous_914)
FN:32,(anonymous_915)
FN:32,(anonymous_916)
FN:32,(anonymous_917)
FN:32,(anonymous_918)
FN:32,he
FN:32,(anonymous_920)
FN:32,(anonymous_921)
FN:32,(anonymous_922)
FN:32,(anonymous_923)
FN:32,(anonymous_924)
FN:32,(anonymous_925)
FN:32,(anonymous_926)
FN:32,(anonymous_927)
FN:32,am
FN:32,_a
FN:32,(anonymous_930)
FN:32,Fr
FN:32,(anonymous_932)
FN:32,(anonymous_933)
FN:32,(anonymous_934)
FN:32,Mr
FN:32,Na
FN:32,$r
FN:32,um
FN:33,La
FN:34,(anonymous_940)
FN:34,dm
FN:34,fm
FN:34,ym
FN:34,bm
FN:34,xm
FN:34,(anonymous_946)
FN:34,(anonymous_947)
FN:34,(anonymous_948)
FN:34,(anonymous_949)
FN:34,Ze
FN:34,qr
FN:34,(anonymous_952)
FN:34,Pm
FN:34,Un
FN:34,(anonymous_955)
FN:34,Ma
FN:34,Tm
FN:34,Sm
FN:34,(anonymous_959)
FN:34,(anonymous_960)
FN:34,$a
FN:34,Rm
FN:34,Am
FN:34,(anonymous_964)
FN:34,(anonymous_965)
FN:34,qa
FN:34,Va
FN:34,(anonymous_968)
FN:34,(anonymous_969)
FN:34,(anonymous_970)
FN:34,ja
FN:34,(anonymous_972)
FN:34,(anonymous_973)
FN:34,(anonymous_974)
FN:34,(anonymous_975)
FN:34,(anonymous_976)
FN:34,(anonymous_977)
FN:34,(anonymous_978)
FN:34,Cm
FN:34,Im
FN:34,lo
FN:34,(anonymous_982)
FN:34,(anonymous_983)
FN:34,(anonymous_984)
FN:34,Dm
FN:34,(anonymous_986)
FN:34,(anonymous_987)
FN:34,uo
FN:34,(anonymous_989)
FN:34,(anonymous_990)
FN:34,(anonymous_991)
FN:34,_m
FN:34,(anonymous_993)
FN:34,(anonymous_994)
FN:34,(anonymous_995)
FN:34,(anonymous_996)
FN:34,(anonymous_997)
FN:34,Nm
FN:34,Lm
FN:34,(anonymous_1000)
FN:34,Ga
FN:34,(anonymous_1002)
FN:34,Pt
FN:34,(anonymous_1004)
FN:34,(anonymous_1005)
FN:34,Fm
FN:34,(anonymous_1007)
FN:34,(anonymous_1008)
FN:34,Mm
FN:34,(anonymous_1010)
FN:34,(anonymous_1011)
FN:34,(anonymous_1012)
FN:34,Qa
FN:34,Wa
FN:34,Ja
FN:34,(anonymous_1016)
FN:34,(anonymous_1017)
FN:34,$m
FN:34,(anonymous_1019)
FN:34,qm
FN:34,(anonymous_1021)
FN:34,Gn
FN:34,Ka
FN:34,(anonymous_1024)
FN:34,Ha
FN:34,(anonymous_1026)
FN:34,za
FN:34,jm
FN:34,Bm
FN:34,Tt
FN:34,Xa
FN:34,(anonymous_1032)
FN:34,(anonymous_1033)
FN:34,el
FN:34,rl
FN:34,(anonymous_1036)
FN:34,tl
FN:34,(anonymous_1038)
FN:34,(anonymous_1039)
FN:34,(anonymous_1040)
FN:34,nl
FN:34,(anonymous_1042)
FN:34,sl
FN:36,al
FN:36,Qn
FN:38,Um
FN:38,Xe
FN:38,er
FN:39,(anonymous_1049)
FN:40,ll
FN:45,Wn
FN:46,Jn
FN:48,ul
FN:55,cl
FN:55,(anonymous_1055)
FN:60,pl
FN:67,(anonymous_1057)
FN:67,ml
FN:67,(anonymous_1059)
FN:67,(anonymous_1060)
FN:67,Wm
FN:67,fl
FN:67,gl
FN:67,(anonymous_1064)
FN:67,hl
FN:68,(anonymous_1066)
FN:69,El
FN:69,bl
FN:113,wl
FN:113,Jm
FN:113,Km
FN:113,Vr
FN:113,Hm
FN:113,(anonymous_1074)
FN:113,(anonymous_1075)
FN:113,(anonymous_1076)
FN:113,(anonymous_1077)
FN:113,(anonymous_1078)
FN:113,(anonymous_1079)
FN:113,nf
FN:113,(anonymous_1081)
FN:113,Kn
FN:113,jr
FN:113,(anonymous_1084)
FN:113,(anonymous_1085)
FN:113,(anonymous_1086)
FN:113,R
FN:113,(anonymous_1088)
FN:113,vl
FN:113,(anonymous_1090)
FN:113,(anonymous_1091)
FN:113,sf
FN:113,po
FN:113,(anonymous_1094)
FN:113,(anonymous_1095)
FN:113,(anonymous_1096)
FN:113,(anonymous_1097)
FN:113,(anonymous_1098)
FN:113,(anonymous_1099)
FN:113,(anonymous_1100)
FN:113,(anonymous_1101)
FN:113,(anonymous_1102)
FN:113,(anonymous_1103)
FN:113,(anonymous_1104)
FN:113,(anonymous_1105)
FN:113,(anonymous_1106)
FN:113,(anonymous_1107)
FN:113,(anonymous_1108)
FN:113,uf
FN:113,Ft
FN:113,Gr
FN:113,Tl
FN:113,(anonymous_1113)
FN:113,(anonymous_1114)
FN:113,Sl
FN:113,Rl
FN:113,(anonymous_1117)
FN:113,(anonymous_1118)
FN:114,dr
FN:114,(anonymous_1120)
FN:114,df
FN:114,Il
FN:114,mf
FN:114,(anonymous_1124)
FN:114,(anonymous_1125)
FN:114,(anonymous_1126)
FN:114,(anonymous_1127)
FN:114,(anonymous_1128)
FN:114,(anonymous_1129)
FN:114,(anonymous_1130)
FN:114,(anonymous_1131)
FN:114,(anonymous_1132)
FN:114,(anonymous_1133)
FN:114,(anonymous_1134)
FN:114,(anonymous_1135)
FN:114,(anonymous_1136)
FN:114,(anonymous_1137)
FN:114,(anonymous_1138)
FN:114,(anonymous_1139)
FN:114,(anonymous_1140)
FN:114,(anonymous_1141)
FN:114,(anonymous_1142)
FN:114,(anonymous_1143)
FN:114,(anonymous_1144)
FN:114,(anonymous_1145)
FN:114,(anonymous_1146)
FN:114,(anonymous_1147)
FN:114,(anonymous_1148)
FN:114,(anonymous_1149)
FN:114,Ol
FN:114,ff
FN:114,gf
FN:114,(anonymous_1153)
FN:114,(anonymous_1154)
FN:114,(anonymous_1155)
FN:114,(anonymous_1156)
FN:114,(anonymous_1157)
FN:114,(anonymous_1158)
FN:114,(anonymous_1159)
FN:114,yf
FN:114,Ef
FN:114,wf
FN:114,(anonymous_1163)
FN:114,(anonymous_1164)
FN:114,(anonymous_1165)
FN:114,(anonymous_1166)
FN:114,(anonymous_1167)
FN:114,(anonymous_1168)
FN:114,(anonymous_1169)
FN:114,(anonymous_1170)
FN:114,(anonymous_1171)
FN:114,(anonymous_1172)
FN:115,(anonymous_1173)
FN:115,(anonymous_1174)
FN:115,(anonymous_1175)
FN:115,(anonymous_1176)
FN:115,(anonymous_1177)
FN:115,(anonymous_1178)
FN:115,(anonymous_1179)
FN:115,(anonymous_1180)
FN:115,(anonymous_1181)
FN:115,(anonymous_1182)
FN:115,(anonymous_1183)
FN:115,(anonymous_1184)
FN:115,(anonymous_1185)
FN:115,(anonymous_1186)
FN:115,(anonymous_1187)
FN:116,(anonymous_1188)
FN:116,(anonymous_1189)
FN:116,(anonymous_1190)
FN:116,(anonymous_1191)
FN:116,(anonymous_1192)
FN:116,xf
FN:116,Po
FN:116,Fl
FN:116,(anonymous_1196)
FN:116,(anonymous_1197)
FN:117,h
FN:117,Ml
FN:117,$l
FN:117,(anonymous_1201)
FN:117,(anonymous_1202)
FN:117,(anonymous_1203)
FN:117,Wr
FN:117,jl
FN:117,(anonymous_1206)
FN:117,Ul
FN:117,(anonymous_1208)
FN:117,vf
FN:117,Gl
FN:117,Bl
FN:117,To
FN:124,(anonymous_1213)
FN:124,(anonymous_1214)
FN:124,(anonymous_1215)
FN:124,(anonymous_1216)
FN:124,(anonymous_1217)
FN:124,(anonymous_1218)
FN:124,Ro
FN:124,(anonymous_1220)
FN:124,(anonymous_1221)
FN:124,(anonymous_1222)
FN:124,(anonymous_1223)
FN:124,(anonymous_1224)
FN:124,(anonymous_1225)
FN:124,(anonymous_1226)
FN:124,Kl
FN:124,(anonymous_1228)
FN:124,(anonymous_1229)
FN:124,(anonymous_1230)
FN:124,(anonymous_1231)
FN:124,(anonymous_1232)
FN:124,(anonymous_1233)
FN:124,(anonymous_1234)
FN:124,(anonymous_1235)
FN:124,(anonymous_1236)
FN:124,(anonymous_1237)
FN:124,(anonymous_1238)
FN:124,Hl
FN:124,Yl
FN:124,(anonymous_1241)
FN:124,(anonymous_1242)
FN:124,(anonymous_1243)
FN:124,zl
FN:124,(anonymous_1245)
FN:124,zn
FN:124,Zl
FN:124,Co
FN:124,(anonymous_1249)
FN:124,Io
FN:124,(anonymous_1251)
FN:124,(anonymous_1252)
FN:124,(anonymous_1253)
FN:124,(anonymous_1254)
FN:124,(anonymous_1255)
FN:124,(anonymous_1256)
FN:124,(anonymous_1257)
FN:124,(anonymous_1258)
FN:124,(anonymous_1259)
FN:124,(anonymous_1260)
FN:124,(anonymous_1261)
FN:124,(anonymous_1262)
FN:124,mr
FN:124,(anonymous_1264)
FN:124,(anonymous_1265)
FN:124,(anonymous_1266)
FN:124,(anonymous_1267)
FN:124,(anonymous_1268)
FN:124,(anonymous_1269)
FN:124,Xn
FN:124,Af
FN:124,(anonymous_1272)
FN:124,(anonymous_1273)
FN:124,(anonymous_1274)
FN:124,(anonymous_1275)
FN:124,(anonymous_1276)
FN:124,(anonymous_1277)
FN:124,(anonymous_1278)
FN:124,(anonymous_1279)
FN:124,(anonymous_1280)
FN:124,(anonymous_1281)
FN:124,(anonymous_1282)
FN:124,(anonymous_1283)
FN:124,(anonymous_1284)
FN:124,(anonymous_1285)
FN:124,(anonymous_1286)
FN:124,(anonymous_1287)
FN:124,If
FN:124,Xl
FN:124,Df
FN:124,Of
FN:124,eu
FN:124,(anonymous_1293)
FN:125,(anonymous_1294)
FN:125,(anonymous_1295)
FN:128,(anonymous_1296)
FN:128,(anonymous_1297)
FN:129,(anonymous_1298)
FN:129,(anonymous_1299)
FN:129,r
FN:129,(anonymous_1301)
FN:129,(anonymous_1302)
FN:129,(anonymous_1303)
FN:129,(anonymous_1304)
FN:129,(anonymous_1305)
FN:129,au
FN:129,Jr
FN:129,_f
FN:129,(anonymous_1309)
FN:129,(anonymous_1310)
FN:129,Nf
FN:129,ou
FN:129,(anonymous_1313)
FN:129,Lf
FN:129,(anonymous_1315)
FN:129,(anonymous_1316)
FN:129,(anonymous_1317)
FN:129,(anonymous_1318)
FN:133,lu
FN:133,(anonymous_1320)
FN:133,(anonymous_1321)
FN:133,(anonymous_1322)
FN:133,(anonymous_1323)
FN:133,(anonymous_1324)
FN:133,(anonymous_1325)
FN:133,(anonymous_1326)
FN:133,(anonymous_1327)
FN:133,fu
FN:133,(anonymous_1329)
FN:133,(anonymous_1330)
FN:133,(anonymous_1331)
FN:133,(anonymous_1332)
FN:133,(anonymous_1333)
FN:133,(anonymous_1334)
FN:133,(anonymous_1335)
FN:133,(anonymous_1336)
FN:133,(anonymous_1337)
FN:133,(anonymous_1338)
FN:133,(anonymous_1339)
FN:133,(anonymous_1340)
FN:133,(anonymous_1341)
FN:133,(anonymous_1342)
FN:133,(anonymous_1343)
FN:133,(anonymous_1344)
FN:133,(anonymous_1345)
FN:133,(anonymous_1346)
FN:133,(anonymous_1347)
FN:133,(anonymous_1348)
FN:133,(anonymous_1349)
FN:133,(anonymous_1350)
FN:133,(anonymous_1351)
FN:133,(anonymous_1352)
FN:133,(anonymous_1353)
FN:133,(anonymous_1354)
FN:133,(anonymous_1355)
FN:133,(anonymous_1356)
FN:133,(anonymous_1357)
FN:133,(anonymous_1358)
FN:133,(anonymous_1359)
FN:133,(anonymous_1360)
FN:133,(anonymous_1361)
FN:133,(anonymous_1362)
FN:133,(anonymous_1363)
FN:133,(anonymous_1364)
FN:133,(anonymous_1365)
FN:133,(anonymous_1366)
FN:133,(anonymous_1367)
FN:133,(anonymous_1368)
FN:134,(anonymous_1369)
FN:134,(anonymous_1370)
FN:134,uu
FN:134,qf
FN:134,gu
FN:134,(anonymous_1374)
FN:134,hu
FNF:1376
FNH:330
FNDA:4,(anonymous_0)
FNDA:4,(anonymous_1)
FNDA:24,(anonymous_2)
FNDA:36,(anonymous_3)
FNDA:14,(anonymous_4)
FNDA:60,(anonymous_5)
FNDA:48,(anonymous_6)
FNDA:58,(anonymous_7)
FNDA:2,(anonymous_8)
FNDA:2,(anonymous_9)
FNDA:72,(anonymous_10)
FNDA:2,(anonymous_11)
FNDA:8,yi
FNDA:8,Ei
FNDA:0,(anonymous_14)
FNDA:4,Mc
FNDA:2,(anonymous_16)
FNDA:4,ls
FNDA:12,(anonymous_18)
FNDA:4,bi
FNDA:2,(anonymous_20)
FNDA:2,(anonymous_21)
FNDA:2,(anonymous_22)
FNDA:2,(anonymous_23)
FNDA:0,(anonymous_24)
FNDA:0,(anonymous_25)
FNDA:2,(anonymous_26)
FNDA:0,(anonymous_27)
FNDA:2,(anonymous_28)
FNDA:2,(anonymous_29)
FNDA:6,ap
FNDA:0,lp
FNDA:0,up
FNDA:0,ot
FNDA:6,Ss
FNDA:0,cp
FNDA:0,Rs
FNDA:6,Ps
FNDA:0,pp
FNDA:6,dp
FNDA:6,mp
FNDA:0,fp
FNDA:12,gp
FNDA:2,(anonymous_43)
FNDA:0,(anonymous_44)
FNDA:2,(anonymous_45)
FNDA:2,(anonymous_46)
FNDA:0,e
FNDA:0,(anonymous_48)
FNDA:2,(anonymous_49)
FNDA:2,(anonymous_50)
FNDA:0,(anonymous_51)
FNDA:2,(anonymous_52)
FNDA:2,(anonymous_53)
FNDA:2,(anonymous_54)
FNDA:0,(anonymous_55)
FNDA:2,(anonymous_56)
FNDA:2,(anonymous_57)
FNDA:2,(anonymous_58)
FNDA:2,(anonymous_59)
FNDA:2,(anonymous_60)
FNDA:2,(anonymous_61)
FNDA:0,(anonymous_62)
FNDA:2,(anonymous_63)
FNDA:2,(anonymous_64)
FNDA:0,(anonymous_65)
FNDA:0,(anonymous_66)
FNDA:0,(anonymous_67)
FNDA:2,(anonymous_68)
FNDA:2,(anonymous_69)
FNDA:2,(anonymous_70)
FNDA:2,(anonymous_71)
FNDA:2,(anonymous_72)
FNDA:0,(anonymous_73)
FNDA:2,(anonymous_74)
FNDA:2,(anonymous_75)
FNDA:0,(anonymous_76)
FNDA:2,(anonymous_77)
FNDA:2,(anonymous_78)
FNDA:2,(anonymous_79)
FNDA:2,(anonymous_80)
FNDA:2,(anonymous_81)
FNDA:2,(anonymous_82)
FNDA:0,ko
FNDA:0,(anonymous_84)
FNDA:0,_o
FNDA:2,(anonymous_86)
FNDA:0,No
FNDA:0,(anonymous_88)
FNDA:0,(anonymous_89)
FNDA:0,(anonymous_90)
FNDA:0,(anonymous_91)
FNDA:0,(anonymous_92)
FNDA:0,(anonymous_93)
FNDA:0,(anonymous_94)
FNDA:0,(anonymous_95)
FNDA:0,(anonymous_96)
FNDA:0,(anonymous_97)
FNDA:0,(anonymous_98)
FNDA:0,(anonymous_99)
FNDA:0,(anonymous_100)
FNDA:0,(anonymous_101)
FNDA:0,(anonymous_102)
FNDA:0,(anonymous_103)
FNDA:0,(anonymous_104)
FNDA:0,(anonymous_105)
FNDA:0,(anonymous_106)
FNDA:0,(anonymous_107)
FNDA:0,(anonymous_108)
FNDA:0,(anonymous_109)
FNDA:0,(anonymous_110)
FNDA:0,(anonymous_111)
FNDA:0,(anonymous_112)
FNDA:0,(anonymous_113)
FNDA:0,(anonymous_114)
FNDA:0,(anonymous_115)
FNDA:52,F
FNDA:16,(anonymous_117)
FNDA:0,(anonymous_118)
FNDA:0,(anonymous_119)
FNDA:410,(anonymous_120)
FNDA:410,(anonymous_121)
FNDA:410,(anonymous_122)
FNDA:410,(anonymous_123)
FNDA:0,(anonymous_124)
FNDA:30,Bu
FNDA:0,(anonymous_126)
FNDA:230,(anonymous_127)
FNDA:0,(anonymous_128)
FNDA:0,(anonymous_129)
FNDA:0,(anonymous_130)
FNDA:150,(anonymous_131)
FNDA:0,(anonymous_132)
FNDA:0,Uu
FNDA:0,(anonymous_134)
FNDA:0,Bo
FNDA:0,(anonymous_136)
FNDA:0,(anonymous_137)
FNDA:2,Uo
FNDA:4,ai
FNDA:4,Gt
FNDA:132,(anonymous_141)
FNDA:88,(anonymous_142)
FNDA:88,(anonymous_143)
FNDA:0,(anonymous_144)
FNDA:0,(anonymous_145)
FNDA:0,(anonymous_146)
FNDA:0,(anonymous_147)
FNDA:44,(anonymous_148)
FNDA:0,(anonymous_149)
FNDA:0,(anonymous_150)
FNDA:0,(anonymous_151)
FNDA:16,pe
FNDA:0,(anonymous_153)
FNDA:0,(anonymous_154)
FNDA:0,(anonymous_155)
FNDA:0,(anonymous_156)
FNDA:0,Qu
FNDA:0,(anonymous_158)
FNDA:0,(anonymous_159)
FNDA:0,(anonymous_160)
FNDA:0,(anonymous_161)
FNDA:0,(anonymous_162)
FNDA:0,q
FNDA:0,(anonymous_164)
FNDA:0,(anonymous_165)
FNDA:0,(anonymous_166)
FNDA:0,(anonymous_167)
FNDA:0,(anonymous_168)
FNDA:0,Wu
FNDA:0,(anonymous_170)
FNDA:0,(anonymous_171)
FNDA:0,(anonymous_172)
FNDA:0,(anonymous_173)
FNDA:0,(anonymous_174)
FNDA:0,(anonymous_175)
FNDA:16,A
FNDA:0,(anonymous_177)
FNDA:0,(anonymous_178)
FNDA:0,Qo
FNDA:0,(anonymous_180)
FNDA:0,(anonymous_181)
FNDA:0,(anonymous_182)
FNDA:0,(anonymous_183)
FNDA:0,ye
FNDA:0,Ve
FNDA:0,je
FNDA:0,(anonymous_187)
FNDA:2,(anonymous_188)
FNDA:0,(anonymous_189)
FNDA:0,(anonymous_190)
FNDA:0,(anonymous_191)
FNDA:0,(anonymous_192)
FNDA:0,(anonymous_193)
FNDA:0,(anonymous_194)
FNDA:0,(anonymous_195)
FNDA:0,(anonymous_196)
FNDA:0,(anonymous_197)
FNDA:0,(anonymous_198)
FNDA:0,(anonymous_199)
FNDA:0,(anonymous_200)
FNDA:0,(anonymous_201)
FNDA:0,(anonymous_202)
FNDA:0,(anonymous_203)
FNDA:0,(anonymous_204)
FNDA:0,(anonymous_205)
FNDA:2,(anonymous_206)
FNDA:0,(anonymous_207)
FNDA:0,(anonymous_208)
FNDA:0,(anonymous_209)
FNDA:0,(anonymous_210)
FNDA:0,(anonymous_211)
FNDA:0,(anonymous_212)
FNDA:0,(anonymous_213)
FNDA:0,(anonymous_214)
FNDA:0,(anonymous_215)
FNDA:0,(anonymous_216)
FNDA:0,(anonymous_217)
FNDA:0,(anonymous_218)
FNDA:0,(anonymous_219)
FNDA:0,(anonymous_220)
FNDA:0,(anonymous_221)
FNDA:0,(anonymous_222)
FNDA:0,(anonymous_223)
FNDA:0,(anonymous_224)
FNDA:0,(anonymous_225)
FNDA:0,(anonymous_226)
FNDA:0,(anonymous_227)
FNDA:0,(anonymous_228)
FNDA:0,(anonymous_229)
FNDA:2,(anonymous_230)
FNDA:0,(anonymous_231)
FNDA:0,(anonymous_232)
FNDA:0,(anonymous_233)
FNDA:0,(anonymous_234)
FNDA:0,(anonymous_235)
FNDA:0,(anonymous_236)
FNDA:0,(anonymous_237)
FNDA:0,(anonymous_238)
FNDA:0,(anonymous_239)
FNDA:0,(anonymous_240)
FNDA:0,(anonymous_241)
FNDA:0,(anonymous_242)
FNDA:0,(anonymous_243)
FNDA:0,(anonymous_244)
FNDA:0,(anonymous_245)
FNDA:0,(anonymous_246)
FNDA:0,(anonymous_247)
FNDA:0,(anonymous_248)
FNDA:0,(anonymous_249)
FNDA:0,(anonymous_250)
FNDA:0,(anonymous_251)
FNDA:0,(anonymous_252)
FNDA:0,(anonymous_253)
FNDA:0,(anonymous_254)
FNDA:8,hr
FNDA:48,(anonymous_256)
FNDA:32,(anonymous_257)
FNDA:0,(anonymous_258)
FNDA:44,(anonymous_259)
FNDA:12,(anonymous_260)
FNDA:8,(anonymous_261)
FNDA:0,(anonymous_262)
FNDA:0,(anonymous_263)
FNDA:0,(anonymous_264)
FNDA:0,(anonymous_265)
FNDA:0,Jt
FNDA:4,Yo
FNDA:4,zu
FNDA:0,(anonymous_269)
FNDA:0,(anonymous_270)
FNDA:0,(anonymous_271)
FNDA:0,(anonymous_272)
FNDA:0,(anonymous_273)
FNDA:4,(anonymous_274)
FNDA:0,(anonymous_275)
FNDA:4,(anonymous_276)
FNDA:4,(anonymous_277)
FNDA:0,(anonymous_278)
FNDA:0,(anonymous_279)
FNDA:0,(anonymous_280)
FNDA:4,Zu
FNDA:0,Xu
FNDA:4,Wo
FNDA:4,zo
FNDA:4,(anonymous_285)
FNDA:4,ec
FNDA:0,(anonymous_287)
FNDA:0,(anonymous_288)
FNDA:0,(anonymous_289)
FNDA:4,(anonymous_290)
FNDA:4,rc
FNDA:4,Jo
FNDA:0,tc
FNDA:0,(anonymous_294)
FNDA:8,ir
FNDA:12,nc
FNDA:4,fi
FNDA:12,Zo
FNDA:4,ic
FNDA:0,(anonymous_300)
FNDA:0,(anonymous_301)
FNDA:4,oc
FNDA:4,Yt
FNDA:4,(anonymous_304)
FNDA:4,sc
FNDA:4,Xo
FNDA:0,(anonymous_307)
FNDA:0,(anonymous_308)
FNDA:0,(anonymous_309)
FNDA:0,(anonymous_310)
FNDA:0,(anonymous_311)
FNDA:0,(anonymous_312)
FNDA:0,(anonymous_313)
FNDA:0,(anonymous_314)
FNDA:0,(anonymous_315)
FNDA:0,(anonymous_316)
FNDA:0,(anonymous_317)
FNDA:0,(anonymous_318)
FNDA:0,(anonymous_319)
FNDA:0,(anonymous_320)
FNDA:0,(anonymous_321)
FNDA:0,(anonymous_322)
FNDA:0,(anonymous_323)
FNDA:0,(anonymous_324)
FNDA:0,(anonymous_325)
FNDA:0,(anonymous_326)
FNDA:0,(anonymous_327)
FNDA:0,(anonymous_328)
FNDA:0,(anonymous_329)
FNDA:0,(anonymous_330)
FNDA:0,(anonymous_331)
FNDA:0,(anonymous_332)
FNDA:0,(anonymous_333)
FNDA:0,(anonymous_334)
FNDA:0,(anonymous_335)
FNDA:0,(anonymous_336)
FNDA:0,(anonymous_337)
FNDA:0,(anonymous_338)
FNDA:0,(anonymous_339)
FNDA:0,(anonymous_340)
FNDA:0,(anonymous_341)
FNDA:0,(anonymous_342)
FNDA:0,(anonymous_343)
FNDA:0,(anonymous_344)
FNDA:0,(anonymous_345)
FNDA:0,(anonymous_346)
FNDA:0,(anonymous_347)
FNDA:0,(anonymous_348)
FNDA:0,(anonymous_349)
FNDA:0,or
FNDA:0,(anonymous_351)
FNDA:0,wi
FNDA:4,br
FNDA:4,jc
FNDA:0,Bc
FNDA:0,vi
FNDA:0,rn
FNDA:0,(anonymous_358)
FNDA:0,(anonymous_359)
FNDA:0,sr
FNDA:0,(anonymous_361)
FNDA:0,(anonymous_362)
FNDA:0,(anonymous_363)
FNDA:0,(anonymous_364)
FNDA:0,(anonymous_365)
FNDA:0,(anonymous_366)
FNDA:0,(anonymous_367)
FNDA:0,(anonymous_368)
FNDA:0,ke
FNDA:0,(anonymous_370)
FNDA:0,Gc
FNDA:0,(anonymous_372)
FNDA:0,ms
FNDA:0,Ri
FNDA:0,Ai
FNDA:0,(anonymous_376)
FNDA:0,(anonymous_377)
FNDA:0,(anonymous_378)
FNDA:0,(anonymous_379)
FNDA:0,(anonymous_380)
FNDA:0,(anonymous_381)
FNDA:0,(anonymous_382)
FNDA:0,(anonymous_383)
FNDA:0,(anonymous_384)
FNDA:0,(anonymous_385)
FNDA:0,(anonymous_386)
FNDA:0,(anonymous_387)
FNDA:0,(anonymous_388)
FNDA:0,Ci
FNDA:4,an
FNDA:0,Ii
FNDA:0,ki
FNDA:0,(anonymous_393)
FNDA:0,(anonymous_394)
FNDA:0,Kc
FNDA:0,(anonymous_396)
FNDA:0,(anonymous_397)
FNDA:0,Hc
FNDA:0,(anonymous_399)
FNDA:0,(anonymous_400)
FNDA:0,Yc
FNDA:0,(anonymous_402)
FNDA:0,(anonymous_403)
FNDA:0,(anonymous_404)
FNDA:0,(anonymous_405)
FNDA:0,(anonymous_406)
FNDA:0,(anonymous_407)
FNDA:0,(anonymous_408)
FNDA:0,(anonymous_409)
FNDA:0,(anonymous_410)
FNDA:0,(anonymous_411)
FNDA:0,zc
FNDA:0,_i
FNDA:0,Zc
FNDA:0,Xc
FNDA:0,ep
FNDA:0,ln
FNDA:0,ar
FNDA:2,Ni
FNDA:0,wr
FNDA:0,Li
FNDA:6,Cs
FNDA:6,(anonymous_423)
FNDA:0,(anonymous_424)
FNDA:6,st
FNDA:2,hp
FNDA:0,(anonymous_427)
FNDA:0,(anonymous_428)
FNDA:12,Is
FNDA:8,Ds
FNDA:12,yp
FNDA:0,Vi
FNDA:0,pn
FNDA:0,ji
FNDA:44,x
FNDA:0,(anonymous_436)
FNDA:0,(anonymous_437)
FNDA:0,(anonymous_438)
FNDA:0,(anonymous_439)
FNDA:0,(anonymous_440)
FNDA:0,(anonymous_441)
FNDA:0,(anonymous_442)
FNDA:0,(anonymous_443)
FNDA:0,(anonymous_444)
FNDA:0,(anonymous_445)
FNDA:0,(anonymous_446)
FNDA:0,(anonymous_447)
FNDA:10,(anonymous_448)
FNDA:150,(anonymous_449)
FNDA:0,We
FNDA:0,_s
FNDA:2,lt
FNDA:0,(anonymous_453)
FNDA:0,Ns
FNDA:0,Bi
FNDA:128,vr
FNDA:1,mn
FNDA:0,(anonymous_458)
FNDA:0,(anonymous_459)
FNDA:0,(anonymous_460)
FNDA:0,(anonymous_461)
FNDA:0,(anonymous_462)
FNDA:0,(anonymous_463)
FNDA:0,(anonymous_464)
FNDA:0,(anonymous_465)
FNDA:0,(anonymous_466)
FNDA:0,(anonymous_467)
FNDA:0,(anonymous_468)
FNDA:0,(anonymous_469)
FNDA:0,(anonymous_470)
FNDA:0,(anonymous_471)
FNDA:0,(anonymous_472)
FNDA:0,(anonymous_473)
FNDA:0,(anonymous_474)
FNDA:0,(anonymous_475)
FNDA:0,(anonymous_476)
FNDA:0,(anonymous_477)
FNDA:0,(anonymous_478)
FNDA:0,(anonymous_479)
FNDA:0,(anonymous_480)
FNDA:0,(anonymous_481)
FNDA:0,(anonymous_482)
FNDA:0,(anonymous_483)
FNDA:0,(anonymous_484)
FNDA:0,(anonymous_485)
FNDA:0,(anonymous_486)
FNDA:0,(anonymous_487)
FNDA:0,(anonymous_488)
FNDA:0,(anonymous_489)
FNDA:0,(anonymous_490)
FNDA:0,(anonymous_491)
FNDA:0,(anonymous_492)
FNDA:0,(anonymous_493)
FNDA:0,(anonymous_494)
FNDA:0,(anonymous_495)
FNDA:0,(anonymous_496)
FNDA:0,(anonymous_497)
FNDA:0,(anonymous_498)
FNDA:0,(anonymous_499)
FNDA:0,(anonymous_500)
FNDA:0,(anonymous_501)
FNDA:0,(anonymous_502)
FNDA:0,(anonymous_503)
FNDA:0,(anonymous_504)
FNDA:0,(anonymous_505)
FNDA:0,(anonymous_506)
FNDA:0,(anonymous_507)
FNDA:0,(anonymous_508)
FNDA:0,(anonymous_509)
FNDA:0,(anonymous_510)
FNDA:0,(anonymous_511)
FNDA:0,(anonymous_512)
FNDA:0,(anonymous_513)
FNDA:0,(anonymous_514)
FNDA:0,(anonymous_515)
FNDA:0,J
FNDA:0,ne
FNDA:0,ut
FNDA:0,fn
FNDA:0,Pp
FNDA:2,(anonymous_521)
FNDA:0,e
FNDA:0,r
FNDA:0,t
FNDA:0,(anonymous_525)
FNDA:0,y
FNDA:0,ve
FNDA:0,wn
FNDA:0,En
FNDA:0,xe
FNDA:0,Us
FNDA:0,Je
FNDA:0,Gs
FNDA:0,Ls
FNDA:0,Qs
FNDA:0,Wi
FNDA:0,Ke
FNDA:0,Ws
FNDA:4,gn
FNDA:0,Tp
FNDA:0,Sp
FNDA:0,Tr
FNDA:0,xn
FNDA:0,Js
FNDA:0,Ji
FNDA:0,Fs
FNDA:0,Rp
FNDA:0,Ap
FNDA:0,Cp
FNDA:0,Ip
FNDA:0,Dp
FNDA:0,Op
FNDA:0,kp
FNDA:0,_p
FNDA:0,Np
FNDA:0,Lp
FNDA:0,Fp
FNDA:0,Mp
FNDA:2,$p
FNDA:0,qp
FNDA:0,Vp
FNDA:2,Ks
FNDA:4,i
FNDA:0,jp
FNDA:0,Bp
FNDA:0,Up
FNDA:0,Gp
FNDA:115,Ms
FNDA:0,Qp
FNDA:0,Wp
FNDA:0,Jp
FNDA:0,Kp
FNDA:0,Hp
FNDA:0,Yp
FNDA:0,zp
FNDA:0,Zp
FNDA:0,Xp
FNDA:0,ed
FNDA:0,rd
FNDA:0,td
FNDA:0,nd
FNDA:0,id
FNDA:0,od
FNDA:0,sd
FNDA:0,ad
FNDA:0,ld
FNDA:0,ud
FNDA:0,cd
FNDA:111,Sr
FNDA:0,(anonymous_590)
FNDA:0,(anonymous_591)
FNDA:0,pd
FNDA:0,(anonymous_593)
FNDA:2,(anonymous_594)
FNDA:0,(anonymous_595)
FNDA:0,(anonymous_596)
FNDA:0,(anonymous_597)
FNDA:0,(anonymous_598)
FNDA:0,(anonymous_599)
FNDA:318,(anonymous_600)
FNDA:166,(anonymous_601)
FNDA:160,e
FNDA:24,(anonymous_603)
FNDA:4,(anonymous_604)
FNDA:2,(anonymous_605)
FNDA:158,(anonymous_606)
FNDA:50,e
FNDA:0,(anonymous_608)
FNDA:0,(anonymous_609)
FNDA:0,(anonymous_610)
FNDA:0,(anonymous_611)
FNDA:0,(anonymous_612)
FNDA:0,ge
FNDA:0,(anonymous_614)
FNDA:0,(anonymous_615)
FNDA:0,fd
FNDA:0,Ys
FNDA:0,gd
FNDA:0,(anonymous_619)
FNDA:0,zs
FNDA:0,(anonymous_621)
FNDA:0,(anonymous_622)
FNDA:0,(anonymous_623)
FNDA:0,(anonymous_624)
FNDA:0,(anonymous_625)
FNDA:0,(anonymous_626)
FNDA:0,(anonymous_627)
FNDA:0,(anonymous_628)
FNDA:0,(anonymous_629)
FNDA:0,(anonymous_630)
FNDA:0,(anonymous_631)
FNDA:0,(anonymous_632)
FNDA:0,(anonymous_633)
FNDA:0,(anonymous_634)
FNDA:0,(anonymous_635)
FNDA:0,(anonymous_636)
FNDA:0,(anonymous_637)
FNDA:0,(anonymous_638)
FNDA:0,(anonymous_639)
FNDA:0,(anonymous_640)
FNDA:0,Ed
FNDA:0,bd
FNDA:0,(anonymous_643)
FNDA:0,(anonymous_644)
FNDA:0,(anonymous_645)
FNDA:0,wd
FNDA:0,xd
FNDA:0,vd
FNDA:0,Pd
FNDA:0,Tn
FNDA:0,na
FNDA:0,(anonymous_652)
FNDA:0,ia
FNDA:0,(anonymous_654)
FNDA:0,Td
FNDA:0,Sd
FNDA:0,Rd
FNDA:0,(anonymous_658)
FNDA:0,ra
FNDA:0,ta
FNDA:0,(anonymous_661)
FNDA:0,(anonymous_662)
FNDA:0,(anonymous_663)
FNDA:0,(anonymous_664)
FNDA:0,(anonymous_665)
FNDA:0,(anonymous_666)
FNDA:0,(anonymous_667)
FNDA:0,(anonymous_668)
FNDA:0,(anonymous_669)
FNDA:0,(anonymous_670)
FNDA:0,(anonymous_671)
FNDA:0,(anonymous_672)
FNDA:0,(anonymous_673)
FNDA:0,(anonymous_674)
FNDA:0,(anonymous_675)
FNDA:0,(anonymous_676)
FNDA:0,(anonymous_677)
FNDA:0,(anonymous_678)
FNDA:0,(anonymous_679)
FNDA:0,(anonymous_680)
FNDA:0,(anonymous_681)
FNDA:0,(anonymous_682)
FNDA:0,(anonymous_683)
FNDA:0,(anonymous_684)
FNDA:0,(anonymous_685)
FNDA:0,(anonymous_686)
FNDA:0,(anonymous_687)
FNDA:0,(anonymous_688)
FNDA:0,(anonymous_689)
FNDA:0,(anonymous_690)
FNDA:0,(anonymous_691)
FNDA:0,(anonymous_692)
FNDA:0,(anonymous_693)
FNDA:0,(anonymous_694)
FNDA:0,(anonymous_695)
FNDA:0,(anonymous_696)
FNDA:0,(anonymous_697)
FNDA:0,(anonymous_698)
FNDA:0,(anonymous_699)
FNDA:0,(anonymous_700)
FNDA:0,(anonymous_701)
FNDA:0,(anonymous_702)
FNDA:0,(anonymous_703)
FNDA:0,(anonymous_704)
FNDA:0,(anonymous_705)
FNDA:0,(anonymous_706)
FNDA:0,(anonymous_707)
FNDA:0,(anonymous_708)
FNDA:0,(anonymous_709)
FNDA:0,(anonymous_710)
FNDA:0,(anonymous_711)
FNDA:0,(anonymous_712)
FNDA:0,(anonymous_713)
FNDA:0,(anonymous_714)
FNDA:0,(anonymous_715)
FNDA:0,(anonymous_716)
FNDA:0,(anonymous_717)
FNDA:0,(anonymous_718)
FNDA:0,(anonymous_719)
FNDA:0,(anonymous_720)
FNDA:0,(anonymous_721)
FNDA:0,(anonymous_722)
FNDA:0,(anonymous_723)
FNDA:0,(anonymous_724)
FNDA:0,(anonymous_725)
FNDA:0,(anonymous_726)
FNDA:0,(anonymous_727)
FNDA:0,(anonymous_728)
FNDA:0,(anonymous_729)
FNDA:0,(anonymous_730)
FNDA:0,Sn
FNDA:0,Ad
FNDA:0,(anonymous_733)
FNDA:0,Cd
FNDA:0,(anonymous_735)
FNDA:0,Id
FNDA:0,(anonymous_737)
FNDA:0,Dd
FNDA:0,(anonymous_739)
FNDA:0,Od
FNDA:0,(anonymous_741)
FNDA:0,kd
FNDA:0,(anonymous_743)
FNDA:0,_d
FNDA:0,(anonymous_745)
FNDA:0,Nd
FNDA:0,(anonymous_747)
FNDA:0,Ld
FNDA:0,(anonymous_749)
FNDA:0,(anonymous_750)
FNDA:0,Fd
FNDA:0,(anonymous_752)
FNDA:0,(anonymous_753)
FNDA:0,ua
FNDA:0,Md
FNDA:0,(anonymous_756)
FNDA:0,(anonymous_757)
FNDA:0,ca
FNDA:0,$d
FNDA:0,(anonymous_760)
FNDA:0,(anonymous_761)
FNDA:0,qd
FNDA:0,(anonymous_763)
FNDA:0,(anonymous_764)
FNDA:0,Vd
FNDA:0,(anonymous_766)
FNDA:0,jd
FNDA:0,(anonymous_768)
FNDA:0,(anonymous_769)
FNDA:0,Bd
FNDA:0,(anonymous_771)
FNDA:0,(anonymous_772)
FNDA:0,pa
FNDA:0,Ud
FNDA:0,Gd
FNDA:0,Qd
FNDA:0,da
FNDA:0,ma
FNDA:0,Or
FNDA:0,dt
FNDA:0,In
FNDA:0,Jd
FNDA:0,(anonymous_783)
FNDA:0,(anonymous_784)
FNDA:127,kr
FNDA:6,(anonymous_786)
FNDA:6,(anonymous_787)
FNDA:0,(anonymous_788)
FNDA:0,(anonymous_789)
FNDA:6,zi
FNDA:0,(anonymous_791)
FNDA:0,(anonymous_792)
FNDA:0,(anonymous_793)
FNDA:0,(anonymous_794)
FNDA:0,(anonymous_795)
FNDA:0,(anonymous_796)
FNDA:0,(anonymous_797)
FNDA:0,(anonymous_798)
FNDA:0,(anonymous_799)
FNDA:0,_r
FNDA:0,ga
FNDA:0,ha
FNDA:0,Kd
FNDA:0,_n
FNDA:0,Nn
FNDA:26,Te
FNDA:26,(anonymous_807)
FNDA:0,Ea
FNDA:0,Hd
FNDA:0,(anonymous_810)
FNDA:0,(anonymous_811)
FNDA:0,(anonymous_812)
FNDA:0,(anonymous_813)
FNDA:0,ya
FNDA:0,(anonymous_815)
FNDA:0,(anonymous_816)
FNDA:0,Yd
FNDA:0,(anonymous_818)
FNDA:43,ba
FNDA:146,wa
FNDA:0,(anonymous_821)
FNDA:0,(anonymous_822)
FNDA:0,(anonymous_823)
FNDA:0,(anonymous_824)
FNDA:0,(anonymous_825)
FNDA:0,(anonymous_826)
FNDA:0,(anonymous_827)
FNDA:0,(anonymous_828)
FNDA:0,(anonymous_829)
FNDA:0,(anonymous_830)
FNDA:0,(anonymous_831)
FNDA:4,(anonymous_832)
FNDA:4,(anonymous_833)
FNDA:0,(anonymous_834)
FNDA:300,(anonymous_835)
FNDA:0,(anonymous_836)
FNDA:186,(anonymous_837)
FNDA:4,(anonymous_838)
FNDA:10,(anonymous_839)
FNDA:0,(anonymous_840)
FNDA:0,(anonymous_841)
FNDA:0,(anonymous_842)
FNDA:127,xa
FNDA:0,va
FNDA:2,(anonymous_845)
FNDA:0,(anonymous_846)
FNDA:675,Se
FNDA:150,$n
FNDA:189,bt
FNDA:189,Zd
FNDA:146,Xd
FNDA:36,em
FNDA:146,rm
FNDA:43,tm
FNDA:322,Sa
FNDA:300,Ra
FNDA:16,nm
FNDA:111,im
FNDA:111,om
FNDA:190,eo
FNDA:671,(anonymous_861)
FNDA:0,(anonymous_862)
FNDA:0,(anonymous_863)
FNDA:0,(anonymous_864)
FNDA:0,(anonymous_865)
FNDA:0,(anonymous_866)
FNDA:0,(anonymous_867)
FNDA:146,(anonymous_868)
FNDA:9,(anonymous_869)
FNDA:189,(anonymous_870)
FNDA:380,(anonymous_871)
FNDA:1494,(anonymous_872)
FNDA:190,(anonymous_873)
FNDA:146,(anonymous_874)
FNDA:146,(anonymous_875)
FNDA:331,(anonymous_876)
FNDA:0,Aa
FNDA:4,(anonymous_878)
FNDA:0,(anonymous_879)
FNDA:0,(anonymous_880)
FNDA:2,Ca
FNDA:0,(anonymous_882)
FNDA:0,(anonymous_883)
FNDA:0,sm
FNDA:0,ro
FNDA:0,(anonymous_886)
FNDA:0,(anonymous_887)
FNDA:0,(anonymous_888)
FNDA:0,(anonymous_889)
FNDA:0,Ia
FNDA:0,(anonymous_891)
FNDA:0,Vn
FNDA:2,(anonymous_893)
FNDA:0,(anonymous_894)
FNDA:0,(anonymous_895)
FNDA:0,(anonymous_896)
FNDA:0,(anonymous_897)
FNDA:0,(anonymous_898)
FNDA:0,Da
FNDA:2,no
FNDA:0,io
FNDA:10,xt
FNDA:10,(anonymous_903)
FNDA:0,(anonymous_904)
FNDA:48,re
FNDA:48,(anonymous_906)
FNDA:0,(anonymous_907)
FNDA:14,lr
FNDA:14,(anonymous_909)
FNDA:150,(anonymous_910)
FNDA:10,(anonymous_911)
FNDA:0,(anonymous_912)
FNDA:76,Bn
FNDA:0,(anonymous_914)
FNDA:0,(anonymous_915)
FNDA:0,(anonymous_916)
FNDA:0,(anonymous_917)
FNDA:0,(anonymous_918)
FNDA:14,he
FNDA:308,(anonymous_920)
FNDA:0,(anonymous_921)
FNDA:0,(anonymous_922)
FNDA:14,(anonymous_923)
FNDA:0,(anonymous_924)
FNDA:0,(anonymous_925)
FNDA:0,(anonymous_926)
FNDA:0,(anonymous_927)
FNDA:14,am
FNDA:0,_a
FNDA:0,(anonymous_930)
FNDA:0,Fr
FNDA:0,(anonymous_932)
FNDA:0,(anonymous_933)
FNDA:0,(anonymous_934)
FNDA:0,Mr
FNDA:0,Na
FNDA:0,$r
FNDA:0,um
FNDA:0,La
FNDA:0,(anonymous_940)
FNDA:0,dm
FNDA:0,fm
FNDA:0,ym
FNDA:0,bm
FNDA:0,xm
FNDA:0,(anonymous_946)
FNDA:226,(anonymous_947)
FNDA:0,(anonymous_948)
FNDA:0,(anonymous_949)
FNDA:226,Ze
FNDA:3,qr
FNDA:6,(anonymous_952)
FNDA:3,Pm
FNDA:3,Un
FNDA:3,(anonymous_955)
FNDA:0,Ma
FNDA:3,Tm
FNDA:3,Sm
FNDA:0,(anonymous_959)
FNDA:3,(anonymous_960)
FNDA:3,$a
FNDA:0,Rm
FNDA:0,Am
FNDA:0,(anonymous_964)
FNDA:0,(anonymous_965)
FNDA:0,qa
FNDA:3,Va
FNDA:0,(anonymous_968)
FNDA:3,(anonymous_969)
FNDA:0,(anonymous_970)
FNDA:0,ja
FNDA:0,(anonymous_972)
FNDA:0,(anonymous_973)
FNDA:150,(anonymous_974)
FNDA:150,(anonymous_975)
FNDA:0,(anonymous_976)
FNDA:0,(anonymous_977)
FNDA:0,(anonymous_978)
FNDA:76,Cm
FNDA:76,Im
FNDA:76,lo
FNDA:604,(anonymous_982)
FNDA:76,(anonymous_983)
FNDA:76,(anonymous_984)
FNDA:76,Dm
FNDA:604,(anonymous_986)
FNDA:95,(anonymous_987)
FNDA:10,uo
FNDA:0,(anonymous_989)
FNDA:0,(anonymous_990)
FNDA:0,(anonymous_991)
FNDA:10,_m
FNDA:10,(anonymous_993)
FNDA:150,(anonymous_994)
FNDA:150,(anonymous_995)
FNDA:150,(anonymous_996)
FNDA:150,(anonymous_997)
FNDA:74,Nm
FNDA:10,Lm
FNDA:0,(anonymous_1000)
FNDA:10,Ga
FNDA:10,(anonymous_1002)
FNDA:4,Pt
FNDA:0,(anonymous_1004)
FNDA:0,(anonymous_1005)
FNDA:4,Fm
FNDA:4,(anonymous_1007)
FNDA:4,(anonymous_1008)
FNDA:4,Mm
FNDA:4,(anonymous_1010)
FNDA:10,(anonymous_1011)
FNDA:0,(anonymous_1012)
FNDA:0,Qa
FNDA:0,Wa
FNDA:0,Ja
FNDA:0,(anonymous_1016)
FNDA:0,(anonymous_1017)
FNDA:0,$m
FNDA:0,(anonymous_1019)
FNDA:0,qm
FNDA:0,(anonymous_1021)
FNDA:0,Gn
FNDA:0,Ka
FNDA:0,(anonymous_1024)
FNDA:150,Ha
FNDA:0,(anonymous_1026)
FNDA:0,za
FNDA:0,jm
FNDA:0,Bm
FNDA:0,Tt
FNDA:0,Xa
FNDA:0,(anonymous_1032)
FNDA:0,(anonymous_1033)
FNDA:150,el
FNDA:4,rl
FNDA:0,(anonymous_1036)
FNDA:0,tl
FNDA:0,(anonymous_1038)
FNDA:0,(anonymous_1039)
FNDA:0,(anonymous_1040)
FNDA:0,nl
FNDA:0,(anonymous_1042)
FNDA:4,sl
FNDA:4,al
FNDA:0,Qn
FNDA:0,Um
FNDA:0,Xe
FNDA:0,er
FNDA:0,(anonymous_1049)
FNDA:0,ll
FNDA:0,Wn
FNDA:0,Jn
FNDA:0,ul
FNDA:0,cl
FNDA:0,(anonymous_1055)
FNDA:0,pl
FNDA:0,(anonymous_1057)
FNDA:4,ml
FNDA:0,(anonymous_1059)
FNDA:0,(anonymous_1060)
FNDA:4,Wm
FNDA:4,fl
FNDA:0,gl
FNDA:0,(anonymous_1064)
FNDA:0,hl
FNDA:0,(anonymous_1066)
FNDA:0,El
FNDA:0,bl
FNDA:0,wl
FNDA:237,Jm
FNDA:143,Km
FNDA:647,Vr
FNDA:94,Hm
FNDA:0,(anonymous_1074)
FNDA:0,(anonymous_1075)
FNDA:0,(anonymous_1076)
FNDA:0,(anonymous_1077)
FNDA:0,(anonymous_1078)
FNDA:0,(anonymous_1079)
FNDA:0,nf
FNDA:0,(anonymous_1081)
FNDA:0,Kn
FNDA:4,jr
FNDA:0,(anonymous_1084)
FNDA:0,(anonymous_1085)
FNDA:0,(anonymous_1086)
FNDA:0,R
FNDA:0,(anonymous_1088)
FNDA:0,vl
FNDA:0,(anonymous_1090)
FNDA:0,(anonymous_1091)
FNDA:0,sf
FNDA:0,po
FNDA:0,(anonymous_1094)
FNDA:0,(anonymous_1095)
FNDA:0,(anonymous_1096)
FNDA:0,(anonymous_1097)
FNDA:0,(anonymous_1098)
FNDA:0,(anonymous_1099)
FNDA:0,(anonymous_1100)
FNDA:0,(anonymous_1101)
FNDA:0,(anonymous_1102)
FNDA:0,(anonymous_1103)
FNDA:0,(anonymous_1104)
FNDA:0,(anonymous_1105)
FNDA:0,(anonymous_1106)
FNDA:0,(anonymous_1107)
FNDA:0,(anonymous_1108)
FNDA:0,uf
FNDA:0,Ft
FNDA:0,Gr
FNDA:0,Tl
FNDA:0,(anonymous_1113)
FNDA:0,(anonymous_1114)
FNDA:0,Sl
FNDA:0,Rl
FNDA:0,(anonymous_1117)
FNDA:0,(anonymous_1118)
FNDA:0,dr
FNDA:0,(anonymous_1120)
FNDA:0,df
FNDA:0,Il
FNDA:0,mf
FNDA:0,(anonymous_1124)
FNDA:0,(anonymous_1125)
FNDA:0,(anonymous_1126)
FNDA:0,(anonymous_1127)
FNDA:0,(anonymous_1128)
FNDA:0,(anonymous_1129)
FNDA:0,(anonymous_1130)
FNDA:0,(anonymous_1131)
FNDA:0,(anonymous_1132)
FNDA:0,(anonymous_1133)
FNDA:0,(anonymous_1134)
FNDA:0,(anonymous_1135)
FNDA:0,(anonymous_1136)
FNDA:0,(anonymous_1137)
FNDA:0,(anonymous_1138)
FNDA:0,(anonymous_1139)
FNDA:0,(anonymous_1140)
FNDA:0,(anonymous_1141)
FNDA:0,(anonymous_1142)
FNDA:0,(anonymous_1143)
FNDA:0,(anonymous_1144)
FNDA:0,(anonymous_1145)
FNDA:0,(anonymous_1146)
FNDA:0,(anonymous_1147)
FNDA:0,(anonymous_1148)
FNDA:0,(anonymous_1149)
FNDA:0,Ol
FNDA:4,ff
FNDA:4,gf
FNDA:4,(anonymous_1153)
FNDA:4,(anonymous_1154)
FNDA:0,(anonymous_1155)
FNDA:0,(anonymous_1156)
FNDA:0,(anonymous_1157)
FNDA:0,(anonymous_1158)
FNDA:0,(anonymous_1159)
FNDA:0,yf
FNDA:0,Ef
FNDA:156,wf
FNDA:4,(anonymous_1163)
FNDA:4,(anonymous_1164)
FNDA:24,(anonymous_1165)
FNDA:156,(anonymous_1166)
FNDA:0,(anonymous_1167)
FNDA:0,(anonymous_1168)
FNDA:4,(anonymous_1169)
FNDA:4,(anonymous_1170)
FNDA:4,(anonymous_1171)
FNDA:4,(anonymous_1172)
FNDA:150,(anonymous_1173)
FNDA:4,(anonymous_1174)
FNDA:0,(anonymous_1175)
FNDA:0,(anonymous_1176)
FNDA:0,(anonymous_1177)
FNDA:0,(anonymous_1178)
FNDA:0,(anonymous_1179)
FNDA:152,(anonymous_1180)
FNDA:4,(anonymous_1181)
FNDA:2,(anonymous_1182)
FNDA:2,(anonymous_1183)
FNDA:2,(anonymous_1184)
FNDA:4,(anonymous_1185)
FNDA:0,(anonymous_1186)
FNDA:150,(anonymous_1187)
FNDA:0,(anonymous_1188)
FNDA:0,(anonymous_1189)
FNDA:0,(anonymous_1190)
FNDA:0,(anonymous_1191)
FNDA:0,(anonymous_1192)
FNDA:0,xf
FNDA:0,Po
FNDA:4,Fl
FNDA:0,(anonymous_1196)
FNDA:0,(anonymous_1197)
FNDA:4,h
FNDA:4,Ml
FNDA:4,$l
FNDA:0,(anonymous_1201)
FNDA:0,(anonymous_1202)
FNDA:0,(anonymous_1203)
FNDA:0,Wr
FNDA:0,jl
FNDA:0,(anonymous_1206)
FNDA:0,Ul
FNDA:0,(anonymous_1208)
FNDA:0,vf
FNDA:0,Gl
FNDA:0,Bl
FNDA:0,To
FNDA:0,(anonymous_1213)
FNDA:0,(anonymous_1214)
FNDA:0,(anonymous_1215)
FNDA:0,(anonymous_1216)
FNDA:0,(anonymous_1217)
FNDA:0,(anonymous_1218)
FNDA:4,Ro
FNDA:150,(anonymous_1220)
FNDA:150,(anonymous_1221)
FNDA:0,(anonymous_1222)
FNDA:150,(anonymous_1223)
FNDA:0,(anonymous_1224)
FNDA:0,(anonymous_1225)
FNDA:0,(anonymous_1226)
FNDA:150,Kl
FNDA:160,(anonymous_1228)
FNDA:156,(anonymous_1229)
FNDA:0,(anonymous_1230)
FNDA:300,(anonymous_1231)
FNDA:318,(anonymous_1232)
FNDA:160,(anonymous_1233)
FNDA:156,(anonymous_1234)
FNDA:0,(anonymous_1235)
FNDA:300,(anonymous_1236)
FNDA:318,(anonymous_1237)
FNDA:934,(anonymous_1238)
FNDA:4,Hl
FNDA:0,Yl
FNDA:0,(anonymous_1241)
FNDA:0,(anonymous_1242)
FNDA:0,(anonymous_1243)
FNDA:0,zl
FNDA:0,(anonymous_1245)
FNDA:0,zn
FNDA:150,Zl
FNDA:120,Co
FNDA:204,(anonymous_1249)
FNDA:150,Io
FNDA:4,(anonymous_1251)
FNDA:150,(anonymous_1252)
FNDA:40,(anonymous_1253)
FNDA:40,(anonymous_1254)
FNDA:40,(anonymous_1255)
FNDA:40,(anonymous_1256)
FNDA:0,(anonymous_1257)
FNDA:0,(anonymous_1258)
FNDA:0,(anonymous_1259)
FNDA:0,(anonymous_1260)
FNDA:0,(anonymous_1261)
FNDA:0,(anonymous_1262)
FNDA:0,mr
FNDA:0,(anonymous_1264)
FNDA:0,(anonymous_1265)
FNDA:0,(anonymous_1266)
FNDA:0,(anonymous_1267)
FNDA:0,(anonymous_1268)
FNDA:0,(anonymous_1269)
FNDA:0,Xn
FNDA:0,Af
FNDA:4,(anonymous_1272)
FNDA:0,(anonymous_1273)
FNDA:0,(anonymous_1274)
FNDA:0,(anonymous_1275)
FNDA:0,(anonymous_1276)
FNDA:150,(anonymous_1277)
FNDA:150,(anonymous_1278)
FNDA:0,(anonymous_1279)
FNDA:150,(anonymous_1280)
FNDA:150,(anonymous_1281)
FNDA:0,(anonymous_1282)
FNDA:0,(anonymous_1283)
FNDA:0,(anonymous_1284)
FNDA:150,(anonymous_1285)
FNDA:0,(anonymous_1286)
FNDA:0,(anonymous_1287)
FNDA:0,If
FNDA:0,Xl
FNDA:0,Df
FNDA:0,Of
FNDA:0,eu
FNDA:0,(anonymous_1293)
FNDA:0,(anonymous_1294)
FNDA:2,(anonymous_1295)
FNDA:0,(anonymous_1296)
FNDA:0,(anonymous_1297)
FNDA:0,(anonymous_1298)
FNDA:0,(anonymous_1299)
FNDA:0,r
FNDA:0,(anonymous_1301)
FNDA:0,(anonymous_1302)
FNDA:0,(anonymous_1303)
FNDA:0,(anonymous_1304)
FNDA:0,(anonymous_1305)
FNDA:2,au
FNDA:0,Jr
FNDA:0,_f
FNDA:0,(anonymous_1309)
FNDA:0,(anonymous_1310)
FNDA:0,Nf
FNDA:0,ou
FNDA:0,(anonymous_1313)
FNDA:0,Lf
FNDA:0,(anonymous_1315)
FNDA:0,(anonymous_1316)
FNDA:0,(anonymous_1317)
FNDA:0,(anonymous_1318)
FNDA:0,lu
FNDA:0,(anonymous_1320)
FNDA:0,(anonymous_1321)
FNDA:0,(anonymous_1322)
FNDA:0,(anonymous_1323)
FNDA:0,(anonymous_1324)
FNDA:150,(anonymous_1325)
FNDA:82,(anonymous_1326)
FNDA:0,(anonymous_1327)
FNDA:2,fu
FNDA:4,(anonymous_1329)
FNDA:0,(anonymous_1330)
FNDA:0,(anonymous_1331)
FNDA:0,(anonymous_1332)
FNDA:0,(anonymous_1333)
FNDA:0,(anonymous_1334)
FNDA:2,(anonymous_1335)
FNDA:2,(anonymous_1336)
FNDA:0,(anonymous_1337)
FNDA:0,(anonymous_1338)
FNDA:0,(anonymous_1339)
FNDA:0,(anonymous_1340)
FNDA:0,(anonymous_1341)
FNDA:0,(anonymous_1342)
FNDA:0,(anonymous_1343)
FNDA:0,(anonymous_1344)
FNDA:0,(anonymous_1345)
FNDA:0,(anonymous_1346)
FNDA:0,(anonymous_1347)
FNDA:0,(anonymous_1348)
FNDA:0,(anonymous_1349)
FNDA:0,(anonymous_1350)
FNDA:0,(anonymous_1351)
FNDA:0,(anonymous_1352)
FNDA:0,(anonymous_1353)
FNDA:0,(anonymous_1354)
FNDA:0,(anonymous_1355)
FNDA:0,(anonymous_1356)
FNDA:0,(anonymous_1357)
FNDA:0,(anonymous_1358)
FNDA:0,(anonymous_1359)
FNDA:0,(anonymous_1360)
FNDA:0,(anonymous_1361)
FNDA:0,(anonymous_1362)
FNDA:150,(anonymous_1363)
FNDA:150,(anonymous_1364)
FNDA:150,(anonymous_1365)
FNDA:150,(anonymous_1366)
FNDA:150,(anonymous_1367)
FNDA:150,(anonymous_1368)
FNDA:0,(anonymous_1369)
FNDA:0,(anonymous_1370)
FNDA:0,uu
FNDA:0,qf
FNDA:2,gu
FNDA:0,(anonymous_1374)
FNDA:2,hu
DA:4,1987
DA:5,6
DA:6,410
DA:7,132
DA:8,12
DA:9,4
DA:12,4
DA:14,0
DA:15,6
DA:16,2
DA:18,0
DA:22,0
DA:24,584
DA:25,0
DA:26,0
DA:27,0
DA:28,2
DA:29,2
DA:30,2
DA:31,127
DA:32,1494
DA:33,2
DA:34,604
DA:36,4
DA:38,0
DA:39,0
DA:40,0
DA:45,0
DA:46,0
DA:48,0
DA:55,0
DA:60,0
DA:67,4
DA:68,0
DA:69,2
DA:72,0
DA:104,0
DA:113,647
DA:114,156
DA:115,152
DA:116,4
DA:117,4
DA:124,934
DA:125,2
DA:126,2
DA:127,2
DA:128,0
DA:129,2
DA:133,150
DA:134,4
LF:50
LH:32
BRDA:4,0,0,4
BRDA:4,0,1,4
BRDA:4,1,0,36
BRDA:4,1,1,24
BRDA:4,2,0,60
BRDA:4,2,1,0
BRDA:4,3,0,60
BRDA:4,3,1,60
BRDA:4,3,2,12
BRDA:4,4,0,1987
BRDA:4,4,1,1985
BRDA:4,4,2,1985
BRDA:4,5,0,1985
BRDA:4,5,1,1985
BRDA:4,6,0,58
BRDA:4,6,1,0
BRDA:4,7,0,52
BRDA:4,7,1,6
BRDA:4,8,0,58
BRDA:4,8,1,52
BRDA:4,8,2,52
BRDA:4,9,0,72
BRDA:4,10,0,0
BRDA:4,10,1,72
BRDA:4,11,0,0
BRDA:4,11,1,72
BRDA:4,12,0,72
BRDA:4,12,1,0
BRDA:4,12,2,0
BRDA:4,13,0,0
BRDA:4,13,1,2
BRDA:4,14,0,2
BRDA:4,14,1,2
BRDA:4,14,2,2
BRDA:4,14,3,2
BRDA:4,15,0,2
BRDA:4,15,1,2
BRDA:4,15,2,2
BRDA:4,15,3,2
BRDA:4,15,4,0
BRDA:4,16,0,2
BRDA:4,16,1,0
BRDA:4,17,0,0
BRDA:4,17,1,0
BRDA:4,18,0,0
BRDA:4,18,1,0
BRDA:4,19,0,0
BRDA:4,19,1,0
BRDA:4,20,0,0
BRDA:4,20,1,8
BRDA:4,21,0,0
BRDA:4,21,1,8
BRDA:4,22,0,0
BRDA:4,22,1,8
BRDA:4,23,0,8
BRDA:4,23,1,8
BRDA:4,23,2,8
BRDA:4,24,0,0
BRDA:4,24,1,8
BRDA:4,25,0,0
BRDA:4,25,1,8
BRDA:4,26,0,8
BRDA:4,26,1,8
BRDA:4,26,2,0
BRDA:4,27,0,8
BRDA:4,27,1,8
BRDA:4,28,0,0
BRDA:4,28,1,8
BRDA:4,29,0,0
BRDA:4,29,1,8
BRDA:4,30,0,0
BRDA:4,30,1,0
BRDA:4,31,0,0
BRDA:4,31,1,0
BRDA:4,32,0,0
BRDA:4,32,1,0
BRDA:4,33,0,0
BRDA:4,33,1,8
BRDA:4,34,0,0
BRDA:4,34,1,0
BRDA:4,35,0,0
BRDA:4,35,1,0
BRDA:4,36,0,0
BRDA:4,36,1,8
BRDA:4,37,0,0
BRDA:4,37,1,0
BRDA:4,38,0,8
BRDA:4,38,1,0
BRDA:4,39,0,0
BRDA:4,39,1,0
BRDA:4,40,0,0
BRDA:4,40,1,0
BRDA:4,41,0,0
BRDA:4,41,1,0
BRDA:4,42,0,0
BRDA:4,42,1,0
BRDA:4,43,0,0
BRDA:4,43,1,0
BRDA:4,44,0,0
BRDA:4,44,1,0
BRDA:4,45,0,0
BRDA:4,45,1,0
BRDA:4,46,0,4
BRDA:4,46,1,4
BRDA:4,47,0,0
BRDA:4,47,1,4
BRDA:4,48,0,0
BRDA:4,48,1,0
BRDA:4,49,0,4
BRDA:4,49,1,0
BRDA:4,50,0,0
BRDA:4,50,1,4
BRDA:4,51,0,0
BRDA:4,51,1,0
BRDA:4,52,0,0
BRDA:4,52,1,4
BRDA:4,53,0,4
BRDA:4,53,1,4
BRDA:4,53,2,4
BRDA:4,53,3,4
BRDA:4,54,0,0
BRDA:4,54,1,4
BRDA:4,55,0,4
BRDA:4,55,1,4
BRDA:4,55,2,4
BRDA:4,56,0,0
BRDA:4,56,1,4
BRDA:4,57,0,4
BRDA:4,57,1,4
BRDA:4,57,2,4
BRDA:4,58,0,0
BRDA:4,58,1,4
BRDA:4,59,0,0
BRDA:4,59,1,4
BRDA:4,60,0,4
BRDA:4,60,1,4
BRDA:4,60,2,4
BRDA:4,61,0,4
BRDA:4,61,1,0
BRDA:4,62,0,4
BRDA:4,62,1,0
BRDA:4,63,0,0
BRDA:4,63,1,0
BRDA:4,63,2,4
BRDA:4,63,3,0
BRDA:4,64,0,0
BRDA:4,64,1,0
BRDA:4,65,0,4
BRDA:4,65,1,4
BRDA:4,65,2,4
BRDA:4,66,0,0
BRDA:4,66,1,0
BRDA:4,67,0,0
BRDA:4,67,1,0
BRDA:4,68,0,0
BRDA:4,68,1,0
BRDA:4,69,0,0
BRDA:4,70,0,0
BRDA:4,70,1,0
BRDA:4,71,0,0
BRDA:4,72,0,0
BRDA:4,72,1,0
BRDA:4,73,0,0
BRDA:4,73,1,0
BRDA:4,74,0,0
BRDA:4,74,1,0
BRDA:4,75,0,0
BRDA:4,75,1,0
BRDA:4,76,0,0
BRDA:4,76,1,0
BRDA:5,77,0,6
BRDA:5,77,1,0
BRDA:5,78,0,6
BRDA:5,78,1,6
BRDA:6,79,0,0
BRDA:6,79,1,0
BRDA:6,80,0,0
BRDA:6,80,1,0
BRDA:6,81,0,0
BRDA:6,81,1,6
BRDA:6,82,0,6
BRDA:6,82,1,6
BRDA:6,82,2,0
BRDA:6,83,0,0
BRDA:6,83,1,6
BRDA:6,84,0,6
BRDA:6,84,1,0
BRDA:6,85,0,0
BRDA:6,85,1,0
BRDA:6,86,0,0
BRDA:6,86,1,0
BRDA:6,87,0,0
BRDA:6,87,1,0
BRDA:6,88,0,0
BRDA:6,88,1,0
BRDA:6,89,0,0
BRDA:6,89,1,0
BRDA:6,90,0,0
BRDA:6,90,1,0
BRDA:6,90,2,0
BRDA:6,91,0,0
BRDA:6,91,1,0
BRDA:6,92,0,0
BRDA:6,92,1,0
BRDA:6,93,0,0
BRDA:6,93,1,0
BRDA:6,94,0,0
BRDA:6,94,1,0
BRDA:6,95,0,0
BRDA:6,95,1,0
BRDA:6,96,0,0
BRDA:6,96,1,6
BRDA:6,97,0,0
BRDA:6,97,1,0
BRDA:6,98,0,0
BRDA:6,98,1,0
BRDA:6,99,0,0
BRDA:6,99,1,0
BRDA:6,99,2,0
BRDA:6,100,0,6
BRDA:6,100,1,6
BRDA:6,101,0,0
BRDA:6,101,1,6
BRDA:6,102,0,6
BRDA:6,102,1,6
BRDA:6,103,0,6
BRDA:6,103,1,0
BRDA:6,104,0,6
BRDA:6,104,1,0
BRDA:6,105,0,6
BRDA:6,105,1,6
BRDA:6,106,0,6
BRDA:6,106,1,0
BRDA:6,107,0,0
BRDA:6,107,1,0
BRDA:6,108,0,6
BRDA:6,108,1,6
BRDA:6,108,2,0
BRDA:6,109,0,0
BRDA:6,109,1,6
BRDA:6,110,0,6
BRDA:6,110,1,0
BRDA:6,111,0,0
BRDA:6,111,1,0
BRDA:6,112,0,0
BRDA:6,112,1,0
BRDA:6,113,0,0
BRDA:6,113,1,0
BRDA:6,114,0,0
BRDA:6,114,1,0
BRDA:6,115,0,0
BRDA:6,116,0,12
BRDA:6,116,1,12
BRDA:6,117,0,12
BRDA:6,117,1,12
BRDA:6,118,0,0
BRDA:6,118,1,12
BRDA:6,119,0,4
BRDA:6,119,1,8
BRDA:6,120,0,4
BRDA:6,120,1,0
BRDA:6,121,0,4
BRDA:6,121,1,0
BRDA:6,122,0,0
BRDA:6,122,1,0
BRDA:6,123,0,0
BRDA:6,124,0,0
BRDA:6,124,1,0
BRDA:6,125,0,0
BRDA:6,125,1,0
BRDA:6,126,0,0
BRDA:6,126,1,0
BRDA:6,127,0,0
BRDA:6,127,1,0
BRDA:6,128,0,0
BRDA:6,128,1,0
BRDA:6,129,0,0
BRDA:6,129,1,0
BRDA:6,130,0,0
BRDA:6,130,1,0
BRDA:6,131,0,0
BRDA:6,131,1,0
BRDA:6,132,0,0
BRDA:6,132,1,0
BRDA:6,133,0,0
BRDA:6,133,1,0
BRDA:6,134,0,0
BRDA:6,134,1,0
BRDA:6,135,0,0
BRDA:6,135,1,0
BRDA:6,136,0,0
BRDA:6,136,1,0
BRDA:6,137,0,0
BRDA:6,137,1,0
BRDA:6,138,0,0
BRDA:6,138,1,0
BRDA:6,139,0,0
BRDA:6,139,1,0
BRDA:6,140,0,0
BRDA:6,140,1,0
BRDA:6,141,0,0
BRDA:6,141,1,0
BRDA:6,142,0,2
BRDA:6,142,1,2
BRDA:6,143,0,2
BRDA:6,143,1,0
BRDA:6,144,0,2
BRDA:6,144,1,2
BRDA:6,145,0,2
BRDA:6,145,1,2
BRDA:6,145,2,2
BRDA:6,145,3,2
BRDA:6,145,4,0
BRDA:6,145,5,2
BRDA:6,146,0,0
BRDA:6,146,1,16
BRDA:6,147,0,16
BRDA:6,147,1,16
BRDA:6,148,0,0
BRDA:6,148,1,16
BRDA:6,149,0,2
BRDA:6,149,1,0
BRDA:6,150,0,2
BRDA:6,150,1,2
BRDA:6,151,0,0
BRDA:6,151,1,2
BRDA:6,152,0,0
BRDA:6,152,1,0
BRDA:6,153,0,410
BRDA:6,153,1,0
BRDA:6,154,0,410
BRDA:6,154,1,0
BRDA:6,155,0,410
BRDA:6,155,1,0
BRDA:6,156,0,410
BRDA:6,156,1,0
BRDA:6,157,0,410
BRDA:6,157,1,0
BRDA:6,158,0,0
BRDA:6,158,1,0
BRDA:6,159,0,0
BRDA:6,159,1,230
BRDA:6,160,0,230
BRDA:6,160,1,230
BRDA:6,161,0,230
BRDA:6,161,1,42
BRDA:6,162,0,230
BRDA:6,162,1,230
BRDA:6,163,0,0
BRDA:6,163,1,0
BRDA:6,164,0,0
BRDA:6,164,1,0
BRDA:6,165,0,0
BRDA:6,166,0,0
BRDA:6,166,1,0
BRDA:6,167,0,0
BRDA:6,167,1,0
BRDA:6,168,0,0
BRDA:6,168,1,0
BRDA:6,169,0,0
BRDA:6,169,1,0
BRDA:6,170,0,0
BRDA:6,171,0,0
BRDA:6,171,1,0
BRDA:7,172,0,0
BRDA:7,172,1,0
BRDA:7,173,0,0
BRDA:7,173,1,4
BRDA:7,174,0,4
BRDA:7,174,1,4
BRDA:7,175,0,4
BRDA:7,175,1,0
BRDA:7,176,0,0
BRDA:7,176,1,4
BRDA:7,177,0,0
BRDA:7,177,1,0
BRDA:7,178,0,0
BRDA:7,178,1,4
BRDA:7,179,0,0
BRDA:7,179,1,0
BRDA:7,180,0,0
BRDA:7,180,1,4
BRDA:7,181,0,132
BRDA:7,181,1,132
BRDA:7,182,0,88
BRDA:7,182,1,88
BRDA:7,183,0,0
BRDA:7,183,1,88
BRDA:7,184,0,0
BRDA:7,184,1,0
BRDA:7,184,2,0
BRDA:7,185,0,44
BRDA:7,185,1,44
BRDA:7,186,0,0
BRDA:7,186,1,44
BRDA:7,187,0,0
BRDA:7,187,1,44
BRDA:7,188,0,0
BRDA:7,188,1,0
BRDA:7,189,0,0
BRDA:7,189,1,0
BRDA:7,190,0,0
BRDA:7,190,1,0
BRDA:7,191,0,0
BRDA:7,191,1,0
BRDA:7,192,0,0
BRDA:7,192,1,0
BRDA:7,193,0,0
BRDA:7,193,1,0
BRDA:7,194,0,0
BRDA:7,194,1,0
BRDA:7,195,0,0
BRDA:7,195,1,0
BRDA:7,196,0,0
BRDA:7,196,1,0
BRDA:7,197,0,0
BRDA:7,197,1,0
BRDA:7,197,2,0
BRDA:7,197,3,0
BRDA:7,198,0,0
BRDA:7,198,1,0
BRDA:7,199,0,44
BRDA:7,199,1,0
BRDA:7,199,2,0
BRDA:7,199,3,44
BRDA:7,200,0,0
BRDA:7,200,1,0
BRDA:7,201,0,0
BRDA:7,201,1,0
BRDA:7,202,0,0
BRDA:7,202,1,0
BRDA:7,203,0,0
BRDA:7,203,1,0
BRDA:7,204,0,0
BRDA:7,204,1,0
BRDA:7,205,0,0
BRDA:7,205,1,0
BRDA:7,206,0,0
BRDA:7,206,1,0
BRDA:7,207,0,0
BRDA:7,207,1,0
BRDA:7,208,0,0
BRDA:7,208,1,0
BRDA:7,209,0,0
BRDA:7,209,1,0
BRDA:7,210,0,0
BRDA:7,210,1,0
BRDA:7,211,0,0
BRDA:7,211,1,0
BRDA:7,212,0,0
BRDA:7,212,1,0
BRDA:7,213,0,0
BRDA:7,213,1,0
BRDA:7,214,0,0
BRDA:7,214,1,0
BRDA:7,215,0,0
BRDA:7,215,1,0
BRDA:7,216,0,0
BRDA:7,216,1,0
BRDA:7,217,0,0
BRDA:7,217,1,0
BRDA:7,218,0,0
BRDA:7,218,1,0
BRDA:7,219,0,0
BRDA:7,219,1,0
BRDA:7,220,0,0
BRDA:7,220,1,0
BRDA:7,221,0,0
BRDA:7,221,1,0
BRDA:7,221,2,0
BRDA:7,222,0,0
BRDA:7,222,1,0
BRDA:7,223,0,0
BRDA:7,223,1,0
BRDA:7,224,0,0
BRDA:7,224,1,0
BRDA:7,225,0,0
BRDA:7,225,1,0
BRDA:7,226,0,0
BRDA:7,226,1,0
BRDA:7,227,0,0
BRDA:7,227,1,0
BRDA:7,228,0,0
BRDA:7,228,1,0
BRDA:7,229,0,0
BRDA:7,229,1,0
BRDA:7,230,0,0
BRDA:7,230,1,0
BRDA:7,230,2,0
BRDA:7,231,0,0
BRDA:7,231,1,0
BRDA:7,232,0,0
BRDA:7,232,1,0
BRDA:7,233,0,0
BRDA:7,233,1,0
BRDA:7,234,0,0
BRDA:7,234,1,0
BRDA:7,235,0,0
BRDA:7,235,1,0
BRDA:7,236,0,0
BRDA:7,236,1,0
BRDA:7,237,0,0
BRDA:7,237,1,32
BRDA:7,238,0,0
BRDA:7,238,1,32
BRDA:7,239,0,32
BRDA:7,239,1,4
BRDA:7,240,0,32
BRDA:7,240,1,8
BRDA:7,241,0,32
BRDA:7,241,1,0
BRDA:7,242,0,32
BRDA:7,242,1,0
BRDA:7,242,2,0
BRDA:7,243,0,0
BRDA:7,243,1,0
BRDA:7,244,0,0
BRDA:7,244,1,0
BRDA:7,245,0,4
BRDA:7,245,1,8
BRDA:7,246,0,4
BRDA:7,246,1,4
BRDA:7,247,0,4
BRDA:7,247,1,4
BRDA:7,248,0,0
BRDA:7,248,1,0
BRDA:7,249,0,0
BRDA:7,249,1,0
BRDA:7,250,0,0
BRDA:7,250,1,4
BRDA:7,251,0,0
BRDA:7,251,1,0
BRDA:7,252,0,0
BRDA:7,252,1,0
BRDA:7,253,0,0
BRDA:7,253,1,0
BRDA:7,254,0,0
BRDA:7,254,1,4
BRDA:7,255,0,4
BRDA:7,255,1,4
BRDA:7,255,2,4
BRDA:7,255,3,0
BRDA:7,256,0,4
BRDA:7,256,1,0
BRDA:7,256,2,0
BRDA:7,256,3,4
BRDA:7,257,0,4
BRDA:7,257,1,4
BRDA:7,258,0,4
BRDA:7,258,1,0
BRDA:7,259,0,0
BRDA:7,259,1,0
BRDA:7,259,2,0
BRDA:7,259,3,0
BRDA:8,260,0,0
BRDA:8,260,1,0
BRDA:8,261,0,4
BRDA:8,261,1,0
BRDA:8,262,0,4
BRDA:8,262,1,4
BRDA:8,263,0,0
BRDA:8,263,1,4
BRDA:8,264,0,4
BRDA:8,264,1,0
BRDA:8,265,0,0
BRDA:8,265,1,4
BRDA:8,266,0,0
BRDA:8,266,1,0
BRDA:8,267,0,4
BRDA:8,267,1,0
BRDA:8,268,0,4
BRDA:8,268,1,0
BRDA:8,269,0,4
BRDA:8,269,1,0
BRDA:8,270,0,0
BRDA:8,270,1,0
BRDA:8,271,0,0
BRDA:8,271,1,0
BRDA:8,272,0,0
BRDA:8,272,1,0
BRDA:8,273,0,0
BRDA:8,273,1,0
BRDA:8,274,0,0
BRDA:8,274,1,0
BRDA:8,275,0,8
BRDA:8,275,1,4
BRDA:8,276,0,4
BRDA:8,276,1,4
BRDA:8,276,2,0
BRDA:8,277,0,0
BRDA:8,277,1,4
BRDA:8,278,0,4
BRDA:8,278,1,4
BRDA:9,279,0,0
BRDA:9,279,1,4
BRDA:9,280,0,4
BRDA:9,280,1,4
BRDA:9,280,2,0
BRDA:9,281,0,4
BRDA:9,281,1,0
BRDA:9,282,0,0
BRDA:9,282,1,4
BRDA:9,283,0,0
BRDA:9,283,1,4
BRDA:9,284,0,0
BRDA:9,284,1,4
BRDA:9,285,0,0
BRDA:9,285,1,4
BRDA:9,286,0,0
BRDA:9,286,1,4
BRDA:9,287,0,0
BRDA:9,287,1,4
BRDA:9,288,0,4
BRDA:9,288,1,4
BRDA:9,289,0,0
BRDA:9,289,1,4
BRDA:9,290,0,4
BRDA:9,290,1,4
BRDA:9,291,0,0
BRDA:9,291,1,0
BRDA:9,292,0,0
BRDA:9,292,1,0
BRDA:9,293,0,0
BRDA:9,293,1,4
BRDA:9,294,0,4
BRDA:9,294,1,4
BRDA:9,295,0,0
BRDA:9,295,1,0
BRDA:9,296,0,0
BRDA:9,296,1,4
BRDA:9,297,0,4
BRDA:9,297,1,4
BRDA:9,298,0,0
BRDA:9,298,1,0
BRDA:9,299,0,0
BRDA:9,299,1,0
BRDA:9,300,0,4
BRDA:9,300,1,0
BRDA:9,301,0,4
BRDA:9,301,1,4
BRDA:9,301,2,4
BRDA:9,302,0,0
BRDA:9,302,1,0
BRDA:9,303,0,0
BRDA:9,303,1,0
BRDA:9,304,0,0
BRDA:9,304,1,0
BRDA:9,305,0,4
BRDA:9,305,1,0
BRDA:9,306,0,2
BRDA:9,306,1,0
BRDA:9,307,0,2
BRDA:9,307,1,0
BRDA:9,308,0,2
BRDA:9,308,1,0
BRDA:9,309,0,2
BRDA:9,309,1,0
BRDA:9,310,0,2
BRDA:9,310,1,2
BRDA:9,310,2,2
BRDA:9,310,3,2
BRDA:9,311,0,2
BRDA:9,311,1,2
BRDA:9,311,2,2
BRDA:9,312,0,2
BRDA:9,312,1,2
BRDA:9,312,2,0
BRDA:9,312,3,0
BRDA:9,313,0,2
BRDA:9,313,1,2
BRDA:9,313,2,0
BRDA:9,313,3,2
BRDA:9,314,0,2
BRDA:9,314,1,2
BRDA:9,314,2,2
BRDA:9,314,3,2
BRDA:9,315,0,2
BRDA:9,315,1,2
BRDA:9,316,0,2
BRDA:9,316,1,2
BRDA:9,317,0,0
BRDA:9,317,1,2
BRDA:9,318,0,0
BRDA:9,318,1,0
BRDA:9,319,0,0
BRDA:9,319,1,0
BRDA:9,320,0,0
BRDA:9,320,1,0
BRDA:9,321,0,0
BRDA:9,321,1,0
BRDA:9,322,0,0
BRDA:9,322,1,0
BRDA:9,323,0,0
BRDA:9,323,1,0
BRDA:9,324,0,0
BRDA:9,324,1,0
BRDA:9,325,0,0
BRDA:9,326,0,0
BRDA:9,327,0,0
BRDA:9,328,0,0
BRDA:9,329,0,0
BRDA:9,329,1,2
BRDA:9,330,0,0
BRDA:9,330,1,2
BRDA:9,331,0,0
BRDA:9,331,1,0
BRDA:9,332,0,0
BRDA:9,332,1,0
BRDA:9,333,0,0
BRDA:9,333,1,2
BRDA:9,334,0,0
BRDA:9,335,0,0
BRDA:9,335,1,0
BRDA:9,336,0,0
BRDA:9,336,1,0
BRDA:9,337,0,0
BRDA:9,337,1,0
BRDA:9,338,0,0
BRDA:9,339,0,0
BRDA:9,340,0,0
BRDA:9,340,1,0
BRDA:9,341,0,0
BRDA:9,341,1,0
BRDA:9,341,2,0
BRDA:9,342,0,0
BRDA:9,342,1,0
BRDA:9,342,2,0
BRDA:9,343,0,0
BRDA:9,343,1,0
BRDA:9,344,0,0
BRDA:9,344,1,0
BRDA:9,345,0,0
BRDA:9,345,1,0
BRDA:9,346,0,0
BRDA:9,347,0,0
BRDA:9,348,0,0
BRDA:9,348,1,0
BRDA:9,349,0,0
BRDA:9,349,1,0
BRDA:9,350,0,0
BRDA:9,350,1,0
BRDA:9,351,0,0
BRDA:9,352,0,4
BRDA:9,352,1,4
BRDA:9,353,0,4
BRDA:9,353,1,0
BRDA:9,354,0,0
BRDA:9,354,1,0
BRDA:9,355,0,0
BRDA:9,355,1,0
BRDA:9,356,0,0
BRDA:9,356,1,4
BRDA:9,357,0,0
BRDA:9,357,1,4
BRDA:9,358,0,0
BRDA:9,358,1,4
BRDA:9,359,0,0
BRDA:9,359,1,0
BRDA:9,360,0,0
BRDA:9,361,0,0
BRDA:9,361,1,0
BRDA:9,362,0,0
BRDA:9,362,1,0
BRDA:9,363,0,0
BRDA:9,363,1,0
BRDA:9,364,0,0
BRDA:9,364,1,0
BRDA:9,365,0,0
BRDA:9,365,1,0
BRDA:9,366,0,0
BRDA:9,366,1,0
BRDA:9,367,0,0
BRDA:9,367,1,0
BRDA:9,368,0,0
BRDA:9,368,1,0
BRDA:9,369,0,0
BRDA:9,369,1,0
BRDA:9,370,0,0
BRDA:9,370,1,0
BRDA:12,371,0,0
BRDA:12,371,1,0
BRDA:12,372,0,4
BRDA:12,372,1,0
BRDA:12,373,0,0
BRDA:12,373,1,0
BRDA:12,374,0,0
BRDA:12,374,1,0
BRDA:12,374,2,0
BRDA:12,375,0,0
BRDA:12,375,1,0
BRDA:14,376,0,0
BRDA:14,376,1,0
BRDA:14,377,0,0
BRDA:14,377,1,0
BRDA:14,378,0,0
BRDA:14,378,1,0
BRDA:15,379,0,0
BRDA:15,379,1,0
BRDA:15,380,0,0
BRDA:15,380,1,0
BRDA:15,381,0,0
BRDA:15,381,1,0
BRDA:15,382,0,2
BRDA:15,383,0,2
BRDA:15,384,0,0
BRDA:15,384,1,2
BRDA:15,385,0,0
BRDA:15,385,1,0
BRDA:15,386,0,0
BRDA:15,386,1,0
BRDA:15,387,0,0
BRDA:15,387,1,6
BRDA:15,388,0,6
BRDA:15,388,1,6
BRDA:15,389,0,0
BRDA:15,389,1,0
BRDA:15,390,0,0
BRDA:15,390,1,0
BRDA:15,391,0,0
BRDA:15,391,1,0
BRDA:15,392,0,0
BRDA:15,392,1,0
BRDA:15,393,0,6
BRDA:15,393,1,0
BRDA:15,394,0,0
BRDA:15,395,0,6
BRDA:15,395,1,2
BRDA:15,396,0,6
BRDA:15,396,1,6
BRDA:15,397,0,6
BRDA:15,397,1,6
BRDA:15,397,2,0
BRDA:15,398,0,0
BRDA:15,398,1,6
BRDA:16,399,0,0
BRDA:16,399,1,2
BRDA:16,400,0,2
BRDA:16,400,1,0
BRDA:16,400,2,0
BRDA:16,400,3,0
BRDA:16,401,0,0
BRDA:16,401,1,0
BRDA:16,402,0,0
BRDA:16,402,1,0
BRDA:16,403,0,0
BRDA:16,403,1,0
BRDA:16,404,0,0
BRDA:16,404,1,0
BRDA:22,405,0,0
BRDA:22,405,1,0
BRDA:22,406,0,0
BRDA:22,406,1,0
BRDA:24,407,0,6
BRDA:24,407,1,6
BRDA:24,408,0,0
BRDA:24,408,1,6
BRDA:24,409,0,8
BRDA:24,409,1,0
BRDA:24,409,2,0
BRDA:24,410,0,12
BRDA:24,410,1,6
BRDA:24,411,0,0
BRDA:24,411,1,0
BRDA:24,412,0,0
BRDA:24,412,1,0
BRDA:24,413,0,0
BRDA:24,413,1,0
BRDA:24,414,0,140
BRDA:24,414,1,10
BRDA:24,415,0,0
BRDA:24,415,1,0
BRDA:24,416,0,128
BRDA:24,416,1,127
BRDA:24,417,0,0
BRDA:24,417,1,0
BRDA:24,418,0,0
BRDA:24,418,1,0
BRDA:24,419,0,0
BRDA:24,419,1,0
BRDA:24,420,0,0
BRDA:24,420,1,0
BRDA:24,421,0,0
BRDA:24,421,1,0
BRDA:24,422,0,0
BRDA:24,422,1,0
BRDA:24,423,0,0
BRDA:24,423,1,0
BRDA:24,424,0,0
BRDA:24,424,1,0
BRDA:24,425,0,0
BRDA:24,425,1,0
BRDA:24,426,0,0
BRDA:24,426,1,0
BRDA:24,427,0,0
BRDA:24,427,1,0
BRDA:24,428,0,0
BRDA:24,428,1,0
BRDA:24,429,0,0
BRDA:24,429,1,0
BRDA:24,430,0,0
BRDA:24,430,1,0
BRDA:24,431,0,0
BRDA:24,431,1,0
BRDA:24,432,0,0
BRDA:24,432,1,0
BRDA:24,433,0,0
BRDA:24,433,1,0
BRDA:24,434,0,0
BRDA:24,434,1,0
BRDA:24,435,0,0
BRDA:24,435,1,0
BRDA:24,436,0,0
BRDA:24,436,1,0
BRDA:24,437,0,0
BRDA:24,437,1,0
BRDA:24,438,0,0
BRDA:24,438,1,0
BRDA:24,439,0,0
BRDA:24,439,1,0
BRDA:24,440,0,0
BRDA:24,440,1,0
BRDA:24,441,0,0
BRDA:24,441,1,0
BRDA:24,442,0,0
BRDA:24,442,1,0
BRDA:24,443,0,0
BRDA:24,443,1,0
BRDA:24,444,0,0
BRDA:24,444,1,0
BRDA:24,445,0,0
BRDA:24,445,1,0
BRDA:24,446,0,0
BRDA:24,446,1,0
BRDA:24,447,0,0
BRDA:24,447,1,0
BRDA:24,448,0,0
BRDA:24,448,1,0
BRDA:24,449,0,0
BRDA:24,449,1,0
BRDA:24,450,0,0
BRDA:24,450,1,0
BRDA:24,451,0,0
BRDA:24,451,1,0
BRDA:24,452,0,0
BRDA:24,452,1,0
BRDA:24,453,0,0
BRDA:24,453,1,0
BRDA:24,454,0,0
BRDA:24,454,1,0
BRDA:24,455,0,0
BRDA:24,455,1,0
BRDA:24,456,0,0
BRDA:24,456,1,0
BRDA:24,457,0,0
BRDA:24,457,1,0
BRDA:24,457,2,0
BRDA:24,458,0,0
BRDA:24,458,1,0
BRDA:24,459,0,0
BRDA:24,459,1,0
BRDA:24,460,0,0
BRDA:24,460,1,0
BRDA:24,460,2,0
BRDA:24,460,3,0
BRDA:24,461,0,0
BRDA:24,461,1,0
BRDA:24,462,0,0
BRDA:24,462,1,0
BRDA:24,463,0,0
BRDA:24,463,1,0
BRDA:24,464,0,0
BRDA:24,464,1,0
BRDA:24,465,0,0
BRDA:24,465,1,0
BRDA:24,466,0,0
BRDA:24,466,1,0
BRDA:24,467,0,0
BRDA:24,467,1,0
BRDA:24,468,0,0
BRDA:24,468,1,0
BRDA:24,469,0,0
BRDA:24,469,1,0
BRDA:24,470,0,0
BRDA:24,470,1,0
BRDA:24,471,0,0
BRDA:24,471,1,0
BRDA:24,472,0,0
BRDA:24,472,1,0
BRDA:24,473,0,0
BRDA:24,473,1,0
BRDA:24,474,0,0
BRDA:24,474,1,0
BRDA:24,475,0,0
BRDA:24,475,1,0
BRDA:24,476,0,0
BRDA:24,476,1,0
BRDA:24,477,0,0
BRDA:24,477,1,0
BRDA:24,478,0,0
BRDA:24,478,1,0
BRDA:24,479,0,0
BRDA:24,479,1,0
BRDA:24,480,0,0
BRDA:24,480,1,0
BRDA:24,481,0,0
BRDA:24,481,1,0
BRDA:24,482,0,0
BRDA:24,482,1,0
BRDA:24,483,0,0
BRDA:24,483,1,0
BRDA:24,484,0,0
BRDA:24,484,1,0
BRDA:24,485,0,0
BRDA:24,485,1,0
BRDA:24,486,0,0
BRDA:24,486,1,0
BRDA:24,487,0,0
BRDA:24,487,1,0
BRDA:24,488,0,0
BRDA:24,488,1,0
BRDA:24,489,0,0
BRDA:24,489,1,0
BRDA:24,490,0,0
BRDA:24,490,1,0
BRDA:24,491,0,0
BRDA:24,491,1,0
BRDA:24,492,0,0
BRDA:24,492,1,0
BRDA:24,493,0,0
BRDA:24,493,1,0
BRDA:24,494,0,0
BRDA:24,494,1,0
BRDA:24,495,0,0
BRDA:24,495,1,0
BRDA:24,496,0,0
BRDA:24,496,1,0
BRDA:24,497,0,0
BRDA:24,497,1,0
BRDA:24,498,0,0
BRDA:24,498,1,0
BRDA:24,499,0,0
BRDA:24,499,1,0
BRDA:24,500,0,0
BRDA:24,500,1,0
BRDA:24,501,0,0
BRDA:24,501,1,0
BRDA:24,502,0,0
BRDA:24,502,1,0
BRDA:24,503,0,0
BRDA:24,503,1,0
BRDA:24,504,0,0
BRDA:24,504,1,0
BRDA:24,505,0,0
BRDA:24,505,1,0
BRDA:24,505,2,0
BRDA:24,505,3,0
BRDA:24,506,0,0
BRDA:24,506,1,0
BRDA:24,507,0,0
BRDA:24,507,1,0
BRDA:24,507,2,0
BRDA:24,507,3,0
BRDA:24,508,0,0
BRDA:24,508,1,0
BRDA:24,509,0,0
BRDA:24,509,1,0
BRDA:24,510,0,0
BRDA:24,510,1,0
BRDA:24,511,0,0
BRDA:24,511,1,0
BRDA:24,512,0,0
BRDA:24,512,1,0
BRDA:24,513,0,0
BRDA:24,513,1,0
BRDA:24,514,0,0
BRDA:24,514,1,0
BRDA:24,515,0,0
BRDA:24,515,1,0
BRDA:24,516,0,0
BRDA:24,516,1,0
BRDA:24,517,0,0
BRDA:24,517,1,0
BRDA:24,518,0,0
BRDA:24,518,1,0
BRDA:24,519,0,0
BRDA:24,519,1,0
BRDA:24,520,0,0
BRDA:24,520,1,0
BRDA:24,521,0,0
BRDA:24,521,1,0
BRDA:24,522,0,0
BRDA:24,522,1,0
BRDA:24,523,0,0
BRDA:24,523,1,0
BRDA:24,524,0,0
BRDA:24,524,1,0
BRDA:24,525,0,0
BRDA:24,525,1,0
BRDA:24,526,0,0
BRDA:24,526,1,0
BRDA:24,527,0,0
BRDA:24,527,1,0
BRDA:24,528,0,0
BRDA:24,528,1,0
BRDA:24,529,0,0
BRDA:24,529,1,0
BRDA:24,530,0,0
BRDA:24,530,1,0
BRDA:24,531,0,0
BRDA:24,531,1,0
BRDA:24,532,0,0
BRDA:24,532,1,0
BRDA:24,533,0,0
BRDA:24,533,1,0
BRDA:24,534,0,0
BRDA:24,534,1,0
BRDA:24,535,0,0
BRDA:24,535,1,0
BRDA:24,536,0,0
BRDA:24,536,1,0
BRDA:24,537,0,0
BRDA:24,537,1,0
BRDA:24,538,0,0
BRDA:24,538,1,0
BRDA:24,539,0,0
BRDA:24,539,1,0
BRDA:24,540,0,0
BRDA:24,540,1,0
BRDA:24,541,0,0
BRDA:24,541,1,0
BRDA:24,542,0,0
BRDA:24,542,1,0
BRDA:24,543,0,0
BRDA:24,543,1,0
BRDA:24,544,0,0
BRDA:24,544,1,0
BRDA:24,545,0,0
BRDA:24,545,1,0
BRDA:24,545,2,0
BRDA:24,545,3,0
BRDA:24,546,0,0
BRDA:24,546,1,0
BRDA:24,547,0,0
BRDA:24,547,1,0
BRDA:24,547,2,0
BRDA:24,548,0,0
BRDA:24,548,1,0
BRDA:24,549,0,0
BRDA:24,549,1,0
BRDA:24,550,0,0
BRDA:24,550,1,0
BRDA:24,551,0,0
BRDA:24,551,1,0
BRDA:24,552,0,0
BRDA:24,552,1,0
BRDA:24,553,0,0
BRDA:24,553,1,0
BRDA:24,554,0,0
BRDA:24,554,1,0
BRDA:24,555,0,0
BRDA:24,555,1,0
BRDA:24,556,0,0
BRDA:24,556,1,0
BRDA:24,557,0,0
BRDA:24,557,1,0
BRDA:24,558,0,0
BRDA:24,558,1,0
BRDA:24,559,0,0
BRDA:24,559,1,0
BRDA:24,560,0,0
BRDA:24,560,1,0
BRDA:24,561,0,0
BRDA:24,561,1,0
BRDA:24,562,0,0
BRDA:24,562,1,0
BRDA:24,563,0,0
BRDA:24,563,1,0
BRDA:24,564,0,0
BRDA:24,564,1,0
BRDA:24,565,0,0
BRDA:24,565,1,0
BRDA:24,566,0,0
BRDA:24,566,1,0
BRDA:24,567,0,0
BRDA:24,567,1,0
BRDA:24,568,0,0
BRDA:24,568,1,0
BRDA:24,569,0,0
BRDA:24,569,1,0
BRDA:24,569,2,0
BRDA:24,569,3,0
BRDA:24,570,0,0
BRDA:24,570,1,0
BRDA:24,571,0,0
BRDA:24,571,1,0
BRDA:24,571,2,0
BRDA:24,572,0,0
BRDA:24,572,1,0
BRDA:24,573,0,0
BRDA:24,573,1,0
BRDA:24,574,0,0
BRDA:24,574,1,0
BRDA:24,575,0,0
BRDA:24,575,1,0
BRDA:24,576,0,0
BRDA:24,576,1,0
BRDA:24,576,2,0
BRDA:24,577,0,0
BRDA:24,577,1,0
BRDA:24,578,0,0
BRDA:24,578,1,0
BRDA:24,578,2,0
BRDA:24,578,3,0
BRDA:24,579,0,0
BRDA:24,579,1,0
BRDA:24,580,0,0
BRDA:24,580,1,0
BRDA:24,581,0,0
BRDA:24,581,1,0
BRDA:24,582,0,0
BRDA:24,582,1,0
BRDA:24,583,0,0
BRDA:24,583,1,0
BRDA:24,584,0,0
BRDA:24,584,1,0
BRDA:24,585,0,0
BRDA:24,585,1,0
BRDA:24,586,0,0
BRDA:24,586,1,0
BRDA:24,587,0,0
BRDA:24,587,1,0
BRDA:24,587,2,0
BRDA:24,588,0,0
BRDA:24,588,1,0
BRDA:24,589,0,0
BRDA:24,589,1,0
BRDA:24,590,0,0
BRDA:24,590,1,0
BRDA:24,590,2,0
BRDA:24,590,3,0
BRDA:24,591,0,0
BRDA:24,591,1,0
BRDA:24,592,0,0
BRDA:24,592,1,0
BRDA:24,593,0,0
BRDA:24,593,1,0
BRDA:24,594,0,0
BRDA:24,594,1,0
BRDA:24,595,0,0
BRDA:24,595,1,0
BRDA:24,596,0,0
BRDA:24,596,1,0
BRDA:24,596,2,0
BRDA:24,596,3,0
BRDA:24,597,0,0
BRDA:24,597,1,0
BRDA:24,598,0,0
BRDA:24,598,1,0
BRDA:24,598,2,0
BRDA:24,598,3,0
BRDA:24,598,4,0
BRDA:24,598,5,0
BRDA:24,598,6,0
BRDA:24,599,0,0
BRDA:24,599,1,0
BRDA:24,600,0,0
BRDA:24,600,1,0
BRDA:24,601,0,0
BRDA:24,601,1,0
BRDA:24,602,0,0
BRDA:24,602,1,0
BRDA:24,603,0,0
BRDA:24,603,1,0
BRDA:24,604,0,0
BRDA:24,604,1,0
BRDA:24,605,0,0
BRDA:24,605,1,0
BRDA:24,606,0,0
BRDA:24,606,1,0
BRDA:24,607,0,0
BRDA:24,607,1,0
BRDA:24,608,0,0
BRDA:24,608,1,0
BRDA:24,609,0,0
BRDA:24,609,1,0
BRDA:24,610,0,0
BRDA:24,610,1,0
BRDA:24,611,0,0
BRDA:24,611,1,0
BRDA:24,612,0,0
BRDA:24,612,1,0
BRDA:24,613,0,0
BRDA:24,613,1,0
BRDA:24,614,0,0
BRDA:24,614,1,0
BRDA:24,615,0,0
BRDA:24,615,1,0
BRDA:24,616,0,0
BRDA:24,616,1,0
BRDA:24,617,0,0
BRDA:24,617,1,0
BRDA:24,618,0,0
BRDA:24,618,1,0
BRDA:24,619,0,0
BRDA:24,619,1,0
BRDA:24,620,0,0
BRDA:24,620,1,0
BRDA:24,621,0,0
BRDA:24,621,1,0
BRDA:24,622,0,0
BRDA:24,622,1,0
BRDA:24,623,0,0
BRDA:24,623,1,0
BRDA:24,624,0,0
BRDA:24,624,1,0
BRDA:24,625,0,0
BRDA:24,625,1,0
BRDA:24,626,0,0
BRDA:24,626,1,0
BRDA:24,627,0,0
BRDA:24,627,1,0
BRDA:24,628,0,0
BRDA:24,628,1,0
BRDA:24,629,0,0
BRDA:24,629,1,0
BRDA:24,630,0,0
BRDA:24,630,1,0
BRDA:24,631,0,0
BRDA:24,631,1,0
BRDA:24,632,0,0
BRDA:24,632,1,0
BRDA:24,632,2,0
BRDA:24,632,3,0
BRDA:24,633,0,0
BRDA:24,633,1,0
BRDA:24,634,0,0
BRDA:24,634,1,0
BRDA:24,635,0,0
BRDA:24,635,1,0
BRDA:24,636,0,0
BRDA:24,636,1,0
BRDA:24,637,0,0
BRDA:24,637,1,0
BRDA:24,638,0,0
BRDA:24,638,1,0
BRDA:24,639,0,0
BRDA:24,639,1,0
BRDA:24,640,0,0
BRDA:24,640,1,0
BRDA:24,641,0,0
BRDA:24,641,1,0
BRDA:24,642,0,0
BRDA:24,642,1,0
BRDA:24,643,0,0
BRDA:24,643,1,0
BRDA:24,643,2,0
BRDA:24,644,0,0
BRDA:24,644,1,0
BRDA:24,645,0,0
BRDA:24,645,1,0
BRDA:24,646,0,0
BRDA:24,646,1,0
BRDA:24,647,0,0
BRDA:24,647,1,0
BRDA:24,648,0,0
BRDA:24,648,1,0
BRDA:24,649,0,0
BRDA:24,649,1,0
BRDA:24,650,0,0
BRDA:24,650,1,0
BRDA:24,651,0,0
BRDA:24,651,1,0
BRDA:24,652,0,0
BRDA:24,652,1,0
BRDA:24,653,0,0
BRDA:24,653,1,0
BRDA:24,654,0,0
BRDA:24,654,1,0
BRDA:24,655,0,0
BRDA:24,655,1,0
BRDA:24,656,0,0
BRDA:24,656,1,0
BRDA:24,657,0,0
BRDA:24,657,1,0
BRDA:24,658,0,0
BRDA:24,658,1,0
BRDA:24,659,0,0
BRDA:24,659,1,0
BRDA:24,660,0,0
BRDA:24,660,1,0
BRDA:24,661,0,0
BRDA:24,661,1,0
BRDA:24,662,0,0
BRDA:24,662,1,0
BRDA:24,663,0,0
BRDA:24,663,1,0
BRDA:24,664,0,0
BRDA:24,664,1,0
BRDA:24,665,0,0
BRDA:24,665,1,0
BRDA:24,666,0,0
BRDA:24,666,1,0
BRDA:24,667,0,0
BRDA:24,667,1,0
BRDA:24,668,0,0
BRDA:24,668,1,0
BRDA:24,669,0,0
BRDA:24,669,1,0
BRDA:24,670,0,0
BRDA:24,670,1,0
BRDA:24,670,2,0
BRDA:24,671,0,0
BRDA:24,671,1,0
BRDA:24,672,0,0
BRDA:24,672,1,0
BRDA:24,673,0,0
BRDA:24,673,1,0
BRDA:24,674,0,0
BRDA:24,674,1,0
BRDA:24,675,0,0
BRDA:24,675,1,0
BRDA:24,676,0,0
BRDA:24,676,1,0
BRDA:24,676,2,0
BRDA:24,676,3,0
BRDA:24,676,4,0
BRDA:24,676,5,0
BRDA:24,677,0,0
BRDA:24,677,1,0
BRDA:24,677,2,0
BRDA:24,677,3,0
BRDA:24,677,4,0
BRDA:24,677,5,0
BRDA:24,677,6,0
BRDA:24,677,7,0
BRDA:24,678,0,0
BRDA:24,678,1,0
BRDA:24,679,0,0
BRDA:24,679,1,0
BRDA:24,680,0,0
BRDA:24,680,1,0
BRDA:24,681,0,0
BRDA:24,681,1,0
BRDA:24,682,0,0
BRDA:24,682,1,0
BRDA:24,682,2,0
BRDA:24,682,3,0
BRDA:24,682,4,0
BRDA:24,682,5,0
BRDA:24,683,0,0
BRDA:24,683,1,0
BRDA:24,683,2,0
BRDA:24,683,3,0
BRDA:24,683,4,0
BRDA:24,683,5,0
BRDA:24,683,6,0
BRDA:24,684,0,0
BRDA:24,684,1,0
BRDA:24,685,0,0
BRDA:24,685,1,0
BRDA:24,686,0,0
BRDA:24,686,1,0
BRDA:24,687,0,0
BRDA:24,687,1,0
BRDA:24,688,0,0
BRDA:24,688,1,0
BRDA:24,689,0,0
BRDA:24,689,1,0
BRDA:24,690,0,0
BRDA:24,690,1,0
BRDA:24,691,0,0
BRDA:24,691,1,0
BRDA:24,692,0,0
BRDA:24,692,1,0
BRDA:24,693,0,0
BRDA:24,693,1,0
BRDA:24,694,0,0
BRDA:24,694,1,0
BRDA:24,695,0,0
BRDA:24,695,1,0
BRDA:24,696,0,0
BRDA:24,696,1,0
BRDA:24,697,0,0
BRDA:24,697,1,0
BRDA:24,697,2,0
BRDA:24,697,3,0
BRDA:24,698,0,0
BRDA:24,698,1,0
BRDA:24,699,0,0
BRDA:24,699,1,0
BRDA:24,699,2,0
BRDA:24,700,0,0
BRDA:24,700,1,0
BRDA:24,701,0,0
BRDA:24,701,1,0
BRDA:24,702,0,0
BRDA:24,702,1,0
BRDA:24,703,0,0
BRDA:24,703,1,0
BRDA:24,703,2,0
BRDA:24,704,0,0
BRDA:24,704,1,0
BRDA:24,705,0,0
BRDA:24,705,1,0
BRDA:24,706,0,0
BRDA:24,706,1,0
BRDA:24,707,0,0
BRDA:24,707,1,0
BRDA:24,708,0,0
BRDA:24,708,1,0
BRDA:24,709,0,0
BRDA:24,709,1,0
BRDA:24,710,0,0
BRDA:24,710,1,0
BRDA:24,711,0,0
BRDA:24,711,1,0
BRDA:24,712,0,0
BRDA:24,712,1,0
BRDA:24,712,2,0
BRDA:24,713,0,0
BRDA:24,713,1,0
BRDA:24,714,0,0
BRDA:24,714,1,0
BRDA:24,715,0,0
BRDA:24,715,1,0
BRDA:24,716,0,0
BRDA:24,716,1,0
BRDA:24,717,0,0
BRDA:24,717,1,0
BRDA:24,718,0,0
BRDA:24,718,1,0
BRDA:24,719,0,0
BRDA:24,719,1,0
BRDA:24,720,0,0
BRDA:24,720,1,0
BRDA:24,721,0,0
BRDA:24,721,1,0
BRDA:24,722,0,0
BRDA:24,722,1,0
BRDA:24,723,0,0
BRDA:24,723,1,0
BRDA:24,724,0,0
BRDA:24,724,1,0
BRDA:24,725,0,0
BRDA:24,725,1,0
BRDA:24,726,0,0
BRDA:24,726,1,0
BRDA:24,727,0,0
BRDA:24,727,1,0
BRDA:24,728,0,0
BRDA:24,728,1,0
BRDA:24,729,0,0
BRDA:24,729,1,0
BRDA:24,730,0,0
BRDA:24,730,1,0
BRDA:24,731,0,0
BRDA:24,731,1,0
BRDA:24,732,0,0
BRDA:24,732,1,0
BRDA:24,733,0,0
BRDA:24,733,1,0
BRDA:24,733,2,0
BRDA:24,734,0,0
BRDA:24,734,1,0
BRDA:24,735,0,0
BRDA:24,735,1,0
BRDA:24,736,0,0
BRDA:24,736,1,0
BRDA:24,737,0,0
BRDA:24,737,1,0
BRDA:24,738,0,0
BRDA:24,738,1,0
BRDA:24,739,0,0
BRDA:24,739,1,0
BRDA:24,740,0,0
BRDA:24,740,1,0
BRDA:24,741,0,0
BRDA:24,741,1,0
BRDA:24,742,0,0
BRDA:24,742,1,0
BRDA:24,743,0,0
BRDA:24,743,1,0
BRDA:24,744,0,0
BRDA:24,744,1,0
BRDA:24,744,2,0
BRDA:24,744,3,0
BRDA:24,745,0,0
BRDA:24,745,1,0
BRDA:24,746,0,0
BRDA:24,746,1,0
BRDA:24,747,0,0
BRDA:24,747,1,0
BRDA:24,747,2,0
BRDA:24,747,3,0
BRDA:24,748,0,0
BRDA:24,748,1,0
BRDA:24,749,0,0
BRDA:24,749,1,0
BRDA:24,749,2,0
BRDA:24,749,3,0
BRDA:24,749,4,0
BRDA:24,749,5,0
BRDA:24,749,6,0
BRDA:24,750,0,0
BRDA:24,750,1,0
BRDA:24,751,0,0
BRDA:24,751,1,0
BRDA:24,752,0,0
BRDA:24,752,1,0
BRDA:24,753,0,0
BRDA:24,753,1,0
BRDA:24,754,0,0
BRDA:24,754,1,0
BRDA:24,755,0,0
BRDA:24,755,1,0
BRDA:24,756,0,0
BRDA:24,756,1,0
BRDA:24,757,0,0
BRDA:24,757,1,0
BRDA:24,758,0,0
BRDA:24,758,1,0
BRDA:24,759,0,0
BRDA:24,759,1,0
BRDA:24,760,0,0
BRDA:24,760,1,0
BRDA:24,761,0,0
BRDA:24,761,1,0
BRDA:24,762,0,0
BRDA:24,762,1,0
BRDA:24,763,0,0
BRDA:24,763,1,0
BRDA:24,764,0,0
BRDA:24,764,1,0
BRDA:24,765,0,0
BRDA:24,765,1,0
BRDA:24,766,0,0
BRDA:24,766,1,0
BRDA:24,767,0,0
BRDA:24,767,1,0
BRDA:24,768,0,0
BRDA:24,768,1,0
BRDA:24,769,0,0
BRDA:24,769,1,0
BRDA:24,770,0,0
BRDA:24,770,1,0
BRDA:24,771,0,0
BRDA:24,771,1,0
BRDA:24,772,0,0
BRDA:24,772,1,0
BRDA:24,773,0,0
BRDA:24,773,1,0
[...]
BRDA:113,1455,0,94
BRDA:113,1455,1,143
BRDA:113,1456,0,0
BRDA:113,1456,1,143
BRDA:113,1457,0,143
BRDA:113,1457,1,143
BRDA:113,1458,0,0
BRDA:113,1458,1,0
BRDA:113,1458,2,94
BRDA:113,1458,3,0
BRDA:113,1458,4,0
BRDA:113,1458,5,0
BRDA:113,1459,0,0
BRDA:113,1459,1,0
BRDA:113,1460,0,0
BRDA:113,1460,1,0
BRDA:113,1461,0,0
BRDA:113,1461,1,0
BRDA:113,1462,0,0
BRDA:113,1462,1,0
BRDA:113,1463,0,0
BRDA:113,1463,1,4
BRDA:113,1464,0,0
BRDA:113,1464,1,4
BRDA:113,1465,0,2
BRDA:113,1465,1,2
BRDA:113,1466,0,0
BRDA:113,1466,1,2
BRDA:113,1467,0,2
BRDA:113,1467,1,2
BRDA:113,1468,0,4
BRDA:113,1468,1,4
BRDA:113,1469,0,0
BRDA:113,1469,1,4
BRDA:113,1470,0,0
BRDA:113,1470,1,0
BRDA:113,1471,0,0
BRDA:113,1471,1,0
BRDA:113,1472,0,0
BRDA:113,1472,1,0
BRDA:113,1473,0,0
BRDA:113,1473,1,0
BRDA:113,1474,0,0
BRDA:113,1474,1,0
BRDA:113,1475,0,0
BRDA:113,1475,1,0
BRDA:113,1476,0,0
BRDA:113,1476,1,0
BRDA:113,1477,0,0
BRDA:113,1477,1,0
BRDA:113,1477,2,0
BRDA:113,1478,0,0
BRDA:113,1479,0,0
BRDA:113,1479,1,0
BRDA:113,1480,0,0
BRDA:113,1480,1,0
BRDA:113,1481,0,0
BRDA:113,1481,1,0
BRDA:113,1482,0,0
BRDA:113,1482,1,0
BRDA:113,1483,0,0
BRDA:113,1483,1,0
BRDA:113,1484,0,0
BRDA:113,1484,1,0
BRDA:113,1485,0,0
BRDA:113,1485,1,0
BRDA:113,1486,0,0
BRDA:113,1486,1,0
BRDA:113,1487,0,0
BRDA:113,1487,1,0
BRDA:113,1488,0,0
BRDA:113,1488,1,0
BRDA:113,1489,0,0
BRDA:113,1490,0,0
BRDA:113,1491,0,0
BRDA:113,1492,0,0
BRDA:113,1493,0,0
BRDA:113,1493,1,0
BRDA:113,1494,0,0
BRDA:113,1495,0,0
BRDA:113,1496,0,0
BRDA:113,1496,1,0
BRDA:113,1497,0,0
BRDA:113,1497,1,0
BRDA:113,1498,0,0
BRDA:113,1498,1,0
BRDA:113,1499,0,0
BRDA:113,1499,1,0
BRDA:113,1500,0,0
BRDA:113,1500,1,0
BRDA:113,1501,0,0
BRDA:113,1501,1,0
BRDA:113,1501,2,0
BRDA:113,1502,0,0
BRDA:113,1502,1,0
BRDA:113,1503,0,0
BRDA:113,1503,1,0
BRDA:113,1503,2,0
BRDA:113,1504,0,0
BRDA:113,1504,1,0
BRDA:113,1505,0,0
BRDA:113,1505,1,0
BRDA:113,1506,0,0
BRDA:113,1506,1,0
BRDA:113,1507,0,0
BRDA:113,1507,1,0
BRDA:113,1508,0,0
BRDA:113,1508,1,0
BRDA:113,1509,0,0
BRDA:113,1509,1,0
BRDA:113,1510,0,0
BRDA:113,1510,1,0
BRDA:113,1511,0,0
BRDA:113,1511,1,0
BRDA:113,1512,0,0
BRDA:113,1512,1,0
BRDA:113,1513,0,0
BRDA:113,1513,1,0
BRDA:113,1514,0,0
BRDA:113,1514,1,0
BRDA:113,1515,0,0
BRDA:113,1515,1,0
BRDA:113,1516,0,0
BRDA:113,1516,1,0
BRDA:113,1517,0,0
BRDA:113,1517,1,0
BRDA:113,1518,0,0
BRDA:113,1518,1,0
BRDA:113,1519,0,0
BRDA:113,1519,1,0
BRDA:113,1520,0,0
BRDA:113,1520,1,0
BRDA:113,1521,0,0
BRDA:113,1521,1,0
BRDA:113,1522,0,0
BRDA:113,1522,1,0
BRDA:113,1523,0,0
BRDA:113,1523,1,0
BRDA:113,1524,0,0
BRDA:113,1524,1,0
BRDA:113,1525,0,0
BRDA:113,1525,1,0
BRDA:113,1526,0,0
BRDA:113,1526,1,0
BRDA:113,1527,0,0
BRDA:113,1527,1,0
BRDA:113,1528,0,0
BRDA:113,1528,1,0
BRDA:113,1529,0,0
BRDA:113,1529,1,0
BRDA:114,1530,0,0
BRDA:114,1531,0,0
BRDA:114,1531,1,0
BRDA:114,1532,0,0
BRDA:114,1532,1,0
BRDA:114,1533,0,0
BRDA:114,1533,1,0
BRDA:114,1534,0,0
BRDA:114,1534,1,0
BRDA:114,1535,0,0
BRDA:114,1535,1,0
BRDA:114,1536,0,0
BRDA:114,1536,1,0
BRDA:114,1537,0,0
BRDA:114,1537,1,0
BRDA:114,1537,2,0
BRDA:114,1538,0,0
BRDA:114,1538,1,0
BRDA:114,1539,0,0
BRDA:114,1539,1,0
BRDA:114,1540,0,0
BRDA:114,1540,1,0
BRDA:114,1541,0,0
BRDA:114,1541,1,0
BRDA:114,1542,0,0
BRDA:114,1542,1,0
BRDA:114,1542,2,0
BRDA:114,1543,0,0
BRDA:114,1543,1,0
BRDA:114,1544,0,0
BRDA:114,1544,1,0
BRDA:114,1545,0,0
BRDA:114,1545,1,0
BRDA:114,1546,0,0
BRDA:114,1546,1,0
BRDA:114,1547,0,0
BRDA:114,1547,1,0
BRDA:114,1548,0,0
BRDA:114,1548,1,0
BRDA:114,1549,0,0
BRDA:114,1549,1,0
BRDA:114,1549,2,0
BRDA:114,1549,3,0
BRDA:114,1549,4,0
BRDA:114,1549,5,0
BRDA:114,1549,6,0
BRDA:114,1550,0,0
BRDA:114,1550,1,0
BRDA:114,1551,0,0
BRDA:114,1551,1,0
BRDA:114,1552,0,0
BRDA:114,1552,1,0
BRDA:114,1553,0,0
BRDA:114,1553,1,0
BRDA:114,1554,0,0
BRDA:114,1554,1,0
BRDA:114,1555,0,0
BRDA:114,1555,1,0
BRDA:114,1556,0,0
BRDA:114,1556,1,0
BRDA:114,1557,0,0
BRDA:114,1557,1,0
BRDA:114,1558,0,0
BRDA:114,1558,1,0
BRDA:114,1559,0,0
BRDA:114,1559,1,0
BRDA:114,1560,0,0
BRDA:114,1560,1,0
BRDA:114,1561,0,0
BRDA:114,1561,1,0
BRDA:114,1562,0,0
BRDA:114,1562,1,0
BRDA:114,1563,0,0
BRDA:114,1563,1,0
BRDA:114,1564,0,0
BRDA:114,1564,1,0
BRDA:114,1565,0,0
BRDA:114,1565,1,0
BRDA:114,1566,0,0
BRDA:114,1566,1,0
BRDA:114,1567,0,0
BRDA:114,1567,1,0
BRDA:114,1568,0,0
BRDA:114,1568,1,0
BRDA:114,1569,0,0
BRDA:114,1569,1,0
BRDA:114,1570,0,0
BRDA:114,1570,1,0
BRDA:114,1571,0,0
BRDA:114,1571,1,0
BRDA:114,1572,0,0
BRDA:114,1572,1,0
BRDA:114,1573,0,0
BRDA:114,1573,1,0
BRDA:114,1574,0,0
BRDA:114,1574,1,0
BRDA:114,1575,0,0
BRDA:114,1575,1,0
BRDA:114,1576,0,0
BRDA:114,1576,1,0
BRDA:114,1577,0,0
BRDA:114,1577,1,0
BRDA:114,1578,0,0
BRDA:114,1578,1,0
BRDA:114,1579,0,4
BRDA:114,1579,1,2
BRDA:114,1580,0,2
BRDA:114,1580,1,2
BRDA:114,1581,0,2
BRDA:114,1581,1,2
BRDA:114,1582,0,0
BRDA:114,1582,1,0
BRDA:114,1583,0,0
BRDA:114,1583,1,0
BRDA:114,1584,0,0
BRDA:114,1584,1,0
BRDA:114,1585,0,0
BRDA:114,1585,1,0
BRDA:114,1586,0,0
BRDA:114,1586,1,0
BRDA:114,1587,0,0
BRDA:114,1587,1,0
BRDA:114,1588,0,0
BRDA:114,1588,1,0
BRDA:114,1589,0,156
BRDA:114,1589,1,0
BRDA:114,1590,0,4
BRDA:114,1590,1,4
BRDA:114,1591,0,4
BRDA:114,1591,1,0
BRDA:114,1592,0,0
BRDA:114,1592,1,0
BRDA:114,1593,0,4
BRDA:114,1593,1,4
BRDA:114,1594,0,4
BRDA:114,1594,1,4
BRDA:114,1595,0,4
BRDA:114,1595,1,0
BRDA:114,1596,0,4
BRDA:114,1596,1,2
BRDA:114,1596,2,2
BRDA:114,1597,0,0
BRDA:114,1597,1,156
BRDA:114,1598,0,0
BRDA:114,1598,1,0
BRDA:114,1599,0,0
BRDA:114,1599,1,0
BRDA:114,1600,0,0
BRDA:114,1600,1,0
BRDA:114,1601,0,0
BRDA:114,1601,1,0
BRDA:114,1602,0,0
BRDA:114,1602,1,0
BRDA:114,1603,0,0
BRDA:114,1603,1,0
BRDA:114,1604,0,0
BRDA:114,1604,1,0
BRDA:114,1605,0,0
BRDA:114,1605,1,4
BRDA:114,1606,0,0
BRDA:114,1606,1,4
BRDA:114,1607,0,0
BRDA:114,1607,1,4
BRDA:115,1608,0,0
BRDA:115,1608,1,150
BRDA:115,1609,0,4
BRDA:115,1609,1,0
BRDA:115,1610,0,4
BRDA:115,1610,1,4
BRDA:115,1611,0,4
BRDA:115,1611,1,4
BRDA:115,1612,0,4
BRDA:115,1612,1,0
BRDA:115,1613,0,4
BRDA:115,1613,1,4
BRDA:115,1614,0,4
BRDA:115,1614,1,2
BRDA:115,1615,0,0
BRDA:115,1615,1,0
BRDA:115,1616,0,0
BRDA:115,1616,1,0
BRDA:115,1617,0,0
BRDA:115,1617,1,0
BRDA:115,1618,0,0
BRDA:115,1618,1,0
BRDA:115,1619,0,0
BRDA:115,1619,1,0
BRDA:115,1620,0,0
BRDA:115,1620,1,152
BRDA:115,1621,0,152
BRDA:115,1621,1,0
BRDA:115,1622,0,148
BRDA:115,1622,1,4
BRDA:115,1623,0,4
BRDA:115,1623,1,4
BRDA:115,1624,0,0
BRDA:115,1624,1,0
BRDA:115,1625,0,0
BRDA:115,1625,1,2
BRDA:115,1626,0,0
BRDA:115,1626,1,2
BRDA:115,1627,0,2
BRDA:115,1627,1,0
BRDA:115,1628,0,4
BRDA:115,1628,1,0
BRDA:115,1629,0,0
BRDA:115,1629,1,150
BRDA:115,1630,0,0
BRDA:115,1630,1,0
BRDA:115,1631,0,0
BRDA:115,1631,1,150
BRDA:115,1632,0,0
BRDA:115,1632,1,0
BRDA:115,1633,0,0
BRDA:115,1633,1,0
BRDA:115,1634,0,0
BRDA:115,1634,1,0
BRDA:115,1635,0,0
BRDA:115,1635,1,0
BRDA:116,1636,0,0
BRDA:116,1636,1,0
BRDA:116,1637,0,0
BRDA:116,1637,1,0
BRDA:116,1638,0,0
BRDA:116,1638,1,0
BRDA:116,1639,0,0
BRDA:116,1639,1,0
BRDA:116,1640,0,0
BRDA:116,1640,1,0
BRDA:116,1641,0,0
BRDA:116,1641,1,0
BRDA:116,1642,0,0
BRDA:116,1642,1,0
BRDA:116,1643,0,0
BRDA:116,1643,1,0
BRDA:116,1644,0,0
BRDA:116,1644,1,0
BRDA:116,1645,0,0
BRDA:116,1645,1,0
BRDA:116,1646,0,0
BRDA:116,1646,1,0
BRDA:116,1647,0,0
BRDA:116,1647,1,0
BRDA:116,1648,0,0
BRDA:116,1648,1,0
BRDA:116,1649,0,0
BRDA:116,1649,1,0
BRDA:116,1649,2,0
BRDA:117,1650,0,4
BRDA:117,1650,1,4
BRDA:117,1651,0,4
BRDA:117,1651,1,4
BRDA:117,1651,2,4
BRDA:117,1651,3,0
BRDA:117,1651,4,0
BRDA:117,1651,5,0
BRDA:117,1652,0,4
BRDA:117,1652,1,4
BRDA:117,1653,0,4
BRDA:117,1653,1,0
BRDA:117,1653,2,0
BRDA:117,1653,3,0
BRDA:117,1654,0,0
BRDA:117,1654,1,0
BRDA:117,1655,0,0
BRDA:117,1655,1,0
BRDA:117,1656,0,0
BRDA:117,1656,1,0
BRDA:117,1657,0,0
BRDA:117,1657,1,4
BRDA:117,1658,0,0
BRDA:117,1659,0,0
BRDA:117,1659,1,4
BRDA:117,1660,0,4
BRDA:117,1660,1,4
BRDA:117,1660,2,0
BRDA:117,1661,0,0
BRDA:117,1661,1,4
BRDA:117,1662,0,4
BRDA:117,1662,1,0
BRDA:117,1663,0,4
BRDA:117,1663,1,0
BRDA:117,1664,0,0
BRDA:117,1664,1,0
BRDA:117,1665,0,0
BRDA:117,1665,1,0
BRDA:117,1666,0,0
BRDA:117,1666,1,0
BRDA:117,1667,0,0
BRDA:117,1667,1,0
BRDA:117,1668,0,0
BRDA:117,1668,1,0
BRDA:117,1669,0,0
BRDA:117,1669,1,0
BRDA:117,1670,0,0
BRDA:117,1670,1,0
BRDA:117,1671,0,0
BRDA:117,1671,1,0
BRDA:117,1672,0,0
BRDA:117,1672,1,0
BRDA:117,1673,0,0
BRDA:117,1673,1,0
BRDA:117,1674,0,0
BRDA:117,1674,1,0
BRDA:117,1675,0,0
BRDA:117,1675,1,0
BRDA:117,1676,0,0
BRDA:117,1676,1,0
BRDA:117,1677,0,0
BRDA:117,1677,1,0
BRDA:117,1678,0,0
BRDA:117,1678,1,0
BRDA:117,1679,0,0
BRDA:117,1679,1,0
BRDA:117,1680,0,0
BRDA:117,1680,1,0
BRDA:117,1681,0,0
BRDA:117,1681,1,0
BRDA:117,1682,0,0
BRDA:117,1682,1,0
BRDA:117,1683,0,0
BRDA:117,1683,1,0
BRDA:117,1684,0,0
BRDA:117,1684,1,0
BRDA:117,1684,2,0
BRDA:117,1685,0,0
BRDA:117,1685,1,0
BRDA:124,1686,0,0
BRDA:124,1686,1,0
BRDA:124,1687,0,0
BRDA:124,1687,1,0
BRDA:124,1688,0,0
BRDA:124,1688,1,0
BRDA:124,1689,0,0
BRDA:124,1689,1,0
BRDA:124,1689,2,0
BRDA:124,1689,3,0
BRDA:124,1689,4,0
BRDA:124,1689,5,0
BRDA:124,1689,6,0
BRDA:124,1690,0,0
BRDA:124,1690,1,0
BRDA:124,1691,0,150
BRDA:124,1692,0,150
BRDA:124,1692,1,0
BRDA:124,1693,0,150
BRDA:124,1693,1,0
BRDA:124,1694,0,0
BRDA:124,1694,1,0
BRDA:124,1695,0,150
BRDA:124,1695,1,0
BRDA:124,1696,0,934
BRDA:124,1696,1,934
BRDA:124,1696,2,934
BRDA:124,1697,0,0
BRDA:124,1698,0,0
BRDA:124,1698,1,0
BRDA:124,1699,0,0
BRDA:124,1699,1,0
BRDA:124,1700,0,0
BRDA:124,1700,1,0
BRDA:124,1701,0,0
BRDA:124,1701,1,0
BRDA:124,1702,0,0
BRDA:124,1702,1,0
BRDA:124,1703,0,0
BRDA:124,1703,1,0
BRDA:124,1703,2,0
BRDA:124,1704,0,110
BRDA:124,1704,1,40
BRDA:124,1705,0,150
BRDA:124,1705,1,110
BRDA:124,1706,0,40
BRDA:124,1706,1,40
BRDA:124,1707,0,40
BRDA:124,1707,1,40
BRDA:124,1708,0,40
BRDA:124,1708,1,164
BRDA:124,1709,0,204
BRDA:124,1709,1,40
BRDA:124,1710,0,40
BRDA:124,1710,1,110
BRDA:124,1711,0,40
BRDA:124,1711,1,40
BRDA:124,1712,0,40
BRDA:124,1712,1,40
BRDA:124,1713,0,40
BRDA:124,1713,1,0
BRDA:124,1714,0,0
BRDA:124,1714,1,40
BRDA:124,1715,0,0
BRDA:124,1715,1,0
BRDA:124,1716,0,0
BRDA:124,1716,1,0
BRDA:124,1717,0,0
BRDA:124,1717,1,0
BRDA:124,1718,0,0
BRDA:124,1718,1,0
BRDA:124,1718,2,0
BRDA:124,1718,3,0
BRDA:124,1718,4,0
BRDA:124,1718,5,0
BRDA:124,1718,6,0
BRDA:124,1718,7,0
BRDA:124,1718,8,0
BRDA:124,1718,9,0
BRDA:124,1718,10,0
BRDA:124,1718,11,0
BRDA:124,1718,12,0
BRDA:124,1719,0,0
BRDA:124,1719,1,0
BRDA:124,1720,0,0
BRDA:124,1720,1,150
BRDA:124,1721,0,0
BRDA:124,1721,1,150
BRDA:124,1722,0,0
BRDA:124,1722,1,0
BRDA:124,1723,0,0
BRDA:124,1723,1,0
BRDA:124,1724,0,0
BRDA:124,1724,1,150
BRDA:124,1725,0,0
BRDA:124,1725,1,0
BRDA:124,1726,0,0
BRDA:124,1726,1,0
BRDA:124,1727,0,0
BRDA:124,1727,1,0
BRDA:124,1728,0,0
BRDA:124,1728,1,0
BRDA:124,1729,0,0
BRDA:124,1729,1,0
BRDA:124,1730,0,0
BRDA:124,1730,1,0
BRDA:124,1731,0,0
BRDA:124,1731,1,0
BRDA:124,1732,0,0
BRDA:124,1732,1,0
BRDA:124,1733,0,0
BRDA:124,1733,1,0
BRDA:124,1734,0,0
BRDA:124,1734,1,0
BRDA:124,1735,0,0
BRDA:124,1735,1,0
BRDA:124,1736,0,0
BRDA:124,1736,1,0
BRDA:124,1737,0,0
BRDA:124,1737,1,0
BRDA:124,1738,0,0
BRDA:124,1738,1,150
BRDA:124,1739,0,150
BRDA:124,1739,1,150
BRDA:124,1740,0,150
BRDA:124,1740,1,150
BRDA:124,1741,0,0
BRDA:124,1741,1,0
BRDA:124,1742,0,0
BRDA:124,1742,1,150
BRDA:124,1743,0,3
BRDA:124,1743,1,147
BRDA:124,1744,0,0
BRDA:124,1744,1,0
BRDA:124,1745,0,0
BRDA:124,1745,1,0
BRDA:124,1746,0,0
BRDA:124,1746,1,0
BRDA:124,1747,0,0
BRDA:124,1747,1,0
BRDA:124,1747,2,0
BRDA:124,1748,0,0
BRDA:124,1748,1,0
BRDA:124,1749,0,0
BRDA:124,1749,1,0
BRDA:124,1750,0,0
BRDA:124,1750,1,0
BRDA:125,1751,0,2
BRDA:125,1751,1,0
BRDA:125,1752,0,0
BRDA:125,1752,1,2
BRDA:125,1753,0,2
BRDA:125,1753,1,2
BRDA:125,1754,0,0
BRDA:125,1754,1,2
BRDA:125,1755,0,0
BRDA:125,1755,1,0
BRDA:125,1756,0,0
BRDA:125,1756,1,2
BRDA:125,1757,0,2
BRDA:125,1757,1,2
BRDA:126,1758,0,2
BRDA:126,1758,1,0
BRDA:126,1759,0,2
BRDA:126,1759,1,2
BRDA:126,1760,0,0
BRDA:126,1760,1,2
BRDA:127,1761,0,0
BRDA:127,1761,1,2
BRDA:128,1762,0,0
BRDA:128,1762,1,0
BRDA:128,1763,0,0
BRDA:128,1763,1,0
BRDA:128,1764,0,0
BRDA:128,1764,1,0
BRDA:128,1765,0,0
BRDA:128,1765,1,0
BRDA:128,1766,0,0
BRDA:128,1766,1,0
BRDA:128,1767,0,0
BRDA:128,1767,1,0
BRDA:128,1768,0,0
BRDA:128,1768,1,0
BRDA:129,1769,0,0
BRDA:129,1769,1,0
BRDA:129,1770,0,0
BRDA:129,1770,1,0
BRDA:129,1771,0,0
BRDA:129,1771,1,0
BRDA:129,1772,0,0
BRDA:129,1772,1,0
BRDA:129,1773,0,0
BRDA:129,1773,1,0
BRDA:129,1774,0,0
BRDA:129,1774,1,0
BRDA:129,1775,0,0
BRDA:129,1775,1,0
BRDA:129,1776,0,0
BRDA:129,1776,1,0
BRDA:129,1777,0,0
BRDA:129,1777,1,0
BRDA:129,1778,0,0
BRDA:129,1778,1,0
BRDA:129,1779,0,0
BRDA:129,1779,1,0
BRDA:129,1780,0,0
BRDA:129,1780,1,0
BRDA:129,1781,0,0
BRDA:129,1781,1,0
BRDA:129,1782,0,0
BRDA:129,1782,1,0
BRDA:129,1783,0,0
BRDA:129,1783,1,0
BRDA:129,1784,0,0
BRDA:129,1784,1,0
BRDA:129,1785,0,0
BRDA:129,1785,1,0
BRDA:129,1786,0,0
BRDA:129,1786,1,0
BRDA:129,1787,0,0
BRDA:129,1787,1,0
BRDA:129,1788,0,0
BRDA:129,1788,1,0
BRDA:129,1789,0,0
BRDA:129,1789,1,0
BRDA:129,1790,0,0
BRDA:129,1790,1,0
BRDA:129,1791,0,0
BRDA:129,1791,1,0
BRDA:129,1792,0,0
BRDA:129,1792,1,0
BRDA:129,1793,0,0
BRDA:129,1793,1,0
BRDA:129,1794,0,0
BRDA:129,1794,1,0
BRDA:129,1795,0,0
BRDA:129,1795,1,2
BRDA:129,1796,0,0
BRDA:129,1796,1,2
BRDA:129,1797,0,2
BRDA:129,1797,1,0
BRDA:129,1798,0,0
BRDA:129,1798,1,0
BRDA:129,1799,0,0
BRDA:129,1799,1,0
BRDA:129,1800,0,0
BRDA:129,1800,1,0
BRDA:129,1801,0,0
BRDA:129,1801,1,0
BRDA:129,1802,0,0
BRDA:129,1802,1,0
BRDA:129,1803,0,0
BRDA:129,1803,1,0
BRDA:129,1804,0,0
BRDA:129,1804,1,0
BRDA:129,1805,0,0
BRDA:129,1805,1,0
BRDA:129,1806,0,0
BRDA:129,1806,1,0
BRDA:129,1806,2,0
BRDA:129,1806,3,0
BRDA:133,1807,0,0
BRDA:133,1807,1,0
BRDA:133,1808,0,0
BRDA:133,1808,1,0
BRDA:133,1809,0,0
BRDA:133,1809,1,0
BRDA:133,1810,0,0
BRDA:133,1810,1,0
BRDA:133,1811,0,0
BRDA:133,1811,1,0
BRDA:133,1812,0,0
BRDA:133,1812,1,0
BRDA:133,1813,0,0
BRDA:133,1813,1,0
BRDA:133,1814,0,0
BRDA:133,1814,1,0
BRDA:133,1815,0,2
BRDA:133,1815,1,2
BRDA:133,1816,0,4
BRDA:133,1816,1,4
BRDA:133,1817,0,4
BRDA:133,1817,1,2
BRDA:133,1818,0,4
BRDA:133,1818,1,0
BRDA:133,1819,0,4
BRDA:133,1819,1,4
BRDA:133,1820,0,4
BRDA:133,1820,1,0
BRDA:133,1821,0,4
BRDA:133,1821,1,4
BRDA:133,1822,0,0
BRDA:133,1822,1,4
BRDA:133,1823,0,0
BRDA:133,1823,1,0
BRDA:133,1824,0,0
BRDA:133,1824,1,0
BRDA:133,1825,0,0
BRDA:133,1825,1,0
BRDA:133,1826,0,0
BRDA:133,1826,1,0
BRDA:133,1827,0,0
BRDA:133,1827,1,0
BRDA:133,1828,0,4
BRDA:133,1828,1,4
BRDA:133,1828,2,4
BRDA:133,1828,3,0
BRDA:133,1829,0,4
BRDA:133,1829,1,2
BRDA:133,1830,0,4
BRDA:133,1830,1,4
BRDA:133,1831,0,4
BRDA:133,1831,1,0
BRDA:133,1832,0,4
BRDA:133,1832,1,0
BRDA:133,1833,0,4
BRDA:133,1833,1,4
BRDA:133,1834,0,0
BRDA:133,1834,1,4
BRDA:133,1835,0,0
BRDA:133,1835,1,4
BRDA:133,1836,0,0
BRDA:133,1836,1,4
BRDA:133,1837,0,0
BRDA:133,1837,1,4
BRDA:133,1838,0,4
BRDA:133,1838,1,4
BRDA:133,1839,0,4
BRDA:133,1839,1,0
BRDA:133,1840,0,4
BRDA:133,1840,1,0
BRDA:133,1841,0,0
BRDA:133,1841,1,0
BRDA:133,1842,0,0
BRDA:133,1842,1,0
BRDA:133,1843,0,4
BRDA:133,1843,1,0
BRDA:133,1844,0,4
BRDA:133,1844,1,4
BRDA:133,1845,0,4
BRDA:133,1845,1,4
BRDA:133,1846,0,0
BRDA:133,1846,1,0
BRDA:133,1847,0,0
BRDA:133,1847,1,0
BRDA:133,1848,0,0
BRDA:133,1848,1,0
BRDA:133,1849,0,0
BRDA:133,1849,1,0
BRDA:133,1850,0,0
BRDA:133,1850,1,0
BRDA:133,1851,0,0
BRDA:133,1851,1,0
BRDA:133,1852,0,0
BRDA:133,1852,1,0
BRDA:133,1853,0,0
BRDA:133,1853,1,0
BRDA:133,1854,0,0
BRDA:133,1854,1,0
BRDA:133,1855,0,0
BRDA:133,1855,1,0
BRDA:133,1856,0,0
BRDA:133,1856,1,0
BRDA:133,1857,0,0
BRDA:133,1857,1,0
BRDA:133,1858,0,0
BRDA:133,1858,1,0
BRDA:133,1859,0,0
BRDA:133,1859,1,0
BRDA:133,1860,0,0
BRDA:133,1860,1,0
BRDA:133,1861,0,0
BRDA:133,1861,1,0
BRDA:133,1862,0,0
BRDA:133,1862,1,0
BRDA:133,1863,0,0
BRDA:133,1863,1,0
BRDA:133,1864,0,0
BRDA:133,1864,1,0
BRDA:133,1865,0,0
BRDA:133,1865,1,0
BRDA:133,1866,0,0
BRDA:133,1866,1,0
BRDA:133,1867,0,0
BRDA:133,1867,1,0
BRDA:133,1868,0,150
BRDA:133,1868,1,150
BRDA:133,1869,0,150
BRDA:133,1869,1,0
BRDA:133,1870,0,150
BRDA:133,1870,1,82
BRDA:133,1871,0,150
BRDA:133,1871,1,0
BRDA:133,1871,2,0
BRDA:133,1872,0,150
BRDA:133,1872,1,0
BRDA:133,1873,0,3
BRDA:133,1873,1,147
BRDA:133,1874,0,150
BRDA:133,1874,1,0
BRDA:134,1875,0,150
BRDA:134,1875,1,0
BRDA:134,1876,0,0
BRDA:134,1876,1,0
BRDA:134,1877,0,0
BRDA:134,1877,1,0
BRDA:134,1878,0,0
BRDA:134,1878,1,0
BRDA:134,1879,0,0
BRDA:134,1879,1,0
BRDA:134,1880,0,2
BRDA:134,1880,1,0
BRF:4000
BRH:711
end_of_record
TN:
SF:src/middleware/auth.js
FN:7,(anonymous_0)
FNF:1
FNH:1
FNDA:24,(anonymous_0)
DA:1,2
DA:2,2
DA:3,2
DA:5,2
DA:7,2
DA:8,24
DA:10,24
DA:12,24
DA:13,2
DA:20,22
DA:22,22
DA:23,0
DA:30,22
DA:33,22
DA:43,22
DA:44,0
DA:51,22
DA:52,22
DA:55,0
DA:56,0
DA:63,2
LF:21
LH:17
BRDA:12,0,0,2
BRDA:12,0,1,22
BRDA:22,1,0,0
BRDA:22,1,1,22
BRDA:43,2,0,0
BRDA:43,2,1,22
BRF:6
BRH:4
end_of_record
TN:
SF:src/middleware/errorHandler.js
FN:3,(anonymous_0)
FN:40,(anonymous_1)
FNF:2
FNH:1
FNDA:4,(anonymous_0)
FNDA:0,(anonymous_1)
DA:1,2
DA:3,2
DA:4,4
DA:5,4
DA:8,4
DA:17,4
DA:18,0
DA:19,0
DA:22,4
DA:23,0
DA:24,0
DA:28,4
DA:29,0
DA:30,0
DA:33,4
DA:34,0
DA:35,0
DA:39,4
DA:40,0
DA:41,0
DA:45,4
DA:46,4
DA:48,4
DA:55,2
LF:24
LH:14
BRDA:17,0,0,0
BRDA:17,0,1,4
BRDA:22,1,0,0
BRDA:22,1,1,4
BRDA:28,2,0,0
BRDA:28,2,1,4
BRDA:33,3,0,0
BRDA:33,3,1,4
BRDA:39,4,0,0
BRDA:39,4,1,4
BRDA:45,5,0,4
BRDA:45,5,1,4
BRDA:46,6,0,4
BRDA:46,6,1,0
BRDA:51,7,0,4
BRDA:51,7,1,0
BRF:16
BRH:9
end_of_record
TN:
SF:src/middleware/validation.js
FN:4,(anonymous_0)
FN:9,(anonymous_1)
FNF:2
FNH:2
FNDA:41,(anonymous_0)
FNDA:4,(anonymous_1)
DA:1,2
DA:4,2
DA:5,41
DA:7,41
DA:8,3
DA:9,3
DA:10,4
DA:11,3
DA:13,4
DA:16,3
DA:22,38
DA:26,2
DA:44,2
DA:56,2
DA:95,2
DA:124,2
DA:132,2
DA:152,2
LF:18
LH:18
BRDA:7,0,0,3
BRDA:7,0,1,38
BRDA:10,1,0,3
BRDA:10,1,1,1
BRF:4
BRH:4
end_of_record
TN:
SF:src/routes/auth.js
FNF:0
FNH:0
DA:1,2
DA:2,2
DA:3,2
DA:4,2
DA:5,2
DA:7,2
DA:10,2
DA:23,2
DA:24,2
DA:27,2
DA:29,2
LF:11
LH:11
BRF:0
BRH:0
end_of_record
TN:
SF:src/routes/tasks.js
FNF:0
FNH:0
DA:1,2
DA:2,2
DA:3,2
DA:9,2
DA:11,2
DA:14,2
DA:17,2
DA:18,2
DA:19,2
DA:20,2
DA:21,2
DA:23,2
LF:12
LH:12
BRF:0
BRH:0
end_of_record
TN:
SF:src/services/authService.js
FN:10,(anonymous_0)
FN:52,(anonymous_1)
FN:86,(anonymous_2)
FN:98,(anonymous_3)
FNF:4
FNH:4
FNDA:16,(anonymous_0)
FNDA:2,(anonymous_1)
FNDA:16,(anonymous_2)
FNDA:22,(anonymous_3)
DA:1,2
DA:2,2
DA:3,2
DA:4,2
DA:6,2
DA:11,16
DA:12,16
DA:14,16
DA:18,16
DA:19,1
DA:23,15
DA:26,15
DA:41,15
DA:43,15
DA:44,15
DA:47,1
DA:48,1
DA:53,2
DA:55,2
DA:59,2
DA:60,0
DA:64,2
DA:66,2
DA:67,1
DA:71,1
DA:74,1
DA:76,1
DA:78,1
DA:81,1
DA:82,1
DA:87,16
DA:99,22
DA:100,22
DA:102,0
DA:103,0
DA:108,2
LF:36
LH:33
BRDA:18,0,0,1
BRDA:18,0,1,15
BRDA:59,1,0,0
BRDA:59,1,1,2
BRDA:66,2,0,1
BRDA:66,2,1,1
BRDA:91,3,0,16
BRDA:91,3,1,0
BRF:8
BRH:6
end_of_record
TN:
SF:src/services/taskService.js
FN:7,(anonymous_0)
FN:58,(anonymous_1)
FN:104,(anonymous_2)
FN:121,(anonymous_3)
FN:148,(anonymous_4)
FN:186,(anonymous_5)
FN:214,(anonymous_6)
FN:224,(anonymous_7)
FNF:8
FNH:8
FNDA:13,(anonymous_0)
FNDA:3,(anonymous_1)
FNDA:6,(anonymous_2)
FNDA:1,(anonymous_3)
FNDA:2,(anonymous_4)
FNDA:1,(anonymous_5)
FNDA:20,(anonymous_6)
FNDA:2,(anonymous_7)
DA:1,2
DA:2,2
DA:4,2
DA:8,13
DA:10,13
DA:12,13
DA:13,13
DA:15,1
DA:16,2
DA:21,2
DA:26,13
DA:48,13
DA:49,13
DA:51,13
DA:53,0
DA:54,0
DA:65,3
DA:67,3
DA:70,3
DA:82,3
DA:83,3
DA:104,6
DA:106,3
DA:116,0
DA:117,0
DA:122,1
DA:123,1
DA:137,1
DA:138,1
DA:141,0
DA:143,1
DA:144,1
DA:149,2
DA:151,2
DA:158,2
DA:159,1
DA:163,1
DA:178,1
DA:179,1
DA:181,1
DA:182,1
DA:187,1
DA:189,1
DA:196,1
DA:197,0
DA:201,1
DA:205,1
DA:206,1
DA:208,0
DA:209,0
DA:215,20
DA:224,2
DA:233,2
LF:53
LH:45
BRDA:13,0,0,1
BRDA:13,0,1,12
BRDA:13,1,0,13
BRDA:13,1,1,1
BRDA:30,2,0,13
BRDA:30,2,1,4
BRDA:31,3,0,13
BRDA:31,3,1,3
BRDA:32,4,0,1
BRDA:32,4,1,12
BRDA:58,5,0,0
BRDA:60,6,0,0
BRDA:61,7,0,0
BRDA:72,8,0,3
BRDA:72,8,1,1
BRDA:73,9,0,3
BRDA:73,9,1,0
BRDA:74,10,0,3
BRDA:74,10,1,0
BRDA:137,11,0,1
BRDA:137,11,1,0
BRDA:158,12,0,1
BRDA:158,12,1,1
BRDA:167,13,0,1
BRDA:167,13,1,0
BRDA:196,14,0,0
BRDA:196,14,1,1
BRDA:224,15,0,20
BRDA:224,15,1,0
BRF:29
BRH:20
end_of_record
TN:
SF:src/utils/logger.js
FN:28,(anonymous_0)
FNF:1
FNH:1
FNDA:91,(anonymous_0)
DA:1,2
DA:4,2
DA:12,2
DA:20,2
DA:24,2
DA:28,91
DA:33,2
DA:59,2
DA:66,2
LF:9
LH:9
BRDA:60,0,0,2
BRDA:60,0,1,0
BRF:2
BRH:1
end_of_record
